[ -344279ms] [ERROR] Blocked script execution in 'about:blank' because the document's frame is sandboxed and the 'allow-scripts' permission is not set. @ https://www.youtube.com/s/_/ytmainappweb/_/js/k=ytmainappweb.kevlar_base.en_US.CV0LBnkYmB0.es5.O/am=AAAAAAGAAAE/d=1/br=1/rs=AGKMywGjfGLd07WkQBca2bB5VcOn5Vh5Pg/m=kevlar_base_module,kevlar_main_module:3747
[  -46505ms] [ERROR] WebSocket connection to 'ws://localhost:3002/_next/webpack-hmr?id=ELLmHQXojhANp4TmECm9Y' failed:  @ chrome-extension://gipfclelhppmafdlajajjkfepiiccnfd/content/console-capture.js:90
[ -333719ms] [WARNING] The resource https://i.ytimg.com/vi/Cdlu4ixHqgo/hqdefault.jpg was preloaded using link preload but not used within a few seconds from the window's load event. Please make sure it has an appropriate `as` value and it is preloaded intentionally. @ https://www.youtube.com/watch?v=Cdlu4ixHqgo:0
[  -41043ms] [ERROR] WebSocket connection to 'ws://localhost:3002/_next/webpack-hmr?id=ELLmHQXojhANp4TmECm9Y' failed:  @ chrome-extension://gipfclelhppmafdlajajjkfepiiccnfd/content/console-capture.js:90
[  -33236ms] [ERROR] WebSocket connection to 'ws://localhost:3002/_next/webpack-hmr?id=ELLmHQXojhANp4TmECm9Y' failed:  @ chrome-extension://gipfclelhppmafdlajajjkfepiiccnfd/content/console-capture.js:90
[ -333718ms] [WARNING] The resource https://rr2---sn-un57enez.c.youtube.com/generate_204 was preloaded using link preload but not used within a few seconds from the window's load event. Please make sure it has an appropriate `as` value and it is preloaded intentionally. @ https://www.youtube.com/watch?v=Cdlu4ixHqgo:0
[ -333718ms] [WARNING] The resource https://rr7---sn-3u-bh2ly.googlevideo.com/generate_204 was preloaded using link preload but not used within a few seconds from the window's load event. Please make sure it has an appropriate `as` value and it is preloaded intentionally. @ https://www.youtube.com/watch?v=Cdlu4ixHqgo:0
[  -28616ms] [ERROR] WebSocket connection to 'ws://localhost:3002/_next/webpack-hmr?id=ELLmHQXojhANp4TmECm9Y' failed:  @ chrome-extension://gipfclelhppmafdlajajjkfepiiccnfd/content/console-capture.js:90
[ -333718ms] [WARNING] The resource https://i.ytimg.com/generate_204 was preloaded using link preload but not used within a few seconds from the window's load event. Please make sure it has an appropriate `as` value and it is preloaded intentionally. @ https://www.youtube.com/watch?v=Cdlu4ixHqgo:0
[  -21002ms] [ERROR] WebSocket connection to 'ws://localhost:3002/_next/webpack-hmr?id=ELLmHQXojhANp4TmECm9Y' failed:  @ chrome-extension://gipfclelhppmafdlajajjkfepiiccnfd/content/console-capture.js:90
[  -12706ms] [ERROR] WebSocket connection to 'ws://localhost:3002/_next/webpack-hmr?id=ELLmHQXojhANp4TmECm9Y' failed:  @ chrome-extension://gipfclelhppmafdlajajjkfepiiccnfd/content/console-capture.js:90
[ -330269ms] [WARNING] The resource https://i.ytimg.com/vi/Cdlu4ixHqgo/hqdefault.jpg was preloaded using link preload but not used within a few seconds from the window's load event. Please make sure it has an appropriate `as` value and it is preloaded intentionally. @ https://www.youtube.com/watch?v=Cdlu4ixHqgo:0
[ -330269ms] [WARNING] The resource https://rr2---sn-un57enez.c.youtube.com/generate_204 was preloaded using link preload but not used within a few seconds from the window's load event. Please make sure it has an appropriate `as` value and it is preloaded intentionally. @ https://www.youtube.com/watch?v=Cdlu4ixHqgo:0
[ -330269ms] [WARNING] The resource https://rr7---sn-3u-bh2ly.googlevideo.com/generate_204 was preloaded using link preload but not used within a few seconds from the window's load event. Please make sure it has an appropriate `as` value and it is preloaded intentionally. @ https://www.youtube.com/watch?v=Cdlu4ixHqgo:0
[ -330269ms] [WARNING] The resource https://i.ytimg.com/generate_204 was preloaded using link preload but not used within a few seconds from the window's load event. Please make sure it has an appropriate `as` value and it is preloaded intentionally. @ https://www.youtube.com/watch?v=Cdlu4ixHqgo:0
[ -324390ms] [WARNING] The resource https://i.ytimg.com/vi/Cdlu4ixHqgo/hqdefault.jpg was preloaded using link preload but not used within a few seconds from the window's load event. Please make sure it has an appropriate `as` value and it is preloaded intentionally. @ https://www.youtube.com/watch?v=Cdlu4ixHqgo:0
[ -324390ms] [WARNING] The resource https://rr2---sn-un57enez.c.youtube.com/generate_204 was preloaded using link preload but not used within a few seconds from the window's load event. Please make sure it has an appropriate `as` value and it is preloaded intentionally. @ https://www.youtube.com/watch?v=Cdlu4ixHqgo:0
[ -324390ms] [WARNING] The resource https://rr7---sn-3u-bh2ly.googlevideo.com/generate_204 was preloaded using link preload but not used within a few seconds from the window's load event. Please make sure it has an appropriate `as` value and it is preloaded intentionally. @ https://www.youtube.com/watch?v=Cdlu4ixHqgo:0
[ -324390ms] [WARNING] The resource https://i.ytimg.com/generate_204 was preloaded using link preload but not used within a few seconds from the window's load event. Please make sure it has an appropriate `as` value and it is preloaded intentionally. @ https://www.youtube.com/watch?v=Cdlu4ixHqgo:0
[ -314337ms] [WARNING] The resource https://i.ytimg.com/vi/Cdlu4ixHqgo/hqdefault.jpg was preloaded using link preload but not used within a few seconds from the window's load event. Please make sure it has an appropriate `as` value and it is preloaded intentionally. @ https://www.youtube.com/watch?v=Cdlu4ixHqgo:0
[ -314337ms] [WARNING] The resource https://rr2---sn-un57enez.c.youtube.com/generate_204 was preloaded using link preload but not used within a few seconds from the window's load event. Please make sure it has an appropriate `as` value and it is preloaded intentionally. @ https://www.youtube.com/watch?v=Cdlu4ixHqgo:0
[ -314337ms] [WARNING] The resource https://rr7---sn-3u-bh2ly.googlevideo.com/generate_204 was preloaded using link preload but not used within a few seconds from the window's load event. Please make sure it has an appropriate `as` value and it is preloaded intentionally. @ https://www.youtube.com/watch?v=Cdlu4ixHqgo:0
[ -314337ms] [WARNING] The resource https://i.ytimg.com/generate_204 was preloaded using link preload but not used within a few seconds from the window's load event. Please make sure it has an appropriate `as` value and it is preloaded intentionally. @ https://www.youtube.com/watch?v=Cdlu4ixHqgo:0
[ -304394ms] [WARNING] The resource https://i.ytimg.com/vi/Cdlu4ixHqgo/hqdefault.jpg was preloaded using link preload but not used within a few seconds from the window's load event. Please make sure it has an appropriate `as` value and it is preloaded intentionally. @ https://www.youtube.com/watch?v=Cdlu4ixHqgo:0
[ -304394ms] [WARNING] The resource https://rr2---sn-un57enez.c.youtube.com/generate_204 was preloaded using link preload but not used within a few seconds from the window's load event. Please make sure it has an appropriate `as` value and it is preloaded intentionally. @ https://www.youtube.com/watch?v=Cdlu4ixHqgo:0
[ -304394ms] [WARNING] The resource https://rr7---sn-3u-bh2ly.googlevideo.com/generate_204 was preloaded using link preload but not used within a few seconds from the window's load event. Please make sure it has an appropriate `as` value and it is preloaded intentionally. @ https://www.youtube.com/watch?v=Cdlu4ixHqgo:0
[ -304394ms] [WARNING] The resource https://i.ytimg.com/generate_204 was preloaded using link preload but not used within a few seconds from the window's load event. Please make sure it has an appropriate `as` value and it is preloaded intentionally. @ https://www.youtube.com/watch?v=Cdlu4ixHqgo:0
[ -248057ms] [WARNING] The resource https://i.ytimg.com/vi/Cdlu4ixHqgo/hqdefault.jpg was preloaded using link preload but not used within a few seconds from the window's load event. Please make sure it has an appropriate `as` value and it is preloaded intentionally. @ https://www.youtube.com/watch?v=Cdlu4ixHqgo:0
[ -248057ms] [WARNING] The resource https://rr2---sn-un57enez.c.youtube.com/generate_204 was preloaded using link preload but not used within a few seconds from the window's load event. Please make sure it has an appropriate `as` value and it is preloaded intentionally. @ https://www.youtube.com/watch?v=Cdlu4ixHqgo:0
[ -248057ms] [WARNING] The resource https://rr7---sn-3u-bh2ly.googlevideo.com/generate_204 was preloaded using link preload but not used within a few seconds from the window's load event. Please make sure it has an appropriate `as` value and it is preloaded intentionally. @ https://www.youtube.com/watch?v=Cdlu4ixHqgo:0
[ -248057ms] [WARNING] The resource https://i.ytimg.com/generate_204 was preloaded using link preload but not used within a few seconds from the window's load event. Please make sure it has an appropriate `as` value and it is preloaded intentionally. @ https://www.youtube.com/watch?v=Cdlu4ixHqgo:0
[ -244795ms] [WARNING] The resource https://i.ytimg.com/vi/Cdlu4ixHqgo/hqdefault.jpg was preloaded using link preload but not used within a few seconds from the window's load event. Please make sure it has an appropriate `as` value and it is preloaded intentionally. @ https://www.youtube.com/watch?v=Cdlu4ixHqgo:0
[ -244795ms] [WARNING] The resource https://rr2---sn-un57enez.c.youtube.com/generate_204 was preloaded using link preload but not used within a few seconds from the window's load event. Please make sure it has an appropriate `as` value and it is preloaded intentionally. @ https://www.youtube.com/watch?v=Cdlu4ixHqgo:0
[ -244795ms] [WARNING] The resource https://rr7---sn-3u-bh2ly.googlevideo.com/generate_204 was preloaded using link preload but not used within a few seconds from the window's load event. Please make sure it has an appropriate `as` value and it is preloaded intentionally. @ https://www.youtube.com/watch?v=Cdlu4ixHqgo:0
[ -244795ms] [WARNING] The resource https://i.ytimg.com/generate_204 was preloaded using link preload but not used within a few seconds from the window's load event. Please make sure it has an appropriate `as` value and it is preloaded intentionally. @ https://www.youtube.com/watch?v=Cdlu4ixHqgo:0
[ -242391ms] [ERROR] requestStorageAccessFor: Permission denied. @ https://www.youtube.com/watch?v=Cdlu4ixHqgo:0
[ -242391ms] [ERROR] requestStorageAccessFor: Permission denied. @ https://www.youtube.com/watch?v=Cdlu4ixHqgo:0
[ -242391ms] [ERROR] requestStorageAccessFor: Permission denied. @ https://www.youtube.com/watch?v=Cdlu4ixHqgo:0
[ -238745ms] [WARNING] The resource https://i.ytimg.com/vi/Cdlu4ixHqgo/hqdefault.jpg was preloaded using link preload but not used within a few seconds from the window's load event. Please make sure it has an appropriate `as` value and it is preloaded intentionally. @ https://www.youtube.com/watch?v=Cdlu4ixHqgo:0
[ -238745ms] [WARNING] The resource https://rr2---sn-un57enez.c.youtube.com/generate_204 was preloaded using link preload but not used within a few seconds from the window's load event. Please make sure it has an appropriate `as` value and it is preloaded intentionally. @ https://www.youtube.com/watch?v=Cdlu4ixHqgo:0
[ -238745ms] [WARNING] The resource https://rr7---sn-3u-bh2ly.googlevideo.com/generate_204 was preloaded using link preload but not used within a few seconds from the window's load event. Please make sure it has an appropriate `as` value and it is preloaded intentionally. @ https://www.youtube.com/watch?v=Cdlu4ixHqgo:0
[ -238745ms] [WARNING] The resource https://i.ytimg.com/generate_204 was preloaded using link preload but not used within a few seconds from the window's load event. Please make sure it has an appropriate `as` value and it is preloaded intentionally. @ https://www.youtube.com/watch?v=Cdlu4ixHqgo:0
[ -234795ms] [WARNING] The resource https://i.ytimg.com/vi/Cdlu4ixHqgo/hqdefault.jpg was preloaded using link preload but not used within a few seconds from the window's load event. Please make sure it has an appropriate `as` value and it is preloaded intentionally. @ https://www.youtube.com/watch?v=Cdlu4ixHqgo:0
[ -234795ms] [WARNING] The resource https://rr2---sn-un57enez.c.youtube.com/generate_204 was preloaded using link preload but not used within a few seconds from the window's load event. Please make sure it has an appropriate `as` value and it is preloaded intentionally. @ https://www.youtube.com/watch?v=Cdlu4ixHqgo:0
[ -234795ms] [WARNING] The resource https://rr7---sn-3u-bh2ly.googlevideo.com/generate_204 was preloaded using link preload but not used within a few seconds from the window's load event. Please make sure it has an appropriate `as` value and it is preloaded intentionally. @ https://www.youtube.com/watch?v=Cdlu4ixHqgo:0
[ -234795ms] [WARNING] The resource https://i.ytimg.com/generate_204 was preloaded using link preload but not used within a few seconds from the window's load event. Please make sure it has an appropriate `as` value and it is preloaded intentionally. @ https://www.youtube.com/watch?v=Cdlu4ixHqgo:0
[ -229796ms] [WARNING] The resource https://i.ytimg.com/vi/Cdlu4ixHqgo/hqdefault.jpg was preloaded using link preload but not used within a few seconds from the window's load event. Please make sure it has an appropriate `as` value and it is preloaded intentionally. @ https://www.youtube.com/watch?v=Cdlu4ixHqgo:0
[ -229796ms] [WARNING] The resource https://rr2---sn-un57enez.c.youtube.com/generate_204 was preloaded using link preload but not used within a few seconds from the window's load event. Please make sure it has an appropriate `as` value and it is preloaded intentionally. @ https://www.youtube.com/watch?v=Cdlu4ixHqgo:0
[ -229796ms] [WARNING] The resource https://rr7---sn-3u-bh2ly.googlevideo.com/generate_204 was preloaded using link preload but not used within a few seconds from the window's load event. Please make sure it has an appropriate `as` value and it is preloaded intentionally. @ https://www.youtube.com/watch?v=Cdlu4ixHqgo:0
[ -229796ms] [WARNING] The resource https://i.ytimg.com/generate_204 was preloaded using link preload but not used within a few seconds from the window's load event. Please make sure it has an appropriate `as` value and it is preloaded intentionally. @ https://www.youtube.com/watch?v=Cdlu4ixHqgo:0
[ -219809ms] [WARNING] The resource https://i.ytimg.com/vi/Cdlu4ixHqgo/hqdefault.jpg was preloaded using link preload but not used within a few seconds from the window's load event. Please make sure it has an appropriate `as` value and it is preloaded intentionally. @ https://www.youtube.com/watch?v=Cdlu4ixHqgo:0
[ -219808ms] [WARNING] The resource https://rr2---sn-un57enez.c.youtube.com/generate_204 was preloaded using link preload but not used within a few seconds from the window's load event. Please make sure it has an appropriate `as` value and it is preloaded intentionally. @ https://www.youtube.com/watch?v=Cdlu4ixHqgo:0
[ -219808ms] [WARNING] The resource https://rr7---sn-3u-bh2ly.googlevideo.com/generate_204 was preloaded using link preload but not used within a few seconds from the window's load event. Please make sure it has an appropriate `as` value and it is preloaded intentionally. @ https://www.youtube.com/watch?v=Cdlu4ixHqgo:0
[ -219808ms] [WARNING] The resource https://i.ytimg.com/generate_204 was preloaded using link preload but not used within a few seconds from the window's load event. Please make sure it has an appropriate `as` value and it is preloaded intentionally. @ https://www.youtube.com/watch?v=Cdlu4ixHqgo:0
[ -178657ms] [WARNING] The resource https://i.ytimg.com/vi/Cdlu4ixHqgo/hqdefault.jpg was preloaded using link preload but not used within a few seconds from the window's load event. Please make sure it has an appropriate `as` value and it is preloaded intentionally. @ https://www.youtube.com/watch?v=Cdlu4ixHqgo:0
[ -178657ms] [WARNING] The resource https://rr2---sn-un57enez.c.youtube.com/generate_204 was preloaded using link preload but not used within a few seconds from the window's load event. Please make sure it has an appropriate `as` value and it is preloaded intentionally. @ https://www.youtube.com/watch?v=Cdlu4ixHqgo:0
[ -178657ms] [WARNING] The resource https://rr7---sn-3u-bh2ly.googlevideo.com/generate_204 was preloaded using link preload but not used within a few seconds from the window's load event. Please make sure it has an appropriate `as` value and it is preloaded intentionally. @ https://www.youtube.com/watch?v=Cdlu4ixHqgo:0
[ -178657ms] [WARNING] The resource https://i.ytimg.com/generate_204 was preloaded using link preload but not used within a few seconds from the window's load event. Please make sure it has an appropriate `as` value and it is preloaded intentionally. @ https://www.youtube.com/watch?v=Cdlu4ixHqgo:0
[     698ms] [ERROR] WebSocket connection to 'ws://localhost:3002/_next/webpack-hmr?id=ELLmHQXojhANp4TmECm9Y' failed:  @ chrome-extension://gipfclelhppmafdlajajjkfepiiccnfd/content/console-capture.js:90
[   10454ms] [ERROR] WebSocket connection to 'ws://localhost:3002/_next/webpack-hmr?id=ELLmHQXojhANp4TmECm9Y' failed:  @ chrome-extension://gipfclelhppmafdlajajjkfepiiccnfd/content/console-capture.js:90
[   21294ms] [ERROR] WebSocket connection to 'ws://localhost:3002/_next/webpack-hmr?id=ELLmHQXojhANp4TmECm9Y' failed:  @ chrome-extension://gipfclelhppmafdlajajjkfepiiccnfd/content/console-capture.js:90
[   32019ms] [ERROR] WebSocket connection to 'ws://localhost:3002/_next/webpack-hmr?id=ELLmHQXojhANp4TmECm9Y' failed:  @ chrome-extension://gipfclelhppmafdlajajjkfepiiccnfd/content/console-capture.js:90
[   43853ms] [ERROR] WebSocket connection to 'ws://localhost:3002/_next/webpack-hmr?id=ELLmHQXojhANp4TmECm9Y' failed:  @ chrome-extension://gipfclelhppmafdlajajjkfepiiccnfd/content/console-capture.js:90
[   52879ms] [ERROR] WebSocket connection to 'ws://localhost:3002/_next/webpack-hmr?id=ELLmHQXojhANp4TmECm9Y' failed:  @ chrome-extension://gipfclelhppmafdlajajjkfepiiccnfd/content/console-capture.js:90
[   61834ms] [ERROR] WebSocket connection to 'ws://localhost:3002/_next/webpack-hmr?id=ELLmHQXojhANp4TmECm9Y' failed:  @ chrome-extension://gipfclelhppmafdlajajjkfepiiccnfd/content/console-capture.js:90
[   66748ms] [ERROR] WebSocket connection to 'ws://localhost:3002/_next/webpack-hmr?id=ELLmHQXojhANp4TmECm9Y' failed:  @ chrome-extension://gipfclelhppmafdlajajjkfepiiccnfd/content/console-capture.js:90
[   73950ms] [ERROR] WebSocket connection to 'ws://localhost:3002/_next/webpack-hmr?id=ELLmHQXojhANp4TmECm9Y' failed:  @ chrome-extension://gipfclelhppmafdlajajjkfepiiccnfd/content/console-capture.js:90
[   76280ms] [WARNING] The resource https://i.ytimg.com/vi/Cdlu4ixHqgo/hqdefault.jpg was preloaded using link preload but not used within a few seconds from the window's load event. Please make sure it has an appropriate `as` value and it is preloaded intentionally. @ https://www.youtube.com/watch?v=Cdlu4ixHqgo:0
[   76280ms] [WARNING] The resource https://rr2---sn-un57enez.c.youtube.com/generate_204 was preloaded using link preload but not used within a few seconds from the window's load event. Please make sure it has an appropriate `as` value and it is preloaded intentionally. @ https://www.youtube.com/watch?v=Cdlu4ixHqgo:0
[   76280ms] [WARNING] The resource https://rr7---sn-3u-bh2ly.googlevideo.com/generate_204 was preloaded using link preload but not used within a few seconds from the window's load event. Please make sure it has an appropriate `as` value and it is preloaded intentionally. @ https://www.youtube.com/watch?v=Cdlu4ixHqgo:0
[   76280ms] [WARNING] The resource https://i.ytimg.com/generate_204 was preloaded using link preload but not used within a few seconds from the window's load event. Please make sure it has an appropriate `as` value and it is preloaded intentionally. @ https://www.youtube.com/watch?v=Cdlu4ixHqgo:0
[   81576ms] [ERROR] WebSocket connection to 'ws://localhost:3002/_next/webpack-hmr?id=ELLmHQXojhANp4TmECm9Y' failed:  @ chrome-extension://gipfclelhppmafdlajajjkfepiiccnfd/content/console-capture.js:90
[   87192ms] [ERROR] WebSocket connection to 'ws://localhost:3002/_next/webpack-hmr?id=ELLmHQXojhANp4TmECm9Y' failed:  @ chrome-extension://gipfclelhppmafdlajajjkfepiiccnfd/content/console-capture.js:90
[   96863ms] [ERROR] WebSocket connection to 'ws://localhost:3002/_next/webpack-hmr?id=ELLmHQXojhANp4TmECm9Y' failed:  @ chrome-extension://gipfclelhppmafdlajajjkfepiiccnfd/content/console-capture.js:90
[  104102ms] [ERROR] WebSocket connection to 'ws://localhost:3002/_next/webpack-hmr?id=ELLmHQXojhANp4TmECm9Y' failed:  @ chrome-extension://gipfclelhppmafdlajajjkfepiiccnfd/content/console-capture.js:90
[  113093ms] [ERROR] WebSocket connection to 'ws://localhost:3002/_next/webpack-hmr?id=ELLmHQXojhANp4TmECm9Y' failed:  @ chrome-extension://gipfclelhppmafdlajajjkfepiiccnfd/content/console-capture.js:90
[  121312ms] [ERROR] WebSocket connection to 'ws://localhost:3002/_next/webpack-hmr?id=ELLmHQXojhANp4TmECm9Y' failed:  @ chrome-extension://gipfclelhppmafdlajajjkfepiiccnfd/content/console-capture.js:90
[  130577ms] [ERROR] WebSocket connection to 'ws://localhost:3002/_next/webpack-hmr?id=ELLmHQXojhANp4TmECm9Y' failed:  @ chrome-extension://gipfclelhppmafdlajajjkfepiiccnfd/content/console-capture.js:90
[  139826ms] [ERROR] WebSocket connection to 'ws://localhost:3002/_next/webpack-hmr?id=ELLmHQXojhANp4TmECm9Y' failed:  @ chrome-extension://gipfclelhppmafdlajajjkfepiiccnfd/content/console-capture.js:90
[  149972ms] [ERROR] WebSocket connection to 'ws://localhost:3002/_next/webpack-hmr?id=ELLmHQXojhANp4TmECm9Y' failed:  @ chrome-extension://gipfclelhppmafdlajajjkfepiiccnfd/content/console-capture.js:90
[  161001ms] [ERROR] WebSocket connection to 'ws://localhost:3002/_next/webpack-hmr?id=ELLmHQXojhANp4TmECm9Y' failed:  @ chrome-extension://gipfclelhppmafdlajajjkfepiiccnfd/content/console-capture.js:90
[  170624ms] [ERROR] WebSocket connection to 'ws://localhost:3002/_next/webpack-hmr?id=ELLmHQXojhANp4TmECm9Y' failed:  @ chrome-extension://gipfclelhppmafdlajajjkfepiiccnfd/content/console-capture.js:90
[  177044ms] [ERROR] WebSocket connection to 'ws://localhost:3002/_next/webpack-hmr?id=ELLmHQXojhANp4TmECm9Y' failed:  @ chrome-extension://gipfclelhppmafdlajajjkfepiiccnfd/content/console-capture.js:90
[  181990ms] [ERROR] WebSocket connection to 'ws://localhost:3002/_next/webpack-hmr?id=ELLmHQXojhANp4TmECm9Y' failed:  @ chrome-extension://gipfclelhppmafdlajajjkfepiiccnfd/content/console-capture.js:90
[  187875ms] [ERROR] WebSocket connection to 'ws://localhost:3002/_next/webpack-hmr?id=ELLmHQXojhANp4TmECm9Y' failed:  @ chrome-extension://gipfclelhppmafdlajajjkfepiiccnfd/content/console-capture.js:90
[  194442ms] [ERROR] WebSocket connection to 'ws://localhost:3002/_next/webpack-hmr?id=ELLmHQXojhANp4TmECm9Y' failed:  @ chrome-extension://gipfclelhppmafdlajajjkfepiiccnfd/content/console-capture.js:90
[  201234ms] [ERROR] WebSocket connection to 'ws://localhost:3002/_next/webpack-hmr?id=ELLmHQXojhANp4TmECm9Y' failed:  @ chrome-extension://gipfclelhppmafdlajajjkfepiiccnfd/content/console-capture.js:90
[  207389ms] [ERROR] WebSocket connection to 'ws://localhost:3002/_next/webpack-hmr?id=ELLmHQXojhANp4TmECm9Y' failed:  @ chrome-extension://gipfclelhppmafdlajajjkfepiiccnfd/content/console-capture.js:90
[  219306ms] [ERROR] WebSocket connection to 'ws://localhost:3002/_next/webpack-hmr?id=ELLmHQXojhANp4TmECm9Y' failed:  @ chrome-extension://gipfclelhppmafdlajajjkfepiiccnfd/content/console-capture.js:90
[  229051ms] [ERROR] WebSocket connection to 'ws://localhost:3002/_next/webpack-hmr?id=ELLmHQXojhANp4TmECm9Y' failed:  @ chrome-extension://gipfclelhppmafdlajajjkfepiiccnfd/content/console-capture.js:90
[  237055ms] [ERROR] WebSocket connection to 'ws://localhost:3002/_next/webpack-hmr?id=ELLmHQXojhANp4TmECm9Y' failed:  @ chrome-extension://gipfclelhppmafdlajajjkfepiiccnfd/content/console-capture.js:90
[  244379ms] [ERROR] WebSocket connection to 'ws://localhost:3002/_next/webpack-hmr?id=ELLmHQXojhANp4TmECm9Y' failed:  @ chrome-extension://gipfclelhppmafdlajajjkfepiiccnfd/content/console-capture.js:90
[  251707ms] [ERROR] WebSocket connection to 'ws://localhost:3002/_next/webpack-hmr?id=ELLmHQXojhANp4TmECm9Y' failed:  @ chrome-extension://gipfclelhppmafdlajajjkfepiiccnfd/content/console-capture.js:90
[  259319ms] [ERROR] WebSocket connection to 'ws://localhost:3002/_next/webpack-hmr?id=ELLmHQXojhANp4TmECm9Y' failed:  @ chrome-extension://gipfclelhppmafdlajajjkfepiiccnfd/content/console-capture.js:90
[  266682ms] [ERROR] WebSocket connection to 'ws://localhost:3002/_next/webpack-hmr?id=ELLmHQXojhANp4TmECm9Y' failed:  @ chrome-extension://gipfclelhppmafdlajajjkfepiiccnfd/content/console-capture.js:90
[  270765ms] [ERROR] WebSocket connection to 'ws://localhost:3002/_next/webpack-hmr?id=ELLmHQXojhANp4TmECm9Y' failed:  @ chrome-extension://gipfclelhppmafdlajajjkfepiiccnfd/content/console-capture.js:90
[  274138ms] [ERROR] WebSocket connection to 'ws://localhost:3002/_next/webpack-hmr?id=ELLmHQXojhANp4TmECm9Y' failed:  @ chrome-extension://gipfclelhppmafdlajajjkfepiiccnfd/content/console-capture.js:90
[  277477ms] [ERROR] WebSocket connection to 'ws://localhost:3002/_next/webpack-hmr?id=ELLmHQXojhANp4TmECm9Y' failed:  @ chrome-extension://gipfclelhppmafdlajajjkfepiiccnfd/content/console-capture.js:90
[  281541ms] [ERROR] WebSocket connection to 'ws://localhost:3002/_next/webpack-hmr?id=ELLmHQXojhANp4TmECm9Y' failed:  @ chrome-extension://gipfclelhppmafdlajajjkfepiiccnfd/content/console-capture.js:90
[  283705ms] [WARNING] The resource https://i.ytimg.com/vi/Cdlu4ixHqgo/hqdefault.jpg was preloaded using link preload but not used within a few seconds from the window's load event. Please make sure it has an appropriate `as` value and it is preloaded intentionally. @ https://www.youtube.com/watch?v=Cdlu4ixHqgo:0
[  283705ms] [WARNING] The resource https://rr2---sn-un57enez.c.youtube.com/generate_204 was preloaded using link preload but not used within a few seconds from the window's load event. Please make sure it has an appropriate `as` value and it is preloaded intentionally. @ https://www.youtube.com/watch?v=Cdlu4ixHqgo:0
[  283705ms] [WARNING] The resource https://rr7---sn-3u-bh2ly.googlevideo.com/generate_204 was preloaded using link preload but not used within a few seconds from the window's load event. Please make sure it has an appropriate `as` value and it is preloaded intentionally. @ https://www.youtube.com/watch?v=Cdlu4ixHqgo:0
[  283705ms] [WARNING] The resource https://i.ytimg.com/generate_204 was preloaded using link preload but not used within a few seconds from the window's load event. Please make sure it has an appropriate `as` value and it is preloaded intentionally. @ https://www.youtube.com/watch?v=Cdlu4ixHqgo:0
[  284900ms] [ERROR] WebSocket connection to 'ws://localhost:3002/_next/webpack-hmr?id=ELLmHQXojhANp4TmECm9Y' failed:  @ chrome-extension://gipfclelhppmafdlajajjkfepiiccnfd/content/console-capture.js:90
[  288318ms] [ERROR] WebSocket connection to 'ws://localhost:3002/_next/webpack-hmr?id=ELLmHQXojhANp4TmECm9Y' failed:  @ chrome-extension://gipfclelhppmafdlajajjkfepiiccnfd/content/console-capture.js:90
