[  -23225ms] [ERROR] WebSocket connection to 'ws://localhost:3002/_next/webpack-hmr?id=ELLmHQXojhANp4TmECm9Y' failed:  @ chrome-extension://gipfclelhppmafdlajajjkfepiiccnfd/content/console-capture.js:90
[ -840886ms] [ERROR] Blocked script execution in 'about:blank' because the document's frame is sandboxed and the 'allow-scripts' permission is not set. @ https://www.youtube.com/s/_/ytmainappweb/_/js/k=ytmainappweb.kevlar_base.en_US.CV0LBnkYmB0.es5.O/am=AAAAAAGAAAE/d=1/br=1/rs=AGKMywGjfGLd07WkQBca2bB5VcOn5Vh5Pg/m=kevlar_base_module,kevlar_main_module:3747
[  -19514ms] [ERROR] WebSocket connection to 'ws://localhost:3002/_next/webpack-hmr?id=ELLmHQXojhANp4TmECm9Y' failed:  @ chrome-extension://gipfclelhppmafdlajajjkfepiiccnfd/content/console-capture.js:90
[ -830326ms] [WARNING] The resource https://i.ytimg.com/vi/Cdlu4ixHqgo/hqdefault.jpg was preloaded using link preload but not used within a few seconds from the window's load event. Please make sure it has an appropriate `as` value and it is preloaded intentionally. @ https://www.youtube.com/watch?v=Cdlu4ixHqgo:0
[  -15298ms] [ERROR] WebSocket connection to 'ws://localhost:3002/_next/webpack-hmr?id=ELLmHQXojhANp4TmECm9Y' failed:  @ chrome-extension://gipfclelhppmafdlajajjkfepiiccnfd/content/console-capture.js:90
[ -830325ms] [WARNING] The resource https://rr2---sn-un57enez.c.youtube.com/generate_204 was preloaded using link preload but not used within a few seconds from the window's load event. Please make sure it has an appropriate `as` value and it is preloaded intentionally. @ https://www.youtube.com/watch?v=Cdlu4ixHqgo:0
[   -7565ms] [ERROR] WebSocket connection to 'ws://localhost:3002/_next/webpack-hmr?id=ELLmHQXojhANp4TmECm9Y' failed:  @ chrome-extension://gipfclelhppmafdlajajjkfepiiccnfd/content/console-capture.js:90
[ -830325ms] [WARNING] The resource https://rr7---sn-3u-bh2ly.googlevideo.com/generate_204 was preloaded using link preload but not used within a few seconds from the window's load event. Please make sure it has an appropriate `as` value and it is preloaded intentionally. @ https://www.youtube.com/watch?v=Cdlu4ixHqgo:0
[ -830325ms] [WARNING] The resource https://i.ytimg.com/generate_204 was preloaded using link preload but not used within a few seconds from the window's load event. Please make sure it has an appropriate `as` value and it is preloaded intentionally. @ https://www.youtube.com/watch?v=Cdlu4ixHqgo:0
[ -826876ms] [WARNING] The resource https://i.ytimg.com/vi/Cdlu4ixHqgo/hqdefault.jpg was preloaded using link preload but not used within a few seconds from the window's load event. Please make sure it has an appropriate `as` value and it is preloaded intentionally. @ https://www.youtube.com/watch?v=Cdlu4ixHqgo:0
[ -826876ms] [WARNING] The resource https://rr2---sn-un57enez.c.youtube.com/generate_204 was preloaded using link preload but not used within a few seconds from the window's load event. Please make sure it has an appropriate `as` value and it is preloaded intentionally. @ https://www.youtube.com/watch?v=Cdlu4ixHqgo:0
[ -826876ms] [WARNING] The resource https://rr7---sn-3u-bh2ly.googlevideo.com/generate_204 was preloaded using link preload but not used within a few seconds from the window's load event. Please make sure it has an appropriate `as` value and it is preloaded intentionally. @ https://www.youtube.com/watch?v=Cdlu4ixHqgo:0
[    -155ms] [ERROR] WebSocket connection to 'ws://localhost:3002/_next/webpack-hmr?id=ELLmHQXojhANp4TmECm9Y' failed:  @ chrome-extension://gipfclelhppmafdlajajjkfepiiccnfd/content/console-capture.js:90
[ -826876ms] [WARNING] The resource https://i.ytimg.com/generate_204 was preloaded using link preload but not used within a few seconds from the window's load event. Please make sure it has an appropriate `as` value and it is preloaded intentionally. @ https://www.youtube.com/watch?v=Cdlu4ixHqgo:0
[ -820997ms] [WARNING] The resource https://i.ytimg.com/vi/Cdlu4ixHqgo/hqdefault.jpg was preloaded using link preload but not used within a few seconds from the window's load event. Please make sure it has an appropriate `as` value and it is preloaded intentionally. @ https://www.youtube.com/watch?v=Cdlu4ixHqgo:0
[ -820997ms] [WARNING] The resource https://rr2---sn-un57enez.c.youtube.com/generate_204 was preloaded using link preload but not used within a few seconds from the window's load event. Please make sure it has an appropriate `as` value and it is preloaded intentionally. @ https://www.youtube.com/watch?v=Cdlu4ixHqgo:0
[ -820997ms] [WARNING] The resource https://rr7---sn-3u-bh2ly.googlevideo.com/generate_204 was preloaded using link preload but not used within a few seconds from the window's load event. Please make sure it has an appropriate `as` value and it is preloaded intentionally. @ https://www.youtube.com/watch?v=Cdlu4ixHqgo:0
[ -820997ms] [WARNING] The resource https://i.ytimg.com/generate_204 was preloaded using link preload but not used within a few seconds from the window's load event. Please make sure it has an appropriate `as` value and it is preloaded intentionally. @ https://www.youtube.com/watch?v=Cdlu4ixHqgo:0
[ -810944ms] [WARNING] The resource https://i.ytimg.com/vi/Cdlu4ixHqgo/hqdefault.jpg was preloaded using link preload but not used within a few seconds from the window's load event. Please make sure it has an appropriate `as` value and it is preloaded intentionally. @ https://www.youtube.com/watch?v=Cdlu4ixHqgo:0
[ -810944ms] [WARNING] The resource https://rr2---sn-un57enez.c.youtube.com/generate_204 was preloaded using link preload but not used within a few seconds from the window's load event. Please make sure it has an appropriate `as` value and it is preloaded intentionally. @ https://www.youtube.com/watch?v=Cdlu4ixHqgo:0
[ -810944ms] [WARNING] The resource https://rr7---sn-3u-bh2ly.googlevideo.com/generate_204 was preloaded using link preload but not used within a few seconds from the window's load event. Please make sure it has an appropriate `as` value and it is preloaded intentionally. @ https://www.youtube.com/watch?v=Cdlu4ixHqgo:0
[ -810944ms] [WARNING] The resource https://i.ytimg.com/generate_204 was preloaded using link preload but not used within a few seconds from the window's load event. Please make sure it has an appropriate `as` value and it is preloaded intentionally. @ https://www.youtube.com/watch?v=Cdlu4ixHqgo:0
[ -801001ms] [WARNING] The resource https://i.ytimg.com/vi/Cdlu4ixHqgo/hqdefault.jpg was preloaded using link preload but not used within a few seconds from the window's load event. Please make sure it has an appropriate `as` value and it is preloaded intentionally. @ https://www.youtube.com/watch?v=Cdlu4ixHqgo:0
[ -801001ms] [WARNING] The resource https://rr2---sn-un57enez.c.youtube.com/generate_204 was preloaded using link preload but not used within a few seconds from the window's load event. Please make sure it has an appropriate `as` value and it is preloaded intentionally. @ https://www.youtube.com/watch?v=Cdlu4ixHqgo:0
[ -801001ms] [WARNING] The resource https://rr7---sn-3u-bh2ly.googlevideo.com/generate_204 was preloaded using link preload but not used within a few seconds from the window's load event. Please make sure it has an appropriate `as` value and it is preloaded intentionally. @ https://www.youtube.com/watch?v=Cdlu4ixHqgo:0
[ -801001ms] [WARNING] The resource https://i.ytimg.com/generate_204 was preloaded using link preload but not used within a few seconds from the window's load event. Please make sure it has an appropriate `as` value and it is preloaded intentionally. @ https://www.youtube.com/watch?v=Cdlu4ixHqgo:0
[ -744664ms] [WARNING] The resource https://i.ytimg.com/vi/Cdlu4ixHqgo/hqdefault.jpg was preloaded using link preload but not used within a few seconds from the window's load event. Please make sure it has an appropriate `as` value and it is preloaded intentionally. @ https://www.youtube.com/watch?v=Cdlu4ixHqgo:0
[ -744664ms] [WARNING] The resource https://rr2---sn-un57enez.c.youtube.com/generate_204 was preloaded using link preload but not used within a few seconds from the window's load event. Please make sure it has an appropriate `as` value and it is preloaded intentionally. @ https://www.youtube.com/watch?v=Cdlu4ixHqgo:0
[ -744664ms] [WARNING] The resource https://rr7---sn-3u-bh2ly.googlevideo.com/generate_204 was preloaded using link preload but not used within a few seconds from the window's load event. Please make sure it has an appropriate `as` value and it is preloaded intentionally. @ https://www.youtube.com/watch?v=Cdlu4ixHqgo:0
[ -744664ms] [WARNING] The resource https://i.ytimg.com/generate_204 was preloaded using link preload but not used within a few seconds from the window's load event. Please make sure it has an appropriate `as` value and it is preloaded intentionally. @ https://www.youtube.com/watch?v=Cdlu4ixHqgo:0
[ -741402ms] [WARNING] The resource https://i.ytimg.com/vi/Cdlu4ixHqgo/hqdefault.jpg was preloaded using link preload but not used within a few seconds from the window's load event. Please make sure it has an appropriate `as` value and it is preloaded intentionally. @ https://www.youtube.com/watch?v=Cdlu4ixHqgo:0
[ -741402ms] [WARNING] The resource https://rr2---sn-un57enez.c.youtube.com/generate_204 was preloaded using link preload but not used within a few seconds from the window's load event. Please make sure it has an appropriate `as` value and it is preloaded intentionally. @ https://www.youtube.com/watch?v=Cdlu4ixHqgo:0
[ -741402ms] [WARNING] The resource https://rr7---sn-3u-bh2ly.googlevideo.com/generate_204 was preloaded using link preload but not used within a few seconds from the window's load event. Please make sure it has an appropriate `as` value and it is preloaded intentionally. @ https://www.youtube.com/watch?v=Cdlu4ixHqgo:0
[ -741402ms] [WARNING] The resource https://i.ytimg.com/generate_204 was preloaded using link preload but not used within a few seconds from the window's load event. Please make sure it has an appropriate `as` value and it is preloaded intentionally. @ https://www.youtube.com/watch?v=Cdlu4ixHqgo:0
[ -738998ms] [ERROR] requestStorageAccessFor: Permission denied. @ https://www.youtube.com/watch?v=Cdlu4ixHqgo:0
[ -738998ms] [ERROR] requestStorageAccessFor: Permission denied. @ https://www.youtube.com/watch?v=Cdlu4ixHqgo:0
[ -738998ms] [ERROR] requestStorageAccessFor: Permission denied. @ https://www.youtube.com/watch?v=Cdlu4ixHqgo:0
[ -735352ms] [WARNING] The resource https://i.ytimg.com/vi/Cdlu4ixHqgo/hqdefault.jpg was preloaded using link preload but not used within a few seconds from the window's load event. Please make sure it has an appropriate `as` value and it is preloaded intentionally. @ https://www.youtube.com/watch?v=Cdlu4ixHqgo:0
[ -735352ms] [WARNING] The resource https://rr2---sn-un57enez.c.youtube.com/generate_204 was preloaded using link preload but not used within a few seconds from the window's load event. Please make sure it has an appropriate `as` value and it is preloaded intentionally. @ https://www.youtube.com/watch?v=Cdlu4ixHqgo:0
[ -735352ms] [WARNING] The resource https://rr7---sn-3u-bh2ly.googlevideo.com/generate_204 was preloaded using link preload but not used within a few seconds from the window's load event. Please make sure it has an appropriate `as` value and it is preloaded intentionally. @ https://www.youtube.com/watch?v=Cdlu4ixHqgo:0
[ -735352ms] [WARNING] The resource https://i.ytimg.com/generate_204 was preloaded using link preload but not used within a few seconds from the window's load event. Please make sure it has an appropriate `as` value and it is preloaded intentionally. @ https://www.youtube.com/watch?v=Cdlu4ixHqgo:0
[ -731402ms] [WARNING] The resource https://i.ytimg.com/vi/Cdlu4ixHqgo/hqdefault.jpg was preloaded using link preload but not used within a few seconds from the window's load event. Please make sure it has an appropriate `as` value and it is preloaded intentionally. @ https://www.youtube.com/watch?v=Cdlu4ixHqgo:0
[ -731402ms] [WARNING] The resource https://rr2---sn-un57enez.c.youtube.com/generate_204 was preloaded using link preload but not used within a few seconds from the window's load event. Please make sure it has an appropriate `as` value and it is preloaded intentionally. @ https://www.youtube.com/watch?v=Cdlu4ixHqgo:0
[ -731402ms] [WARNING] The resource https://rr7---sn-3u-bh2ly.googlevideo.com/generate_204 was preloaded using link preload but not used within a few seconds from the window's load event. Please make sure it has an appropriate `as` value and it is preloaded intentionally. @ https://www.youtube.com/watch?v=Cdlu4ixHqgo:0
[ -731402ms] [WARNING] The resource https://i.ytimg.com/generate_204 was preloaded using link preload but not used within a few seconds from the window's load event. Please make sure it has an appropriate `as` value and it is preloaded intentionally. @ https://www.youtube.com/watch?v=Cdlu4ixHqgo:0
[ -726403ms] [WARNING] The resource https://i.ytimg.com/vi/Cdlu4ixHqgo/hqdefault.jpg was preloaded using link preload but not used within a few seconds from the window's load event. Please make sure it has an appropriate `as` value and it is preloaded intentionally. @ https://www.youtube.com/watch?v=Cdlu4ixHqgo:0
[ -726403ms] [WARNING] The resource https://rr2---sn-un57enez.c.youtube.com/generate_204 was preloaded using link preload but not used within a few seconds from the window's load event. Please make sure it has an appropriate `as` value and it is preloaded intentionally. @ https://www.youtube.com/watch?v=Cdlu4ixHqgo:0
[ -726403ms] [WARNING] The resource https://rr7---sn-3u-bh2ly.googlevideo.com/generate_204 was preloaded using link preload but not used within a few seconds from the window's load event. Please make sure it has an appropriate `as` value and it is preloaded intentionally. @ https://www.youtube.com/watch?v=Cdlu4ixHqgo:0
[ -726403ms] [WARNING] The resource https://i.ytimg.com/generate_204 was preloaded using link preload but not used within a few seconds from the window's load event. Please make sure it has an appropriate `as` value and it is preloaded intentionally. @ https://www.youtube.com/watch?v=Cdlu4ixHqgo:0
[ -716416ms] [WARNING] The resource https://i.ytimg.com/vi/Cdlu4ixHqgo/hqdefault.jpg was preloaded using link preload but not used within a few seconds from the window's load event. Please make sure it has an appropriate `as` value and it is preloaded intentionally. @ https://www.youtube.com/watch?v=Cdlu4ixHqgo:0
[ -716415ms] [WARNING] The resource https://rr2---sn-un57enez.c.youtube.com/generate_204 was preloaded using link preload but not used within a few seconds from the window's load event. Please make sure it has an appropriate `as` value and it is preloaded intentionally. @ https://www.youtube.com/watch?v=Cdlu4ixHqgo:0
[ -716415ms] [WARNING] The resource https://rr7---sn-3u-bh2ly.googlevideo.com/generate_204 was preloaded using link preload but not used within a few seconds from the window's load event. Please make sure it has an appropriate `as` value and it is preloaded intentionally. @ https://www.youtube.com/watch?v=Cdlu4ixHqgo:0
[ -716415ms] [WARNING] The resource https://i.ytimg.com/generate_204 was preloaded using link preload but not used within a few seconds from the window's load event. Please make sure it has an appropriate `as` value and it is preloaded intentionally. @ https://www.youtube.com/watch?v=Cdlu4ixHqgo:0
[ -675264ms] [WARNING] The resource https://i.ytimg.com/vi/Cdlu4ixHqgo/hqdefault.jpg was preloaded using link preload but not used within a few seconds from the window's load event. Please make sure it has an appropriate `as` value and it is preloaded intentionally. @ https://www.youtube.com/watch?v=Cdlu4ixHqgo:0
[ -675264ms] [WARNING] The resource https://rr2---sn-un57enez.c.youtube.com/generate_204 was preloaded using link preload but not used within a few seconds from the window's load event. Please make sure it has an appropriate `as` value and it is preloaded intentionally. @ https://www.youtube.com/watch?v=Cdlu4ixHqgo:0
[ -675264ms] [WARNING] The resource https://rr7---sn-3u-bh2ly.googlevideo.com/generate_204 was preloaded using link preload but not used within a few seconds from the window's load event. Please make sure it has an appropriate `as` value and it is preloaded intentionally. @ https://www.youtube.com/watch?v=Cdlu4ixHqgo:0
[ -675264ms] [WARNING] The resource https://i.ytimg.com/generate_204 was preloaded using link preload but not used within a few seconds from the window's load event. Please make sure it has an appropriate `as` value and it is preloaded intentionally. @ https://www.youtube.com/watch?v=Cdlu4ixHqgo:0
[ -420327ms] [WARNING] The resource https://i.ytimg.com/vi/Cdlu4ixHqgo/hqdefault.jpg was preloaded using link preload but not used within a few seconds from the window's load event. Please make sure it has an appropriate `as` value and it is preloaded intentionally. @ https://www.youtube.com/watch?v=Cdlu4ixHqgo:0
[ -420327ms] [WARNING] The resource https://rr2---sn-un57enez.c.youtube.com/generate_204 was preloaded using link preload but not used within a few seconds from the window's load event. Please make sure it has an appropriate `as` value and it is preloaded intentionally. @ https://www.youtube.com/watch?v=Cdlu4ixHqgo:0
[ -420327ms] [WARNING] The resource https://rr7---sn-3u-bh2ly.googlevideo.com/generate_204 was preloaded using link preload but not used within a few seconds from the window's load event. Please make sure it has an appropriate `as` value and it is preloaded intentionally. @ https://www.youtube.com/watch?v=Cdlu4ixHqgo:0
[ -420327ms] [WARNING] The resource https://i.ytimg.com/generate_204 was preloaded using link preload but not used within a few seconds from the window's load event. Please make sure it has an appropriate `as` value and it is preloaded intentionally. @ https://www.youtube.com/watch?v=Cdlu4ixHqgo:0
[ -212902ms] [WARNING] The resource https://i.ytimg.com/vi/Cdlu4ixHqgo/hqdefault.jpg was preloaded using link preload but not used within a few seconds from the window's load event. Please make sure it has an appropriate `as` value and it is preloaded intentionally. @ https://www.youtube.com/watch?v=Cdlu4ixHqgo:0
[ -212902ms] [WARNING] The resource https://rr2---sn-un57enez.c.youtube.com/generate_204 was preloaded using link preload but not used within a few seconds from the window's load event. Please make sure it has an appropriate `as` value and it is preloaded intentionally. @ https://www.youtube.com/watch?v=Cdlu4ixHqgo:0
[ -212902ms] [WARNING] The resource https://rr7---sn-3u-bh2ly.googlevideo.com/generate_204 was preloaded using link preload but not used within a few seconds from the window's load event. Please make sure it has an appropriate `as` value and it is preloaded intentionally. @ https://www.youtube.com/watch?v=Cdlu4ixHqgo:0
[ -212902ms] [WARNING] The resource https://i.ytimg.com/generate_204 was preloaded using link preload but not used within a few seconds from the window's load event. Please make sure it has an appropriate `as` value and it is preloaded intentionally. @ https://www.youtube.com/watch?v=Cdlu4ixHqgo:0
[ -112715ms] [WARNING] The resource https://i.ytimg.com/vi/Cdlu4ixHqgo/hqdefault.jpg was preloaded using link preload but not used within a few seconds from the window's load event. Please make sure it has an appropriate `as` value and it is preloaded intentionally. @ https://www.youtube.com/watch?v=Cdlu4ixHqgo:0
[ -112715ms] [WARNING] The resource https://rr2---sn-un57enez.c.youtube.com/generate_204 was preloaded using link preload but not used within a few seconds from the window's load event. Please make sure it has an appropriate `as` value and it is preloaded intentionally. @ https://www.youtube.com/watch?v=Cdlu4ixHqgo:0
[ -112715ms] [WARNING] The resource https://rr7---sn-3u-bh2ly.googlevideo.com/generate_204 was preloaded using link preload but not used within a few seconds from the window's load event. Please make sure it has an appropriate `as` value and it is preloaded intentionally. @ https://www.youtube.com/watch?v=Cdlu4ixHqgo:0
[ -112715ms] [WARNING] The resource https://i.ytimg.com/generate_204 was preloaded using link preload but not used within a few seconds from the window's load event. Please make sure it has an appropriate `as` value and it is preloaded intentionally. @ https://www.youtube.com/watch?v=Cdlu4ixHqgo:0
[    7274ms] [ERROR] WebSocket connection to 'ws://localhost:3002/_next/webpack-hmr?id=ELLmHQXojhANp4TmECm9Y' failed:  @ chrome-extension://gipfclelhppmafdlajajjkfepiiccnfd/content/console-capture.js:90
