[  -31973ms] [WARNING] <meta name="apple-mobile-web-app-capable" content="yes"> is deprecated. Please include <meta name="mobile-web-app-capable" content="yes"> @ http://localhost:3013/fleet-radar:0
[  -31656ms] [ERROR] Failed to load resource: net::ERR_CONNECTION_REFUSED @ http://localhost:4747/sessions:0
[  -29669ms] [ERROR] Failed to load resource: net::ERR_CONNECTION_REFUSED @ http://localhost:4747/health:0
[  -13799ms] [ERROR] WebSocket connection to 'ws://localhost:3013/_next/webpack-hmr?id=QXZE0Uty9m2NCDdplECCx' failed:  @ chrome-extension://gipfclelhppmafdlajajjkfepiiccnfd/content/console-capture.js:90
[  -13799ms] [ERROR] Failed to load resource: net::ERR_CONNECTION_REFUSED @ http://localhost:3013/__nextjs_original-stack-frames:0
[  -11324ms] [ERROR] Failed to load resource: net::ERR_CONNECTION_REFUSED @ http://localhost:4747/health:0
[   -9001ms] [ERROR] WebSocket connection to 'ws://localhost:3013/_next/webpack-hmr?id=QXZE0Uty9m2NCDdplECCx' failed:  @ chrome-extension://gipfclelhppmafdlajajjkfepiiccnfd/content/console-capture.js:90
[   -8986ms] [ERROR] Failed to load resource: net::ERR_CONNECTION_REFUSED @ http://localhost:4747/health:0
[   -2829ms] [ERROR] WebSocket connection to 'ws://localhost:3013/_next/webpack-hmr?id=QXZE0Uty9m2NCDdplECCx' failed:  @ chrome-extension://gipfclelhppmafdlajajjkfepiiccnfd/content/console-capture.js:90
[   -1436ms] [ERROR] Failed to load resource: net::ERR_CONNECTION_REFUSED @ http://localhost:4747/health:0
[  -31655ms] [WARNING] [Agentation] Failed to initialize session, using local storage: TypeError: Failed to fetch
    at createSession (http://localhost:3013/_next/static/chunks/node_modules_agentation_dist_index_mjs_a4d7dd5f._.js:2389:28)
    at PageFeedbackToolbarCSS.useEffect2.initSession (http://localhost:3013/_next/static/chunks/node_modules_agentation_dist_index_mjs_a4d7dd5f._.js:3624:51)
    at PageFeedbackToolbarCSS.useEffect2 (http://localhost:3013/_next/static/chunks/node_modules_agentation_dist_index_mjs_a4d7dd5f._.js:3690:13)
    at Object.react_stack_bottom_frame (http://localhost:3013/_next/static/chunks/node_modules_next_dist_compiled_react-dom_1e674e59._.js:14876:22)
    at runWithFiberInDEV (http://localhost:3013/_next/static/chunks/node_modules_next_dist_compiled_react-dom_1e674e59._.js:965:74)
    at commitHookEffectListMount (http://localhost:3013/_next/static/chunks/node_modules_next_dist_compiled_react-dom_1e674e59._.js:7266:167)
    at commitHookPassiveMountEffects (http://localhost:3013/_next/static/chunks/node_modules_next_dist_compiled_react-dom_1e674e59._.js:7301:60)
    at commitPassiveMountOnFiber (http://localhost:3013/_next/static/chunks/node_modules_next_dist_compiled_react-dom_1e674e59._.js:8696:33)
    at recursivelyTraversePassiveMountEffects (http://localhost:3013/_next/static/chunks/node_modules_next_dist_compiled_react-dom_1e674e59._.js:8683:316)
    at commitPassiveMountOnFiber (http://localhost:3013/_next/static/chunks/node_modules_next_dist_compiled_react-dom_1e674e59._.js:8757:17)
    at recursivelyTraversePassiveMountEffects (http://localhost:3013/_next/static/chunks/node_modules_next_dist_compiled_react-dom_1e674e59._.js:8683:316)
    at commitPassiveMountOnFiber (http://localhost:3013/_next/static/chunks/node_modules_next_dist_compiled_react-dom_1e674e59._.js:8757:17)
    at recursivelyTraversePassiveMountEffects (http://localhost:3013/_next/static/chunks/node_modules_next_dist_compiled_react-dom_1e674e59._.js:8683:316)
    at commitPassiveMountOnFiber (http://localhost:3013/_next/static/chunks/node_modules_next_dist_compiled_react-dom_1e674e59._.js:8757:17)
    at recursivelyTraversePassiveMountEffects (http://localhost:3013/_next/static/chunks/node_modules_next_dist_compiled_react-dom_1e674e59._.js:8683:316)
    at commitPassiveMountOnFiber (http://localhost:3013/_next/static/chunks/node_modules_next_dist_compiled_react-dom_1e674e59._.js:8695:17)
    at recursivelyTraversePassiveMountEffects (http://localhost:3013/_next/static/chunks/node_modules_next_dist_compiled_react-dom_1e674e59._.js:8683:316)
    at commitPassiveMountOnFiber (http://localhost:3013/_next/static/chunks/node_modules_next_dist_compiled_react-dom_1e674e59._.js:8695:17)
    at recursivelyTraversePassiveMountEffects (http://localhost:3013/_next/static/chunks/node_modules_next_dist_compiled_react-dom_1e674e59._.js:8683:316)
    at commitPassiveMountOnFiber (http://localhost:3013/_next/static/chunks/node_modules_next_dist_compiled_react-dom_1e674e59._.js:8700:17)
    at recursivelyTraversePassiveMountEffects (http://localhost:3013/_next/static/chunks/node_modules_next_dist_compiled_react-dom_1e674e59._.js:8683:316)
    at commitPassiveMountOnFiber (http://localhost:3013/_next/static/chunks/node_modules_next_dist_compiled_react-dom_1e674e59._.js:8695:17)
    at recursivelyTraversePassiveMountEffects (http://localhost:3013/_next/static/chunks/node_modules_next_dist_compiled_react-dom_1e674e59._.js:8683:316)
    at commitPassiveMountOnFiber (http://localhost:3013/_next/static/chunks/node_modules_next_dist_compiled_react-dom_1e674e59._.js:8700:17)
    at recursivelyTraversePassiveMountEffects (http://localhost:3013/_next/static/chunks/node_modules_next_dist_compiled_react-dom_1e674e59._.js:8683:316)
    at commitPassiveMountOnFiber (http://localhost:3013/_next/static/chunks/node_modules_next_dist_compiled_react-dom_1e674e59._.js:8695:17)
    at recursivelyTraversePassiveMountEffects (http://localhost:3013/_next/static/chunks/node_modules_next_dist_compiled_react-dom_1e674e59._.js:8683:316)
    at commitPassiveMountOnFiber (http://localhost:3013/_next/static/chunks/node_modules_next_dist_compiled_react-dom_1e674e59._.js:8695:17)
    at recursivelyTraversePassiveMountEffects (http://localhost:3013/_next/static/chunks/node_modules_next_dist_compiled_react-dom_1e674e59._.js:8683:316)
    at commitPassiveMountOnFiber (http://localhost:3013/_next/static/chunks/node_modules_next_dist_compiled_react-dom_1e674e59._.js:8700:17)
    at recursivelyTraversePassiveMountEffects (http://localhost:3013/_next/static/chunks/node_modules_next_dist_compiled_react-dom_1e674e59._.js:8683:316)
    at commitPassiveMountOnFiber (http://localhost:3013/_next/static/chunks/node_modules_next_dist_compiled_react-dom_1e674e59._.js:8695:17)
    at recursivelyTraversePassiveMountEffects (http://localhost:3013/_next/static/chunks/node_modules_next_dist_compiled_react-dom_1e674e59._.js:8683:316)
    at commitPassiveMountOnFiber (http://localhost:3013/_next/static/chunks/node_modules_next_dist_compiled_react-dom_1e674e59._.js:8757:17)
    at recursivelyTraversePassiveMountEffects (http://localhost:3013/_next/static/chunks/node_modules_next_dist_compiled_react-dom_1e674e59._.js:8683:316)
    at commitPassiveMountOnFiber (http://localhost:3013/_next/static/chunks/node_modules_next_dist_compiled_react-dom_1e674e59._.js:8757:17)
    at recursivelyTraversePassiveMountEffects (http://localhost:3013/_next/static/chunks/node_modules_next_dist_compiled_react-dom_1e674e59._.js:8683:316)
    at commitPassiveMountOnFiber (http://localhost:3013/_next/static/chunks/node_modules_next_dist_compiled_react-dom_1e674e59._.js:8757:17)
    at recursivelyTraversePassiveMountEffects (http://localhost:3013/_next/static/chunks/node_modules_next_dist_compiled_react-dom_1e674e59._.js:8683:316)
    at commitPassiveMountOnFiber (http://localhost:3013/_next/static/chunks/node_modules_next_dist_compiled_react-dom_1e674e59._.js:8757:17)
    at recursivelyTraversePassiveMountEffects (http://localhost:3013/_next/static/chunks/node_modules_next_dist_compiled_react-dom_1e674e59._.js:8683:316)
    at commitPassiveMountOnFiber (http://localhost:3013/_next/static/chunks/node_modules_next_dist_compiled_react-dom_1e674e59._.js:8757:17)
    at recursivelyTraversePassiveMountEffects (http://localhost:3013/_next/static/chunks/node_modules_next_dist_compiled_react-dom_1e674e59._.js:8683:316)
    at commitPassiveMountOnFiber (http://localhost:3013/_next/static/chunks/node_modules_next_dist_compiled_react-dom_1e674e59._.js:8757:17)
    at recursivelyTraversePassiveMountEffects (http://localhost:3013/_next/static/chunks/node_modules_next_dist_compiled_react-dom_1e674e59._.js:8683:316)
    at commitPassiveMountOnFiber (http://localhost:3013/_next/static/chunks/node_modules_next_dist_compiled_react-dom_1e674e59._.js:8757:17)
    at recursivelyTraversePassiveMountEffects (http://localhost:3013/_next/static/chunks/node_modules_next_dist_compiled_react-dom_1e674e59._.js:8683:316)
    at commitPassiveMountOnFiber (http://localhost:3013/_next/static/chunks/node_modules_next_dist_compiled_react-dom_1e674e59._.js:8695:17)
    at recursivelyTraversePassiveMountEffects (http://localhost:3013/_next/static/chunks/node_modules_next_dist_compiled_react-dom_1e674e59._.js:8683:316)
    at commitPassiveMountOnFiber (http://localhost:3013/_next/static/chunks/node_modules_next_dist_compiled_react-dom_1e674e59._.js:8700:17) @ chrome-extension://gipfclelhppmafdlajajjkfepiiccnfd/content/console-capture.js:67
[      28ms] Error: Map container is already initialized.
    at NewClass._initContainer (http://localhost:3013/_next/static/chunks/node_modules_leaflet_dist_leaflet-src_8608e1e4.js:3445:23)
    at NewClass.initialize (http://localhost:3013/_next/static/chunks/node_modules_leaflet_dist_leaflet-src_8608e1e4.js:2675:18)
    at new NewClass (http://localhost:3013/_next/static/chunks/node_modules_leaflet_dist_leaflet-src_8608e1e4.js:260:33)
    at Module.createMap (http://localhost:3013/_next/static/chunks/node_modules_leaflet_dist_leaflet-src_8608e1e4.js:3979:16)
    at FleetRadar.useEffect (http://localhost:3013/_next/static/chunks/src_d75f95b6._.js:226:29)
[    3405ms] [ERROR] WebSocket connection to 'ws://localhost:3013/_next/webpack-hmr?id=QXZE0Uty9m2NCDdplECCx' failed:  @ chrome-extension://gipfclelhppmafdlajajjkfepiiccnfd/content/console-capture.js:90
[    8573ms] [ERROR] Failed to load resource: net::ERR_CONNECTION_REFUSED @ http://localhost:4747/health:0
[    9559ms] [ERROR] WebSocket connection to 'ws://localhost:3013/_next/webpack-hmr?id=QXZE0Uty9m2NCDdplECCx' failed:  @ chrome-extension://gipfclelhppmafdlajajjkfepiiccnfd/content/console-capture.js:90
[   18558ms] [ERROR] Failed to load resource: net::ERR_CONNECTION_REFUSED @ http://localhost:4747/health:0
[   19603ms] [ERROR] WebSocket connection to 'ws://localhost:3013/_next/webpack-hmr?id=QXZE0Uty9m2NCDdplECCx' failed:  @ chrome-extension://gipfclelhppmafdlajajjkfepiiccnfd/content/console-capture.js:90
[   27393ms] [ERROR] WebSocket connection to 'ws://localhost:3013/_next/webpack-hmr?id=QXZE0Uty9m2NCDdplECCx' failed:  @ chrome-extension://gipfclelhppmafdlajajjkfepiiccnfd/content/console-capture.js:90
[   28550ms] [ERROR] Failed to load resource: net::ERR_CONNECTION_REFUSED @ http://localhost:4747/health:0
[   38009ms] [ERROR] WebSocket connection to 'ws://localhost:3013/_next/webpack-hmr?id=QXZE0Uty9m2NCDdplECCx' failed:  @ chrome-extension://gipfclelhppmafdlajajjkfepiiccnfd/content/console-capture.js:90
[   38568ms] [ERROR] Failed to load resource: net::ERR_CONNECTION_REFUSED @ http://localhost:4747/health:0
[   48576ms] [ERROR] Failed to load resource: net::ERR_CONNECTION_REFUSED @ http://localhost:4747/health:0
[   49561ms] [ERROR] WebSocket connection to 'ws://localhost:3013/_next/webpack-hmr?id=QXZE0Uty9m2NCDdplECCx' failed:  @ chrome-extension://gipfclelhppmafdlajajjkfepiiccnfd/content/console-capture.js:90
[   58563ms] [ERROR] Failed to load resource: net::ERR_CONNECTION_REFUSED @ http://localhost:4747/health:0
[   63075ms] [ERROR] WebSocket connection to 'ws://localhost:3013/_next/webpack-hmr?id=QXZE0Uty9m2NCDdplECCx' failed:  @ chrome-extension://gipfclelhppmafdlajajjkfepiiccnfd/content/console-capture.js:90
[   68568ms] [ERROR] Failed to load resource: net::ERR_CONNECTION_REFUSED @ http://localhost:4747/health:0
[   73200ms] [ERROR] WebSocket connection to 'ws://localhost:3013/_next/webpack-hmr?id=QXZE0Uty9m2NCDdplECCx' failed:  @ chrome-extension://gipfclelhppmafdlajajjkfepiiccnfd/content/console-capture.js:90
[   78091ms] [ERROR] Failed to load resource: net::ERR_CONNECTION_REFUSED @ http://localhost:4747/health:0
[   82360ms] [ERROR] WebSocket connection to 'ws://localhost:3013/_next/webpack-hmr?id=QXZE0Uty9m2NCDdplECCx' failed:  @ chrome-extension://gipfclelhppmafdlajajjkfepiiccnfd/content/console-capture.js:90
[   88121ms] [ERROR] Failed to load resource: net::ERR_CONNECTION_REFUSED @ http://localhost:4747/health:0
[   93888ms] [ERROR] WebSocket connection to 'ws://localhost:3013/_next/webpack-hmr?id=QXZE0Uty9m2NCDdplECCx' failed:  @ chrome-extension://gipfclelhppmafdlajajjkfepiiccnfd/content/console-capture.js:90
[   94036ms] [WARNING] <meta name="apple-mobile-web-app-capable" content="yes"> is deprecated. Please include <meta name="mobile-web-app-capable" content="yes"> @ http://localhost:3013/fleet-radar:0
[   94225ms] Error: Map container is already initialized.
    at NewClass._initContainer (http://localhost:3013/_next/static/chunks/node_modules_leaflet_dist_leaflet-src_8608e1e4.js:3445:23)
    at NewClass.initialize (http://localhost:3013/_next/static/chunks/node_modules_leaflet_dist_leaflet-src_8608e1e4.js:2675:18)
    at new NewClass (http://localhost:3013/_next/static/chunks/node_modules_leaflet_dist_leaflet-src_8608e1e4.js:260:33)
    at Module.createMap (http://localhost:3013/_next/static/chunks/node_modules_leaflet_dist_leaflet-src_8608e1e4.js:3979:16)
    at FleetRadar.useEffect (http://localhost:3013/_next/static/chunks/src_d75f95b6._.js:226:29)
[   96351ms] [ERROR] Failed to load resource: net::ERR_CONNECTION_REFUSED @ http://localhost:4747/sessions:0
[   96352ms] [WARNING] [Agentation] Failed to initialize session, using local storage: TypeError: Failed to fetch
    at createSession (http://localhost:3013/_next/static/chunks/node_modules_agentation_dist_index_mjs_a4d7dd5f._.js:2389:28)
    at PageFeedbackToolbarCSS.useEffect2.initSession (http://localhost:3013/_next/static/chunks/node_modules_agentation_dist_index_mjs_a4d7dd5f._.js:3624:51)
    at PageFeedbackToolbarCSS.useEffect2 (http://localhost:3013/_next/static/chunks/node_modules_agentation_dist_index_mjs_a4d7dd5f._.js:3690:13)
    at Object.react_stack_bottom_frame (http://localhost:3013/_next/static/chunks/node_modules_next_dist_compiled_react-dom_1e674e59._.js:14876:22)
    at runWithFiberInDEV (http://localhost:3013/_next/static/chunks/node_modules_next_dist_compiled_react-dom_1e674e59._.js:965:74)
    at commitHookEffectListMount (http://localhost:3013/_next/static/chunks/node_modules_next_dist_compiled_react-dom_1e674e59._.js:7266:167)
    at commitHookPassiveMountEffects (http://localhost:3013/_next/static/chunks/node_modules_next_dist_compiled_react-dom_1e674e59._.js:7301:60)
    at commitPassiveMountOnFiber (http://localhost:3013/_next/static/chunks/node_modules_next_dist_compiled_react-dom_1e674e59._.js:8696:33)
    at recursivelyTraversePassiveMountEffects (http://localhost:3013/_next/static/chunks/node_modules_next_dist_compiled_react-dom_1e674e59._.js:8683:316)
    at commitPassiveMountOnFiber (http://localhost:3013/_next/static/chunks/node_modules_next_dist_compiled_react-dom_1e674e59._.js:8757:17)
    at recursivelyTraversePassiveMountEffects (http://localhost:3013/_next/static/chunks/node_modules_next_dist_compiled_react-dom_1e674e59._.js:8683:316)
    at commitPassiveMountOnFiber (http://localhost:3013/_next/static/chunks/node_modules_next_dist_compiled_react-dom_1e674e59._.js:8757:17)
    at recursivelyTraversePassiveMountEffects (http://localhost:3013/_next/static/chunks/node_modules_next_dist_compiled_react-dom_1e674e59._.js:8683:316)
    at commitPassiveMountOnFiber (http://localhost:3013/_next/static/chunks/node_modules_next_dist_compiled_react-dom_1e674e59._.js:8757:17)
    at recursivelyTraversePassiveMountEffects (http://localhost:3013/_next/static/chunks/node_modules_next_dist_compiled_react-dom_1e674e59._.js:8683:316)
    at commitPassiveMountOnFiber (http://localhost:3013/_next/static/chunks/node_modules_next_dist_compiled_react-dom_1e674e59._.js:8695:17)
    at recursivelyTraversePassiveMountEffects (http://localhost:3013/_next/static/chunks/node_modules_next_dist_compiled_react-dom_1e674e59._.js:8683:316)
    at commitPassiveMountOnFiber (http://localhost:3013/_next/static/chunks/node_modules_next_dist_compiled_react-dom_1e674e59._.js:8695:17)
    at recursivelyTraversePassiveMountEffects (http://localhost:3013/_next/static/chunks/node_modules_next_dist_compiled_react-dom_1e674e59._.js:8683:316)
    at commitPassiveMountOnFiber (http://localhost:3013/_next/static/chunks/node_modules_next_dist_compiled_react-dom_1e674e59._.js:8700:17)
    at recursivelyTraversePassiveMountEffects (http://localhost:3013/_next/static/chunks/node_modules_next_dist_compiled_react-dom_1e674e59._.js:8683:316)
    at commitPassiveMountOnFiber (http://localhost:3013/_next/static/chunks/node_modules_next_dist_compiled_react-dom_1e674e59._.js:8695:17)
    at recursivelyTraversePassiveMountEffects (http://localhost:3013/_next/static/chunks/node_modules_next_dist_compiled_react-dom_1e674e59._.js:8683:316)
    at commitPassiveMountOnFiber (http://localhost:3013/_next/static/chunks/node_modules_next_dist_compiled_react-dom_1e674e59._.js:8700:17)
    at recursivelyTraversePassiveMountEffects (http://localhost:3013/_next/static/chunks/node_modules_next_dist_compiled_react-dom_1e674e59._.js:8683:316)
    at commitPassiveMountOnFiber (http://localhost:3013/_next/static/chunks/node_modules_next_dist_compiled_react-dom_1e674e59._.js:8695:17)
    at recursivelyTraversePassiveMountEffects (http://localhost:3013/_next/static/chunks/node_modules_next_dist_compiled_react-dom_1e674e59._.js:8683:316)
    at commitPassiveMountOnFiber (http://localhost:3013/_next/static/chunks/node_modules_next_dist_compiled_react-dom_1e674e59._.js:8695:17)
    at recursivelyTraversePassiveMountEffects (http://localhost:3013/_next/static/chunks/node_modules_next_dist_compiled_react-dom_1e674e59._.js:8683:316)
    at commitPassiveMountOnFiber (http://localhost:3013/_next/static/chunks/node_modules_next_dist_compiled_react-dom_1e674e59._.js:8700:17)
    at recursivelyTraversePassiveMountEffects (http://localhost:3013/_next/static/chunks/node_modules_next_dist_compiled_react-dom_1e674e59._.js:8683:316)
    at commitPassiveMountOnFiber (http://localhost:3013/_next/static/chunks/node_modules_next_dist_compiled_react-dom_1e674e59._.js:8695:17)
    at recursivelyTraversePassiveMountEffects (http://localhost:3013/_next/static/chunks/node_modules_next_dist_compiled_react-dom_1e674e59._.js:8683:316)
    at commitPassiveMountOnFiber (http://localhost:3013/_next/static/chunks/node_modules_next_dist_compiled_react-dom_1e674e59._.js:8757:17)
    at recursivelyTraversePassiveMountEffects (http://localhost:3013/_next/static/chunks/node_modules_next_dist_compiled_react-dom_1e674e59._.js:8683:316)
    at commitPassiveMountOnFiber (http://localhost:3013/_next/static/chunks/node_modules_next_dist_compiled_react-dom_1e674e59._.js:8757:17)
    at recursivelyTraversePassiveMountEffects (http://localhost:3013/_next/static/chunks/node_modules_next_dist_compiled_react-dom_1e674e59._.js:8683:316)
    at commitPassiveMountOnFiber (http://localhost:3013/_next/static/chunks/node_modules_next_dist_compiled_react-dom_1e674e59._.js:8757:17)
    at recursivelyTraversePassiveMountEffects (http://localhost:3013/_next/static/chunks/node_modules_next_dist_compiled_react-dom_1e674e59._.js:8683:316)
    at commitPassiveMountOnFiber (http://localhost:3013/_next/static/chunks/node_modules_next_dist_compiled_react-dom_1e674e59._.js:8757:17)
    at recursivelyTraversePassiveMountEffects (http://localhost:3013/_next/static/chunks/node_modules_next_dist_compiled_react-dom_1e674e59._.js:8683:316)
    at commitPassiveMountOnFiber (http://localhost:3013/_next/static/chunks/node_modules_next_dist_compiled_react-dom_1e674e59._.js:8757:17)
    at recursivelyTraversePassiveMountEffects (http://localhost:3013/_next/static/chunks/node_modules_next_dist_compiled_react-dom_1e674e59._.js:8683:316)
    at commitPassiveMountOnFiber (http://localhost:3013/_next/static/chunks/node_modules_next_dist_compiled_react-dom_1e674e59._.js:8757:17)
    at recursivelyTraversePassiveMountEffects (http://localhost:3013/_next/static/chunks/node_modules_next_dist_compiled_react-dom_1e674e59._.js:8683:316)
    at commitPassiveMountOnFiber (http://localhost:3013/_next/static/chunks/node_modules_next_dist_compiled_react-dom_1e674e59._.js:8757:17)
    at recursivelyTraversePassiveMountEffects (http://localhost:3013/_next/static/chunks/node_modules_next_dist_compiled_react-dom_1e674e59._.js:8683:316)
    at commitPassiveMountOnFiber (http://localhost:3013/_next/static/chunks/node_modules_next_dist_compiled_react-dom_1e674e59._.js:8695:17)
    at recursivelyTraversePassiveMountEffects (http://localhost:3013/_next/static/chunks/node_modules_next_dist_compiled_react-dom_1e674e59._.js:8683:316)
    at commitPassiveMountOnFiber (http://localhost:3013/_next/static/chunks/node_modules_next_dist_compiled_react-dom_1e674e59._.js:8700:17) @ chrome-extension://gipfclelhppmafdlajajjkfepiiccnfd/content/console-capture.js:67
[   96368ms] [ERROR] Failed to load resource: net::ERR_CONNECTION_REFUSED @ http://localhost:4747/health:0
[   98545ms] [ERROR] Failed to load resource: net::ERR_CONNECTION_REFUSED @ http://localhost:3013/__nextjs_original-stack-frames:0
[   99996ms] [ERROR] WebSocket connection to 'ws://localhost:3013/_next/webpack-hmr?id=QXZE0Uty9m2NCDdplECCx' failed:  @ chrome-extension://gipfclelhppmafdlajajjkfepiiccnfd/content/console-capture.js:90
[  106129ms] [ERROR] WebSocket connection to 'ws://localhost:3013/_next/webpack-hmr?id=QXZE0Uty9m2NCDdplECCx' failed:  @ chrome-extension://gipfclelhppmafdlajajjkfepiiccnfd/content/console-capture.js:90
[  106387ms] [ERROR] Failed to load resource: net::ERR_CONNECTION_REFUSED @ http://localhost:4747/health:0
[  111723ms] [ERROR] WebSocket connection to 'ws://localhost:3013/_next/webpack-hmr?id=QXZE0Uty9m2NCDdplECCx' failed:  @ chrome-extension://gipfclelhppmafdlajajjkfepiiccnfd/content/console-capture.js:90
[  116508ms] [ERROR] Failed to load resource: net::ERR_CONNECTION_REFUSED @ http://localhost:4747/health:0
[  121397ms] [ERROR] WebSocket connection to 'ws://localhost:3013/_next/webpack-hmr?id=QXZE0Uty9m2NCDdplECCx' failed:  @ chrome-extension://gipfclelhppmafdlajajjkfepiiccnfd/content/console-capture.js:90
[  126525ms] [ERROR] Failed to load resource: net::ERR_CONNECTION_REFUSED @ http://localhost:4747/health:0
[  130363ms] [ERROR] WebSocket connection to 'ws://localhost:3013/_next/webpack-hmr?id=QXZE0Uty9m2NCDdplECCx' failed:  @ chrome-extension://gipfclelhppmafdlajajjkfepiiccnfd/content/console-capture.js:90
[  135444ms] [ERROR] WebSocket connection to 'ws://localhost:3013/_next/webpack-hmr?id=QXZE0Uty9m2NCDdplECCx' failed:  @ chrome-extension://gipfclelhppmafdlajajjkfepiiccnfd/content/console-capture.js:90
[  136533ms] [ERROR] Failed to load resource: net::ERR_CONNECTION_REFUSED @ http://localhost:4747/health:0
[  142772ms] [ERROR] WebSocket connection to 'ws://localhost:3013/_next/webpack-hmr?id=QXZE0Uty9m2NCDdplECCx' failed:  @ chrome-extension://gipfclelhppmafdlajajjkfepiiccnfd/content/console-capture.js:90
[  146523ms] [ERROR] Failed to load resource: net::ERR_CONNECTION_REFUSED @ http://localhost:4747/health:0
[  150097ms] [ERROR] WebSocket connection to 'ws://localhost:3013/_next/webpack-hmr?id=QXZE0Uty9m2NCDdplECCx' failed:  @ chrome-extension://gipfclelhppmafdlajajjkfepiiccnfd/content/console-capture.js:90
[  156531ms] [ERROR] Failed to load resource: net::ERR_CONNECTION_REFUSED @ http://localhost:4747/health:0
[  157442ms] [ERROR] WebSocket connection to 'ws://localhost:3013/_next/webpack-hmr?id=QXZE0Uty9m2NCDdplECCx' failed:  @ chrome-extension://gipfclelhppmafdlajajjkfepiiccnfd/content/console-capture.js:90
[  166226ms] [ERROR] WebSocket connection to 'ws://localhost:3013/_next/webpack-hmr?id=QXZE0Uty9m2NCDdplECCx' failed:  @ chrome-extension://gipfclelhppmafdlajajjkfepiiccnfd/content/console-capture.js:90
[  166590ms] [ERROR] Failed to load resource: net::ERR_CONNECTION_REFUSED @ http://localhost:4747/health:0
[  174741ms] [ERROR] WebSocket connection to 'ws://localhost:3013/_next/webpack-hmr?id=QXZE0Uty9m2NCDdplECCx' failed:  @ chrome-extension://gipfclelhppmafdlajajjkfepiiccnfd/content/console-capture.js:90
[  176636ms] [ERROR] Failed to load resource: net::ERR_CONNECTION_REFUSED @ http://localhost:4747/health:0
[  184015ms] [ERROR] WebSocket connection to 'ws://localhost:3013/_next/webpack-hmr?id=QXZE0Uty9m2NCDdplECCx' failed:  @ chrome-extension://gipfclelhppmafdlajajjkfepiiccnfd/content/console-capture.js:90
[  186624ms] [ERROR] Failed to load resource: net::ERR_CONNECTION_REFUSED @ http://localhost:4747/health:0
[  193196ms] [ERROR] WebSocket connection to 'ws://localhost:3013/_next/webpack-hmr?id=QXZE0Uty9m2NCDdplECCx' failed:  @ chrome-extension://gipfclelhppmafdlajajjkfepiiccnfd/content/console-capture.js:90
[  193342ms] [WARNING] <meta name="apple-mobile-web-app-capable" content="yes"> is deprecated. Please include <meta name="mobile-web-app-capable" content="yes"> @ http://localhost:3013/fleet-radar:0
[  193530ms] Error: Map container is already initialized.
    at NewClass._initContainer (http://localhost:3013/_next/static/chunks/node_modules_leaflet_dist_leaflet-src_8608e1e4.js:3445:23)
    at NewClass.initialize (http://localhost:3013/_next/static/chunks/node_modules_leaflet_dist_leaflet-src_8608e1e4.js:2675:18)
    at new NewClass (http://localhost:3013/_next/static/chunks/node_modules_leaflet_dist_leaflet-src_8608e1e4.js:260:33)
    at Module.createMap (http://localhost:3013/_next/static/chunks/node_modules_leaflet_dist_leaflet-src_8608e1e4.js:3979:16)
    at FleetRadar.useEffect (http://localhost:3013/_next/static/chunks/src_d75f95b6._.js:226:29)
[  194518ms] [ERROR] Failed to load resource: net::ERR_CONNECTION_REFUSED @ http://localhost:4747/sessions:0
[  194518ms] [WARNING] [Agentation] Failed to initialize session, using local storage: TypeError: Failed to fetch
    at createSession (http://localhost:3013/_next/static/chunks/node_modules_agentation_dist_index_mjs_a4d7dd5f._.js:2389:28)
    at PageFeedbackToolbarCSS.useEffect2.initSession (http://localhost:3013/_next/static/chunks/node_modules_agentation_dist_index_mjs_a4d7dd5f._.js:3624:51)
    at PageFeedbackToolbarCSS.useEffect2 (http://localhost:3013/_next/static/chunks/node_modules_agentation_dist_index_mjs_a4d7dd5f._.js:3690:13)
    at Object.react_stack_bottom_frame (http://localhost:3013/_next/static/chunks/node_modules_next_dist_compiled_react-dom_1e674e59._.js:14876:22)
    at runWithFiberInDEV (http://localhost:3013/_next/static/chunks/node_modules_next_dist_compiled_react-dom_1e674e59._.js:965:74)
    at commitHookEffectListMount (http://localhost:3013/_next/static/chunks/node_modules_next_dist_compiled_react-dom_1e674e59._.js:7266:167)
    at commitHookPassiveMountEffects (http://localhost:3013/_next/static/chunks/node_modules_next_dist_compiled_react-dom_1e674e59._.js:7301:60)
    at commitPassiveMountOnFiber (http://localhost:3013/_next/static/chunks/node_modules_next_dist_compiled_react-dom_1e674e59._.js:8696:33)
    at recursivelyTraversePassiveMountEffects (http://localhost:3013/_next/static/chunks/node_modules_next_dist_compiled_react-dom_1e674e59._.js:8683:316)
    at commitPassiveMountOnFiber (http://localhost:3013/_next/static/chunks/node_modules_next_dist_compiled_react-dom_1e674e59._.js:8757:17)
    at recursivelyTraversePassiveMountEffects (http://localhost:3013/_next/static/chunks/node_modules_next_dist_compiled_react-dom_1e674e59._.js:8683:316)
    at commitPassiveMountOnFiber (http://localhost:3013/_next/static/chunks/node_modules_next_dist_compiled_react-dom_1e674e59._.js:8757:17)
    at recursivelyTraversePassiveMountEffects (http://localhost:3013/_next/static/chunks/node_modules_next_dist_compiled_react-dom_1e674e59._.js:8683:316)
    at commitPassiveMountOnFiber (http://localhost:3013/_next/static/chunks/node_modules_next_dist_compiled_react-dom_1e674e59._.js:8757:17)
    at recursivelyTraversePassiveMountEffects (http://localhost:3013/_next/static/chunks/node_modules_next_dist_compiled_react-dom_1e674e59._.js:8683:316)
    at commitPassiveMountOnFiber (http://localhost:3013/_next/static/chunks/node_modules_next_dist_compiled_react-dom_1e674e59._.js:8695:17)
    at recursivelyTraversePassiveMountEffects (http://localhost:3013/_next/static/chunks/node_modules_next_dist_compiled_react-dom_1e674e59._.js:8683:316)
    at commitPassiveMountOnFiber (http://localhost:3013/_next/static/chunks/node_modules_next_dist_compiled_react-dom_1e674e59._.js:8695:17)
    at recursivelyTraversePassiveMountEffects (http://localhost:3013/_next/static/chunks/node_modules_next_dist_compiled_react-dom_1e674e59._.js:8683:316)
    at commitPassiveMountOnFiber (http://localhost:3013/_next/static/chunks/node_modules_next_dist_compiled_react-dom_1e674e59._.js:8700:17)
    at recursivelyTraversePassiveMountEffects (http://localhost:3013/_next/static/chunks/node_modules_next_dist_compiled_react-dom_1e674e59._.js:8683:316)
    at commitPassiveMountOnFiber (http://localhost:3013/_next/static/chunks/node_modules_next_dist_compiled_react-dom_1e674e59._.js:8695:17)
    at recursivelyTraversePassiveMountEffects (http://localhost:3013/_next/static/chunks/node_modules_next_dist_compiled_react-dom_1e674e59._.js:8683:316)
    at commitPassiveMountOnFiber (http://localhost:3013/_next/static/chunks/node_modules_next_dist_compiled_react-dom_1e674e59._.js:8700:17)
    at recursivelyTraversePassiveMountEffects (http://localhost:3013/_next/static/chunks/node_modules_next_dist_compiled_react-dom_1e674e59._.js:8683:316)
    at commitPassiveMountOnFiber (http://localhost:3013/_next/static/chunks/node_modules_next_dist_compiled_react-dom_1e674e59._.js:8695:17)
    at recursivelyTraversePassiveMountEffects (http://localhost:3013/_next/static/chunks/node_modules_next_dist_compiled_react-dom_1e674e59._.js:8683:316)
    at commitPassiveMountOnFiber (http://localhost:3013/_next/static/chunks/node_modules_next_dist_compiled_react-dom_1e674e59._.js:8695:17)
    at recursivelyTraversePassiveMountEffects (http://localhost:3013/_next/static/chunks/node_modules_next_dist_compiled_react-dom_1e674e59._.js:8683:316)
    at commitPassiveMountOnFiber (http://localhost:3013/_next/static/chunks/node_modules_next_dist_compiled_react-dom_1e674e59._.js:8700:17)
    at recursivelyTraversePassiveMountEffects (http://localhost:3013/_next/static/chunks/node_modules_next_dist_compiled_react-dom_1e674e59._.js:8683:316)
    at commitPassiveMountOnFiber (http://localhost:3013/_next/static/chunks/node_modules_next_dist_compiled_react-dom_1e674e59._.js:8695:17)
    at recursivelyTraversePassiveMountEffects (http://localhost:3013/_next/static/chunks/node_modules_next_dist_compiled_react-dom_1e674e59._.js:8683:316)
    at commitPassiveMountOnFiber (http://localhost:3013/_next/static/chunks/node_modules_next_dist_compiled_react-dom_1e674e59._.js:8757:17)
    at recursivelyTraversePassiveMountEffects (http://localhost:3013/_next/static/chunks/node_modules_next_dist_compiled_react-dom_1e674e59._.js:8683:316)
    at commitPassiveMountOnFiber (http://localhost:3013/_next/static/chunks/node_modules_next_dist_compiled_react-dom_1e674e59._.js:8757:17)
    at recursivelyTraversePassiveMountEffects (http://localhost:3013/_next/static/chunks/node_modules_next_dist_compiled_react-dom_1e674e59._.js:8683:316)
    at commitPassiveMountOnFiber (http://localhost:3013/_next/static/chunks/node_modules_next_dist_compiled_react-dom_1e674e59._.js:8757:17)
    at recursivelyTraversePassiveMountEffects (http://localhost:3013/_next/static/chunks/node_modules_next_dist_compiled_react-dom_1e674e59._.js:8683:316)
    at commitPassiveMountOnFiber (http://localhost:3013/_next/static/chunks/node_modules_next_dist_compiled_react-dom_1e674e59._.js:8757:17)
    at recursivelyTraversePassiveMountEffects (http://localhost:3013/_next/static/chunks/node_modules_next_dist_compiled_react-dom_1e674e59._.js:8683:316)
    at commitPassiveMountOnFiber (http://localhost:3013/_next/static/chunks/node_modules_next_dist_compiled_react-dom_1e674e59._.js:8757:17)
    at recursivelyTraversePassiveMountEffects (http://localhost:3013/_next/static/chunks/node_modules_next_dist_compiled_react-dom_1e674e59._.js:8683:316)
    at commitPassiveMountOnFiber (http://localhost:3013/_next/static/chunks/node_modules_next_dist_compiled_react-dom_1e674e59._.js:8757:17)
    at recursivelyTraversePassiveMountEffects (http://localhost:3013/_next/static/chunks/node_modules_next_dist_compiled_react-dom_1e674e59._.js:8683:316)
    at commitPassiveMountOnFiber (http://localhost:3013/_next/static/chunks/node_modules_next_dist_compiled_react-dom_1e674e59._.js:8757:17)
    at recursivelyTraversePassiveMountEffects (http://localhost:3013/_next/static/chunks/node_modules_next_dist_compiled_react-dom_1e674e59._.js:8683:316)
    at commitPassiveMountOnFiber (http://localhost:3013/_next/static/chunks/node_modules_next_dist_compiled_react-dom_1e674e59._.js:8695:17)
    at recursivelyTraversePassiveMountEffects (http://localhost:3013/_next/static/chunks/node_modules_next_dist_compiled_react-dom_1e674e59._.js:8683:316)
    at commitPassiveMountOnFiber (http://localhost:3013/_next/static/chunks/node_modules_next_dist_compiled_react-dom_1e674e59._.js:8700:17) @ chrome-extension://gipfclelhppmafdlajajjkfepiiccnfd/content/console-capture.js:67
[  195671ms] [ERROR] Failed to load resource: net::ERR_CONNECTION_REFUSED @ http://localhost:4747/health:0
[  197305ms] [ERROR] WebSocket connection to 'ws://localhost:3013/_next/webpack-hmr?id=QXZE0Uty9m2NCDdplECCx' failed:  @ chrome-extension://gipfclelhppmafdlajajjkfepiiccnfd/content/console-capture.js:90
[  197896ms] [ERROR] Failed to load resource: net::ERR_CONNECTION_REFUSED @ http://localhost:3013/__nextjs_original-stack-frames:0
[  200635ms] [ERROR] WebSocket connection to 'ws://localhost:3013/_next/webpack-hmr?id=QXZE0Uty9m2NCDdplECCx' failed:  @ chrome-extension://gipfclelhppmafdlajajjkfepiiccnfd/content/console-capture.js:90
[  204535ms] [ERROR] Failed to load resource: net::ERR_CONNECTION_REFUSED @ http://localhost:4747/health:0
[  206749ms] [ERROR] WebSocket connection to 'ws://localhost:3013/_next/webpack-hmr?id=QXZE0Uty9m2NCDdplECCx' failed:  @ chrome-extension://gipfclelhppmafdlajajjkfepiiccnfd/content/console-capture.js:90
[  212193ms] [ERROR] WebSocket connection to 'ws://localhost:3013/_next/webpack-hmr?id=QXZE0Uty9m2NCDdplECCx' failed:  @ chrome-extension://gipfclelhppmafdlajajjkfepiiccnfd/content/console-capture.js:90
[  214515ms] [ERROR] Failed to load resource: net::ERR_CONNECTION_REFUSED @ http://localhost:4747/health:0
[  215630ms] [ERROR] WebSocket connection to 'ws://localhost:3013/_next/webpack-hmr?id=QXZE0Uty9m2NCDdplECCx' failed:  @ chrome-extension://gipfclelhppmafdlajajjkfepiiccnfd/content/console-capture.js:90
[  221758ms] [ERROR] WebSocket connection to 'ws://localhost:3013/_next/webpack-hmr?id=QXZE0Uty9m2NCDdplECCx' failed:  @ chrome-extension://gipfclelhppmafdlajajjkfepiiccnfd/content/console-capture.js:90
[  224522ms] [ERROR] Failed to load resource: net::ERR_CONNECTION_REFUSED @ http://localhost:4747/health:0
[  231220ms] [ERROR] WebSocket connection to 'ws://localhost:3013/_next/webpack-hmr?id=QXZE0Uty9m2NCDdplECCx' failed:  @ chrome-extension://gipfclelhppmafdlajajjkfepiiccnfd/content/console-capture.js:90
