[  -12930ms] [ERROR] WebSocket connection to 'ws://localhost:3002/_next/webpack-hmr?id=ELLmHQXojhANp4TmECm9Y' failed:  @ chrome-extension://gipfclelhppmafdlajajjkfepiiccnfd/content/console-capture.js:90
[   -8227ms] [ERROR] WebSocket connection to 'ws://localhost:3002/_next/webpack-hmr?id=ELLmHQXojhANp4TmECm9Y' failed:  @ chrome-extension://gipfclelhppmafdlajajjkfepiiccnfd/content/console-capture.js:90
[   -2040ms] [ERROR] WebSocket connection to 'ws://localhost:3002/_next/webpack-hmr?id=ELLmHQXojhANp4TmECm9Y' failed:  @ chrome-extension://gipfclelhppmafdlajajjkfepiiccnfd/content/console-capture.js:90
[    3258ms] [ERROR] WebSocket connection to 'ws://localhost:3002/_next/webpack-hmr?id=ELLmHQXojhANp4TmECm9Y' failed:  @ chrome-extension://gipfclelhppmafdlajajjkfepiiccnfd/content/console-capture.js:90
[    9820ms] [ERROR] WebSocket connection to 'ws://localhost:3002/_next/webpack-hmr?id=ELLmHQXojhANp4TmECm9Y' failed:  @ chrome-extension://gipfclelhppmafdlajajjkfepiiccnfd/content/console-capture.js:90
[   15347ms] [ERROR] WebSocket connection to 'ws://localhost:3002/_next/webpack-hmr?id=ELLmHQXojhANp4TmECm9Y' failed:  @ chrome-extension://gipfclelhppmafdlajajjkfepiiccnfd/content/console-capture.js:90
[   24235ms] [ERROR] WebSocket connection to 'ws://localhost:3002/_next/webpack-hmr?id=ELLmHQXojhANp4TmECm9Y' failed:  @ chrome-extension://gipfclelhppmafdlajajjkfepiiccnfd/content/console-capture.js:90
[   34493ms] [ERROR] WebSocket connection to 'ws://localhost:3002/_next/webpack-hmr?id=ELLmHQXojhANp4TmECm9Y' failed:  @ chrome-extension://gipfclelhppmafdlajajjkfepiiccnfd/content/console-capture.js:90
[   48699ms] [ERROR] WebSocket connection to 'ws://localhost:3002/_next/webpack-hmr?id=ELLmHQXojhANp4TmECm9Y' failed:  @ chrome-extension://gipfclelhppmafdlajajjkfepiiccnfd/content/console-capture.js:90
[   58068ms] [ERROR] WebSocket connection to 'ws://localhost:3002/_next/webpack-hmr?id=ELLmHQXojhANp4TmECm9Y' failed:  @ chrome-extension://gipfclelhppmafdlajajjkfepiiccnfd/content/console-capture.js:90
[   70136ms] [ERROR] WebSocket connection to 'ws://localhost:3002/_next/webpack-hmr?id=ELLmHQXojhANp4TmECm9Y' failed:  @ chrome-extension://gipfclelhppmafdlajajjkfepiiccnfd/content/console-capture.js:90
[   80208ms] [ERROR] WebSocket connection to 'ws://localhost:3002/_next/webpack-hmr?id=ELLmHQXojhANp4TmECm9Y' failed:  @ chrome-extension://gipfclelhppmafdlajajjkfepiiccnfd/content/console-capture.js:90
[   92504ms] [ERROR] WebSocket connection to 'ws://localhost:3002/_next/webpack-hmr?id=ELLmHQXojhANp4TmECm9Y' failed:  @ chrome-extension://gipfclelhppmafdlajajjkfepiiccnfd/content/console-capture.js:90
[   98307ms] [ERROR] WebSocket connection to 'ws://localhost:3002/_next/webpack-hmr?id=ELLmHQXojhANp4TmECm9Y' failed:  @ chrome-extension://gipfclelhppmafdlajajjkfepiiccnfd/content/console-capture.js:90
[  104865ms] [ERROR] WebSocket connection to 'ws://localhost:3002/_next/webpack-hmr?id=ELLmHQXojhANp4TmECm9Y' failed:  @ chrome-extension://gipfclelhppmafdlajajjkfepiiccnfd/content/console-capture.js:90
[  111148ms] [ERROR] WebSocket connection to 'ws://localhost:3002/_next/webpack-hmr?id=ELLmHQXojhANp4TmECm9Y' failed:  @ chrome-extension://gipfclelhppmafdlajajjkfepiiccnfd/content/console-capture.js:90
[  118199ms] [ERROR] WebSocket connection to 'ws://localhost:3002/_next/webpack-hmr?id=ELLmHQXojhANp4TmECm9Y' failed:  @ chrome-extension://gipfclelhppmafdlajajjkfepiiccnfd/content/console-capture.js:90
[  123196ms] [ERROR] WebSocket connection to 'ws://localhost:3002/_next/webpack-hmr?id=ELLmHQXojhANp4TmECm9Y' failed:  @ chrome-extension://gipfclelhppmafdlajajjkfepiiccnfd/content/console-capture.js:90
[  127807ms] [ERROR] WebSocket connection to 'ws://localhost:3002/_next/webpack-hmr?id=ELLmHQXojhANp4TmECm9Y' failed:  @ chrome-extension://gipfclelhppmafdlajajjkfepiiccnfd/content/console-capture.js:90
[  136791ms] [ERROR] WebSocket connection to 'ws://localhost:3002/_next/webpack-hmr?id=ELLmHQXojhANp4TmECm9Y' failed:  @ chrome-extension://gipfclelhppmafdlajajjkfepiiccnfd/content/console-capture.js:90
[  148193ms] [ERROR] WebSocket connection to 'ws://localhost:3002/_next/webpack-hmr?id=ELLmHQXojhANp4TmECm9Y' failed:  @ chrome-extension://gipfclelhppmafdlajajjkfepiiccnfd/content/console-capture.js:90
[  157943ms] [ERROR] WebSocket connection to 'ws://localhost:3002/_next/webpack-hmr?id=ELLmHQXojhANp4TmECm9Y' failed:  @ chrome-extension://gipfclelhppmafdlajajjkfepiiccnfd/content/console-capture.js:90
[  170271ms] [ERROR] WebSocket connection to 'ws://localhost:3002/_next/webpack-hmr?id=ELLmHQXojhANp4TmECm9Y' failed:  @ chrome-extension://gipfclelhppmafdlajajjkfepiiccnfd/content/console-capture.js:90
