[  -59936ms] [WARNING] <meta name="apple-mobile-web-app-capable" content="yes"> is deprecated. Please include <meta name="mobile-web-app-capable" content="yes"> @ http://localhost:3013/fleet-radar:0
[ -341620ms] [ERROR] Failed to load resource: the server responded with a status of 502 () @ https://one.google.com/_/SubscriptionsManagementUi/data/batchexecute?rpcids=GI6Jdd&source-path=%2Foffer%2FQC75UQCY20WYSRZ2ZGVZ&f.sid=-1487279146669826165&bl=boq_subscriptionsuiserver_20260309.03_p2&hl=ko&soc-app=727&soc-platform=1&soc-device=1&_reqid=55302&rt=c:0
[  -57827ms] [ERROR] Failed to load resource: net::ERR_CONNECTION_REFUSED @ http://localhost:4747/sessions:0
[  -57628ms] [ERROR] Failed to load resource: net::ERR_CONNECTION_REFUSED @ http://localhost:4747/health:0
[  -39603ms] [ERROR] WebSocket connection to 'ws://localhost:3013/_next/webpack-hmr?id=QXZE0Uty9m2NCDdplECCx' failed:  @ chrome-extension://gipfclelhppmafdlajajjkfepiiccnfd/content/console-capture.js:90
[  -39602ms] [ERROR] Failed to load resource: net::ERR_CONNECTION_REFUSED @ http://localhost:3013/__nextjs_original-stack-frames:0
[  -37012ms] [ERROR] Failed to load resource: net::ERR_CONNECTION_REFUSED @ http://localhost:4747/health:0
[  -32858ms] [ERROR] WebSocket connection to 'ws://localhost:3013/_next/webpack-hmr?id=QXZE0Uty9m2NCDdplECCx' failed:  @ chrome-extension://gipfclelhppmafdlajajjkfepiiccnfd/content/console-capture.js:90
[  -27621ms] [ERROR] Failed to load resource: net::ERR_CONNECTION_REFUSED @ http://localhost:4747/health:0
[  -24577ms] [ERROR] WebSocket connection to 'ws://localhost:3013/_next/webpack-hmr?id=QXZE0Uty9m2NCDdplECCx' failed:  @ chrome-extension://gipfclelhppmafdlajajjkfepiiccnfd/content/console-capture.js:90
[  -18398ms] [ERROR] WebSocket connection to 'ws://localhost:3013/_next/webpack-hmr?id=QXZE0Uty9m2NCDdplECCx' failed:  @ chrome-extension://gipfclelhppmafdlajajjkfepiiccnfd/content/console-capture.js:90
[  -17623ms] [ERROR] Failed to load resource: net::ERR_CONNECTION_REFUSED @ http://localhost:4747/health:0
[  -13624ms] [ERROR] WebSocket connection to 'ws://localhost:3013/_next/webpack-hmr?id=QXZE0Uty9m2NCDdplECCx' failed:  @ chrome-extension://gipfclelhppmafdlajajjkfepiiccnfd/content/console-capture.js:90
[   -8379ms] [ERROR] WebSocket connection to 'ws://localhost:3013/_next/webpack-hmr?id=QXZE0Uty9m2NCDdplECCx' failed:  @ chrome-extension://gipfclelhppmafdlajajjkfepiiccnfd/content/console-capture.js:90
[   -7641ms] [ERROR] Failed to load resource: net::ERR_CONNECTION_REFUSED @ http://localhost:4747/health:0
[   -1045ms] [ERROR] WebSocket connection to 'ws://localhost:3013/_next/webpack-hmr?id=QXZE0Uty9m2NCDdplECCx' failed:  @ chrome-extension://gipfclelhppmafdlajajjkfepiiccnfd/content/console-capture.js:90
[  -57827ms] [WARNING] [Agentation] Failed to initialize session, using local storage: TypeError: Failed to fetch
    at createSession (http://localhost:3013/_next/static/chunks/node_modules_agentation_dist_index_mjs_a4d7dd5f._.js:2389:28)
    at PageFeedbackToolbarCSS.useEffect2.initSession (http://localhost:3013/_next/static/chunks/node_modules_agentation_dist_index_mjs_a4d7dd5f._.js:3624:51)
    at PageFeedbackToolbarCSS.useEffect2 (http://localhost:3013/_next/static/chunks/node_modules_agentation_dist_index_mjs_a4d7dd5f._.js:3690:13)
    at Object.react_stack_bottom_frame (http://localhost:3013/_next/static/chunks/node_modules_next_dist_compiled_react-dom_1e674e59._.js:14876:22)
    at runWithFiberInDEV (http://localhost:3013/_next/static/chunks/node_modules_next_dist_compiled_react-dom_1e674e59._.js:965:74)
    at commitHookEffectListMount (http://localhost:3013/_next/static/chunks/node_modules_next_dist_compiled_react-dom_1e674e59._.js:7266:167)
    at commitHookPassiveMountEffects (http://localhost:3013/_next/static/chunks/node_modules_next_dist_compiled_react-dom_1e674e59._.js:7301:60)
    at commitPassiveMountOnFiber (http://localhost:3013/_next/static/chunks/node_modules_next_dist_compiled_react-dom_1e674e59._.js:8696:33)
    at recursivelyTraversePassiveMountEffects (http://localhost:3013/_next/static/chunks/node_modules_next_dist_compiled_react-dom_1e674e59._.js:8683:316)
    at commitPassiveMountOnFiber (http://localhost:3013/_next/static/chunks/node_modules_next_dist_compiled_react-dom_1e674e59._.js:8757:17)
    at recursivelyTraversePassiveMountEffects (http://localhost:3013/_next/static/chunks/node_modules_next_dist_compiled_react-dom_1e674e59._.js:8683:316)
    at commitPassiveMountOnFiber (http://localhost:3013/_next/static/chunks/node_modules_next_dist_compiled_react-dom_1e674e59._.js:8757:17)
    at recursivelyTraversePassiveMountEffects (http://localhost:3013/_next/static/chunks/node_modules_next_dist_compiled_react-dom_1e674e59._.js:8683:316)
    at commitPassiveMountOnFiber (http://localhost:3013/_next/static/chunks/node_modules_next_dist_compiled_react-dom_1e674e59._.js:8757:17)
    at recursivelyTraversePassiveMountEffects (http://localhost:3013/_next/static/chunks/node_modules_next_dist_compiled_react-dom_1e674e59._.js:8683:316)
    at commitPassiveMountOnFiber (http://localhost:3013/_next/static/chunks/node_modules_next_dist_compiled_react-dom_1e674e59._.js:8695:17)
    at recursivelyTraversePassiveMountEffects (http://localhost:3013/_next/static/chunks/node_modules_next_dist_compiled_react-dom_1e674e59._.js:8683:316)
    at commitPassiveMountOnFiber (http://localhost:3013/_next/static/chunks/node_modules_next_dist_compiled_react-dom_1e674e59._.js:8695:17)
    at recursivelyTraversePassiveMountEffects (http://localhost:3013/_next/static/chunks/node_modules_next_dist_compiled_react-dom_1e674e59._.js:8683:316)
    at commitPassiveMountOnFiber (http://localhost:3013/_next/static/chunks/node_modules_next_dist_compiled_react-dom_1e674e59._.js:8700:17)
    at recursivelyTraversePassiveMountEffects (http://localhost:3013/_next/static/chunks/node_modules_next_dist_compiled_react-dom_1e674e59._.js:8683:316)
    at commitPassiveMountOnFiber (http://localhost:3013/_next/static/chunks/node_modules_next_dist_compiled_react-dom_1e674e59._.js:8695:17)
    at recursivelyTraversePassiveMountEffects (http://localhost:3013/_next/static/chunks/node_modules_next_dist_compiled_react-dom_1e674e59._.js:8683:316)
    at commitPassiveMountOnFiber (http://localhost:3013/_next/static/chunks/node_modules_next_dist_compiled_react-dom_1e674e59._.js:8700:17)
    at recursivelyTraversePassiveMountEffects (http://localhost:3013/_next/static/chunks/node_modules_next_dist_compiled_react-dom_1e674e59._.js:8683:316)
    at commitPassiveMountOnFiber (http://localhost:3013/_next/static/chunks/node_modules_next_dist_compiled_react-dom_1e674e59._.js:8695:17)
    at recursivelyTraversePassiveMountEffects (http://localhost:3013/_next/static/chunks/node_modules_next_dist_compiled_react-dom_1e674e59._.js:8683:316)
    at commitPassiveMountOnFiber (http://localhost:3013/_next/static/chunks/node_modules_next_dist_compiled_react-dom_1e674e59._.js:8695:17)
    at recursivelyTraversePassiveMountEffects (http://localhost:3013/_next/static/chunks/node_modules_next_dist_compiled_react-dom_1e674e59._.js:8683:316)
    at commitPassiveMountOnFiber (http://localhost:3013/_next/static/chunks/node_modules_next_dist_compiled_react-dom_1e674e59._.js:8700:17)
    at recursivelyTraversePassiveMountEffects (http://localhost:3013/_next/static/chunks/node_modules_next_dist_compiled_react-dom_1e674e59._.js:8683:316)
    at commitPassiveMountOnFiber (http://localhost:3013/_next/static/chunks/node_modules_next_dist_compiled_react-dom_1e674e59._.js:8695:17)
    at recursivelyTraversePassiveMountEffects (http://localhost:3013/_next/static/chunks/node_modules_next_dist_compiled_react-dom_1e674e59._.js:8683:316)
    at commitPassiveMountOnFiber (http://localhost:3013/_next/static/chunks/node_modules_next_dist_compiled_react-dom_1e674e59._.js:8757:17)
    at recursivelyTraversePassiveMountEffects (http://localhost:3013/_next/static/chunks/node_modules_next_dist_compiled_react-dom_1e674e59._.js:8683:316)
    at commitPassiveMountOnFiber (http://localhost:3013/_next/static/chunks/node_modules_next_dist_compiled_react-dom_1e674e59._.js:8757:17)
    at recursivelyTraversePassiveMountEffects (http://localhost:3013/_next/static/chunks/node_modules_next_dist_compiled_react-dom_1e674e59._.js:8683:316)
    at commitPassiveMountOnFiber (http://localhost:3013/_next/static/chunks/node_modules_next_dist_compiled_react-dom_1e674e59._.js:8757:17)
    at recursivelyTraversePassiveMountEffects (http://localhost:3013/_next/static/chunks/node_modules_next_dist_compiled_react-dom_1e674e59._.js:8683:316)
    at commitPassiveMountOnFiber (http://localhost:3013/_next/static/chunks/node_modules_next_dist_compiled_react-dom_1e674e59._.js:8757:17)
    at recursivelyTraversePassiveMountEffects (http://localhost:3013/_next/static/chunks/node_modules_next_dist_compiled_react-dom_1e674e59._.js:8683:316)
    at commitPassiveMountOnFiber (http://localhost:3013/_next/static/chunks/node_modules_next_dist_compiled_react-dom_1e674e59._.js:8757:17)
    at recursivelyTraversePassiveMountEffects (http://localhost:3013/_next/static/chunks/node_modules_next_dist_compiled_react-dom_1e674e59._.js:8683:316)
    at commitPassiveMountOnFiber (http://localhost:3013/_next/static/chunks/node_modules_next_dist_compiled_react-dom_1e674e59._.js:8757:17)
    at recursivelyTraversePassiveMountEffects (http://localhost:3013/_next/static/chunks/node_modules_next_dist_compiled_react-dom_1e674e59._.js:8683:316)
    at commitPassiveMountOnFiber (http://localhost:3013/_next/static/chunks/node_modules_next_dist_compiled_react-dom_1e674e59._.js:8757:17)
    at recursivelyTraversePassiveMountEffects (http://localhost:3013/_next/static/chunks/node_modules_next_dist_compiled_react-dom_1e674e59._.js:8683:316)
    at commitPassiveMountOnFiber (http://localhost:3013/_next/static/chunks/node_modules_next_dist_compiled_react-dom_1e674e59._.js:8695:17)
    at recursivelyTraversePassiveMountEffects (http://localhost:3013/_next/static/chunks/node_modules_next_dist_compiled_react-dom_1e674e59._.js:8683:316)
    at commitPassiveMountOnFiber (http://localhost:3013/_next/static/chunks/node_modules_next_dist_compiled_react-dom_1e674e59._.js:8700:17) @ chrome-extension://gipfclelhppmafdlajajjkfepiiccnfd/content/console-capture.js:67
[      25ms] Error: Map container is already initialized.
    at NewClass._initContainer (http://localhost:3013/_next/static/chunks/node_modules_leaflet_dist_leaflet-src_8608e1e4.js:3445:23)
    at NewClass.initialize (http://localhost:3013/_next/static/chunks/node_modules_leaflet_dist_leaflet-src_8608e1e4.js:2675:18)
    at new NewClass (http://localhost:3013/_next/static/chunks/node_modules_leaflet_dist_leaflet-src_8608e1e4.js:260:33)
    at Module.createMap (http://localhost:3013/_next/static/chunks/node_modules_leaflet_dist_leaflet-src_8608e1e4.js:3979:16)
    at FleetRadar.useEffect (http://localhost:3013/_next/static/chunks/src_d75f95b6._.js:226:29)
[    2378ms] [ERROR] Failed to load resource: net::ERR_CONNECTION_REFUSED @ http://localhost:4747/health:0
[    7997ms] [ERROR] WebSocket connection to 'ws://localhost:3013/_next/webpack-hmr?id=QXZE0Uty9m2NCDdplECCx' failed:  @ chrome-extension://gipfclelhppmafdlajajjkfepiiccnfd/content/console-capture.js:90
[   12415ms] [ERROR] Failed to load resource: net::ERR_CONNECTION_REFUSED @ http://localhost:4747/health:0
[   16177ms] [ERROR] WebSocket connection to 'ws://localhost:3013/_next/webpack-hmr?id=QXZE0Uty9m2NCDdplECCx' failed:  @ chrome-extension://gipfclelhppmafdlajajjkfepiiccnfd/content/console-capture.js:90
[   22377ms] [ERROR] Failed to load resource: net::ERR_CONNECTION_REFUSED @ http://localhost:4747/health:0
[   25682ms] [ERROR] WebSocket connection to 'ws://localhost:3013/_next/webpack-hmr?id=QXZE0Uty9m2NCDdplECCx' failed:  @ chrome-extension://gipfclelhppmafdlajajjkfepiiccnfd/content/console-capture.js:90
[   32396ms] [ERROR] Failed to load resource: net::ERR_CONNECTION_REFUSED @ http://localhost:4747/health:0
[   33041ms] [ERROR] WebSocket connection to 'ws://localhost:3013/_next/webpack-hmr?id=QXZE0Uty9m2NCDdplECCx' failed:  @ chrome-extension://gipfclelhppmafdlajajjkfepiiccnfd/content/console-capture.js:90
[   40403ms] [ERROR] WebSocket connection to 'ws://localhost:3013/_next/webpack-hmr?id=QXZE0Uty9m2NCDdplECCx' failed:  @ chrome-extension://gipfclelhppmafdlajajjkfepiiccnfd/content/console-capture.js:90
[   42387ms] [ERROR] Failed to load resource: net::ERR_CONNECTION_REFUSED @ http://localhost:4747/health:0
[   49307ms] [ERROR] WebSocket connection to 'ws://localhost:3013/_next/webpack-hmr?id=QXZE0Uty9m2NCDdplECCx' failed:  @ chrome-extension://gipfclelhppmafdlajajjkfepiiccnfd/content/console-capture.js:90
[   49540ms] [WARNING] <meta name="apple-mobile-web-app-capable" content="yes"> is deprecated. Please include <meta name="mobile-web-app-capable" content="yes"> @ http://localhost:3013/fleet-radar:0
[   49672ms] Error: Map container is already initialized.
    at NewClass._initContainer (http://localhost:3013/_next/static/chunks/node_modules_leaflet_dist_leaflet-src_8608e1e4.js:3445:23)
    at NewClass.initialize (http://localhost:3013/_next/static/chunks/node_modules_leaflet_dist_leaflet-src_8608e1e4.js:2675:18)
    at new NewClass (http://localhost:3013/_next/static/chunks/node_modules_leaflet_dist_leaflet-src_8608e1e4.js:260:33)
    at Module.createMap (http://localhost:3013/_next/static/chunks/node_modules_leaflet_dist_leaflet-src_8608e1e4.js:3979:16)
    at FleetRadar.useEffect (http://localhost:3013/_next/static/chunks/src_d75f95b6._.js:226:29)
[   51922ms] [ERROR] Failed to load resource: net::ERR_CONNECTION_REFUSED @ http://localhost:4747/health:0
[   51923ms] [ERROR] Failed to load resource: net::ERR_CONNECTION_REFUSED @ http://localhost:4747/sessions:0
[   51923ms] [WARNING] [Agentation] Failed to initialize session, using local storage: TypeError: Failed to fetch
    at createSession (http://localhost:3013/_next/static/chunks/node_modules_agentation_dist_index_mjs_a4d7dd5f._.js:2389:28)
    at PageFeedbackToolbarCSS.useEffect2.initSession (http://localhost:3013/_next/static/chunks/node_modules_agentation_dist_index_mjs_a4d7dd5f._.js:3624:51)
    at PageFeedbackToolbarCSS.useEffect2 (http://localhost:3013/_next/static/chunks/node_modules_agentation_dist_index_mjs_a4d7dd5f._.js:3690:13)
    at Object.react_stack_bottom_frame (http://localhost:3013/_next/static/chunks/node_modules_next_dist_compiled_react-dom_1e674e59._.js:14876:22)
    at runWithFiberInDEV (http://localhost:3013/_next/static/chunks/node_modules_next_dist_compiled_react-dom_1e674e59._.js:965:74)
    at commitHookEffectListMount (http://localhost:3013/_next/static/chunks/node_modules_next_dist_compiled_react-dom_1e674e59._.js:7266:167)
    at commitHookPassiveMountEffects (http://localhost:3013/_next/static/chunks/node_modules_next_dist_compiled_react-dom_1e674e59._.js:7301:60)
    at commitPassiveMountOnFiber (http://localhost:3013/_next/static/chunks/node_modules_next_dist_compiled_react-dom_1e674e59._.js:8696:33)
    at recursivelyTraversePassiveMountEffects (http://localhost:3013/_next/static/chunks/node_modules_next_dist_compiled_react-dom_1e674e59._.js:8683:316)
    at commitPassiveMountOnFiber (http://localhost:3013/_next/static/chunks/node_modules_next_dist_compiled_react-dom_1e674e59._.js:8757:17)
    at recursivelyTraversePassiveMountEffects (http://localhost:3013/_next/static/chunks/node_modules_next_dist_compiled_react-dom_1e674e59._.js:8683:316)
    at commitPassiveMountOnFiber (http://localhost:3013/_next/static/chunks/node_modules_next_dist_compiled_react-dom_1e674e59._.js:8757:17)
    at recursivelyTraversePassiveMountEffects (http://localhost:3013/_next/static/chunks/node_modules_next_dist_compiled_react-dom_1e674e59._.js:8683:316)
    at commitPassiveMountOnFiber (http://localhost:3013/_next/static/chunks/node_modules_next_dist_compiled_react-dom_1e674e59._.js:8757:17)
    at recursivelyTraversePassiveMountEffects (http://localhost:3013/_next/static/chunks/node_modules_next_dist_compiled_react-dom_1e674e59._.js:8683:316)
    at commitPassiveMountOnFiber (http://localhost:3013/_next/static/chunks/node_modules_next_dist_compiled_react-dom_1e674e59._.js:8695:17)
    at recursivelyTraversePassiveMountEffects (http://localhost:3013/_next/static/chunks/node_modules_next_dist_compiled_react-dom_1e674e59._.js:8683:316)
    at commitPassiveMountOnFiber (http://localhost:3013/_next/static/chunks/node_modules_next_dist_compiled_react-dom_1e674e59._.js:8695:17)
    at recursivelyTraversePassiveMountEffects (http://localhost:3013/_next/static/chunks/node_modules_next_dist_compiled_react-dom_1e674e59._.js:8683:316)
    at commitPassiveMountOnFiber (http://localhost:3013/_next/static/chunks/node_modules_next_dist_compiled_react-dom_1e674e59._.js:8700:17)
    at recursivelyTraversePassiveMountEffects (http://localhost:3013/_next/static/chunks/node_modules_next_dist_compiled_react-dom_1e674e59._.js:8683:316)
    at commitPassiveMountOnFiber (http://localhost:3013/_next/static/chunks/node_modules_next_dist_compiled_react-dom_1e674e59._.js:8695:17)
    at recursivelyTraversePassiveMountEffects (http://localhost:3013/_next/static/chunks/node_modules_next_dist_compiled_react-dom_1e674e59._.js:8683:316)
    at commitPassiveMountOnFiber (http://localhost:3013/_next/static/chunks/node_modules_next_dist_compiled_react-dom_1e674e59._.js:8700:17)
    at recursivelyTraversePassiveMountEffects (http://localhost:3013/_next/static/chunks/node_modules_next_dist_compiled_react-dom_1e674e59._.js:8683:316)
    at commitPassiveMountOnFiber (http://localhost:3013/_next/static/chunks/node_modules_next_dist_compiled_react-dom_1e674e59._.js:8695:17)
    at recursivelyTraversePassiveMountEffects (http://localhost:3013/_next/static/chunks/node_modules_next_dist_compiled_react-dom_1e674e59._.js:8683:316)
    at commitPassiveMountOnFiber (http://localhost:3013/_next/static/chunks/node_modules_next_dist_compiled_react-dom_1e674e59._.js:8695:17)
    at recursivelyTraversePassiveMountEffects (http://localhost:3013/_next/static/chunks/node_modules_next_dist_compiled_react-dom_1e674e59._.js:8683:316)
    at commitPassiveMountOnFiber (http://localhost:3013/_next/static/chunks/node_modules_next_dist_compiled_react-dom_1e674e59._.js:8700:17)
    at recursivelyTraversePassiveMountEffects (http://localhost:3013/_next/static/chunks/node_modules_next_dist_compiled_react-dom_1e674e59._.js:8683:316)
    at commitPassiveMountOnFiber (http://localhost:3013/_next/static/chunks/node_modules_next_dist_compiled_react-dom_1e674e59._.js:8695:17)
    at recursivelyTraversePassiveMountEffects (http://localhost:3013/_next/static/chunks/node_modules_next_dist_compiled_react-dom_1e674e59._.js:8683:316)
    at commitPassiveMountOnFiber (http://localhost:3013/_next/static/chunks/node_modules_next_dist_compiled_react-dom_1e674e59._.js:8757:17)
    at recursivelyTraversePassiveMountEffects (http://localhost:3013/_next/static/chunks/node_modules_next_dist_compiled_react-dom_1e674e59._.js:8683:316)
    at commitPassiveMountOnFiber (http://localhost:3013/_next/static/chunks/node_modules_next_dist_compiled_react-dom_1e674e59._.js:8757:17)
    at recursivelyTraversePassiveMountEffects (http://localhost:3013/_next/static/chunks/node_modules_next_dist_compiled_react-dom_1e674e59._.js:8683:316)
    at commitPassiveMountOnFiber (http://localhost:3013/_next/static/chunks/node_modules_next_dist_compiled_react-dom_1e674e59._.js:8757:17)
    at recursivelyTraversePassiveMountEffects (http://localhost:3013/_next/static/chunks/node_modules_next_dist_compiled_react-dom_1e674e59._.js:8683:316)
    at commitPassiveMountOnFiber (http://localhost:3013/_next/static/chunks/node_modules_next_dist_compiled_react-dom_1e674e59._.js:8757:17)
    at recursivelyTraversePassiveMountEffects (http://localhost:3013/_next/static/chunks/node_modules_next_dist_compiled_react-dom_1e674e59._.js:8683:316)
    at commitPassiveMountOnFiber (http://localhost:3013/_next/static/chunks/node_modules_next_dist_compiled_react-dom_1e674e59._.js:8757:17)
    at recursivelyTraversePassiveMountEffects (http://localhost:3013/_next/static/chunks/node_modules_next_dist_compiled_react-dom_1e674e59._.js:8683:316)
    at commitPassiveMountOnFiber (http://localhost:3013/_next/static/chunks/node_modules_next_dist_compiled_react-dom_1e674e59._.js:8757:17)
    at recursivelyTraversePassiveMountEffects (http://localhost:3013/_next/static/chunks/node_modules_next_dist_compiled_react-dom_1e674e59._.js:8683:316)
    at commitPassiveMountOnFiber (http://localhost:3013/_next/static/chunks/node_modules_next_dist_compiled_react-dom_1e674e59._.js:8757:17)
    at recursivelyTraversePassiveMountEffects (http://localhost:3013/_next/static/chunks/node_modules_next_dist_compiled_react-dom_1e674e59._.js:8683:316)
    at commitPassiveMountOnFiber (http://localhost:3013/_next/static/chunks/node_modules_next_dist_compiled_react-dom_1e674e59._.js:8695:17)
    at recursivelyTraversePassiveMountEffects (http://localhost:3013/_next/static/chunks/node_modules_next_dist_compiled_react-dom_1e674e59._.js:8683:316)
    at commitPassiveMountOnFiber (http://localhost:3013/_next/static/chunks/node_modules_next_dist_compiled_react-dom_1e674e59._.js:8700:17) @ chrome-extension://gipfclelhppmafdlajajjkfepiiccnfd/content/console-capture.js:67
[   53382ms] [ERROR] WebSocket connection to 'ws://localhost:3013/_next/webpack-hmr?id=QXZE0Uty9m2NCDdplECCx' failed:  @ chrome-extension://gipfclelhppmafdlajajjkfepiiccnfd/content/console-capture.js:90
[   53976ms] [ERROR] Failed to load resource: net::ERR_CONNECTION_REFUSED @ http://localhost:3013/__nextjs_original-stack-frames:0
[   58469ms] [ERROR] WebSocket connection to 'ws://localhost:3013/_next/webpack-hmr?id=QXZE0Uty9m2NCDdplECCx' failed:  @ chrome-extension://gipfclelhppmafdlajajjkfepiiccnfd/content/console-capture.js:90
[   61953ms] [ERROR] Failed to load resource: net::ERR_CONNECTION_REFUSED @ http://localhost:4747/health:0
[   62562ms] [ERROR] WebSocket connection to 'ws://localhost:3013/_next/webpack-hmr?id=QXZE0Uty9m2NCDdplECCx' failed:  @ chrome-extension://gipfclelhppmafdlajajjkfepiiccnfd/content/console-capture.js:90
[   65941ms] [ERROR] WebSocket connection to 'ws://localhost:3013/_next/webpack-hmr?id=QXZE0Uty9m2NCDdplECCx' failed:  @ chrome-extension://gipfclelhppmafdlajajjkfepiiccnfd/content/console-capture.js:90
[   70688ms] [ERROR] Failed to load resource: net::ERR_CONNECTION_REFUSED @ http://localhost:4747/health:0
[   72039ms] [ERROR] WebSocket connection to 'ws://localhost:3013/_next/webpack-hmr?id=QXZE0Uty9m2NCDdplECCx' failed:  @ chrome-extension://gipfclelhppmafdlajajjkfepiiccnfd/content/console-capture.js:90
[   76119ms] [ERROR] WebSocket connection to 'ws://localhost:3013/_next/webpack-hmr?id=QXZE0Uty9m2NCDdplECCx' failed:  @ chrome-extension://gipfclelhppmafdlajajjkfepiiccnfd/content/console-capture.js:90
[   80719ms] [ERROR] Failed to load resource: net::ERR_CONNECTION_REFUSED @ http://localhost:4747/health:0
[   83692ms] [ERROR] WebSocket connection to 'ws://localhost:3013/_next/webpack-hmr?id=QXZE0Uty9m2NCDdplECCx' failed:  @ chrome-extension://gipfclelhppmafdlajajjkfepiiccnfd/content/console-capture.js:90
[   91413ms] [ERROR] WebSocket connection to 'ws://localhost:3013/_next/webpack-hmr?id=QXZE0Uty9m2NCDdplECCx' failed:  @ chrome-extension://gipfclelhppmafdlajajjkfepiiccnfd/content/console-capture.js:90
[   92691ms] [ERROR] Failed to load resource: net::ERR_CONNECTION_REFUSED @ http://localhost:4747/health:0
[  100340ms] [ERROR] WebSocket connection to 'ws://localhost:3013/_next/webpack-hmr?id=QXZE0Uty9m2NCDdplECCx' failed:  @ chrome-extension://gipfclelhppmafdlajajjkfepiiccnfd/content/console-capture.js:90
[  102688ms] [ERROR] Failed to load resource: net::ERR_CONNECTION_REFUSED @ http://localhost:4747/health:0
[  111562ms] [ERROR] WebSocket connection to 'ws://localhost:3013/_next/webpack-hmr?id=QXZE0Uty9m2NCDdplECCx' failed:  @ chrome-extension://gipfclelhppmafdlajajjkfepiiccnfd/content/console-capture.js:90
[  112684ms] [ERROR] Failed to load resource: net::ERR_CONNECTION_REFUSED @ http://localhost:4747/health:0
[  120948ms] [ERROR] WebSocket connection to 'ws://localhost:3013/_next/webpack-hmr?id=QXZE0Uty9m2NCDdplECCx' failed:  @ chrome-extension://gipfclelhppmafdlajajjkfepiiccnfd/content/console-capture.js:90
[  122679ms] [ERROR] Failed to load resource: net::ERR_CONNECTION_REFUSED @ http://localhost:4747/health:0
[  128538ms] [ERROR] WebSocket connection to 'ws://localhost:3013/_next/webpack-hmr?id=QXZE0Uty9m2NCDdplECCx' failed:  @ chrome-extension://gipfclelhppmafdlajajjkfepiiccnfd/content/console-capture.js:90
[  132698ms] [ERROR] Failed to load resource: net::ERR_CONNECTION_REFUSED @ http://localhost:4747/health:0
[  135875ms] [ERROR] WebSocket connection to 'ws://localhost:3013/_next/webpack-hmr?id=QXZE0Uty9m2NCDdplECCx' failed:  @ chrome-extension://gipfclelhppmafdlajajjkfepiiccnfd/content/console-capture.js:90
[  136033ms] [WARNING] <meta name="apple-mobile-web-app-capable" content="yes"> is deprecated. Please include <meta name="mobile-web-app-capable" content="yes"> @ http://localhost:3013/fleet-radar:0
[  136219ms] Error: Map container is already initialized.
    at NewClass._initContainer (http://localhost:3013/_next/static/chunks/node_modules_leaflet_dist_leaflet-src_8608e1e4.js:3445:23)
    at NewClass.initialize (http://localhost:3013/_next/static/chunks/node_modules_leaflet_dist_leaflet-src_8608e1e4.js:2675:18)
    at new NewClass (http://localhost:3013/_next/static/chunks/node_modules_leaflet_dist_leaflet-src_8608e1e4.js:260:33)
    at Module.createMap (http://localhost:3013/_next/static/chunks/node_modules_leaflet_dist_leaflet-src_8608e1e4.js:3979:16)
    at FleetRadar.useEffect (http://localhost:3013/_next/static/chunks/src_d75f95b6._.js:226:29)
[  138262ms] [ERROR] WebSocket connection to 'ws://localhost:3013/_next/webpack-hmr?id=QXZE0Uty9m2NCDdplECCx' failed:  @ chrome-extension://gipfclelhppmafdlajajjkfepiiccnfd/content/console-capture.js:90
[  138323ms] [ERROR] Failed to load resource: net::ERR_CONNECTION_REFUSED @ http://localhost:4747/health:0
[  138323ms] [ERROR] Failed to load resource: net::ERR_CONNECTION_REFUSED @ http://localhost:4747/sessions:0
[  138323ms] [WARNING] [Agentation] Failed to initialize session, using local storage: TypeError: Failed to fetch
    at createSession (http://localhost:3013/_next/static/chunks/node_modules_agentation_dist_index_mjs_a4d7dd5f._.js:2389:28)
    at PageFeedbackToolbarCSS.useEffect2.initSession (http://localhost:3013/_next/static/chunks/node_modules_agentation_dist_index_mjs_a4d7dd5f._.js:3624:51)
    at PageFeedbackToolbarCSS.useEffect2 (http://localhost:3013/_next/static/chunks/node_modules_agentation_dist_index_mjs_a4d7dd5f._.js:3690:13)
    at Object.react_stack_bottom_frame (http://localhost:3013/_next/static/chunks/node_modules_next_dist_compiled_react-dom_1e674e59._.js:14876:22)
    at runWithFiberInDEV (http://localhost:3013/_next/static/chunks/node_modules_next_dist_compiled_react-dom_1e674e59._.js:965:74)
    at commitHookEffectListMount (http://localhost:3013/_next/static/chunks/node_modules_next_dist_compiled_react-dom_1e674e59._.js:7266:167)
    at commitHookPassiveMountEffects (http://localhost:3013/_next/static/chunks/node_modules_next_dist_compiled_react-dom_1e674e59._.js:7301:60)
    at commitPassiveMountOnFiber (http://localhost:3013/_next/static/chunks/node_modules_next_dist_compiled_react-dom_1e674e59._.js:8696:33)
    at recursivelyTraversePassiveMountEffects (http://localhost:3013/_next/static/chunks/node_modules_next_dist_compiled_react-dom_1e674e59._.js:8683:316)
    at commitPassiveMountOnFiber (http://localhost:3013/_next/static/chunks/node_modules_next_dist_compiled_react-dom_1e674e59._.js:8757:17)
    at recursivelyTraversePassiveMountEffects (http://localhost:3013/_next/static/chunks/node_modules_next_dist_compiled_react-dom_1e674e59._.js:8683:316)
    at commitPassiveMountOnFiber (http://localhost:3013/_next/static/chunks/node_modules_next_dist_compiled_react-dom_1e674e59._.js:8757:17)
    at recursivelyTraversePassiveMountEffects (http://localhost:3013/_next/static/chunks/node_modules_next_dist_compiled_react-dom_1e674e59._.js:8683:316)
    at commitPassiveMountOnFiber (http://localhost:3013/_next/static/chunks/node_modules_next_dist_compiled_react-dom_1e674e59._.js:8757:17)
    at recursivelyTraversePassiveMountEffects (http://localhost:3013/_next/static/chunks/node_modules_next_dist_compiled_react-dom_1e674e59._.js:8683:316)
    at commitPassiveMountOnFiber (http://localhost:3013/_next/static/chunks/node_modules_next_dist_compiled_react-dom_1e674e59._.js:8695:17)
    at recursivelyTraversePassiveMountEffects (http://localhost:3013/_next/static/chunks/node_modules_next_dist_compiled_react-dom_1e674e59._.js:8683:316)
    at commitPassiveMountOnFiber (http://localhost:3013/_next/static/chunks/node_modules_next_dist_compiled_react-dom_1e674e59._.js:8695:17)
    at recursivelyTraversePassiveMountEffects (http://localhost:3013/_next/static/chunks/node_modules_next_dist_compiled_react-dom_1e674e59._.js:8683:316)
    at commitPassiveMountOnFiber (http://localhost:3013/_next/static/chunks/node_modules_next_dist_compiled_react-dom_1e674e59._.js:8700:17)
    at recursivelyTraversePassiveMountEffects (http://localhost:3013/_next/static/chunks/node_modules_next_dist_compiled_react-dom_1e674e59._.js:8683:316)
    at commitPassiveMountOnFiber (http://localhost:3013/_next/static/chunks/node_modules_next_dist_compiled_react-dom_1e674e59._.js:8695:17)
    at recursivelyTraversePassiveMountEffects (http://localhost:3013/_next/static/chunks/node_modules_next_dist_compiled_react-dom_1e674e59._.js:8683:316)
    at commitPassiveMountOnFiber (http://localhost:3013/_next/static/chunks/node_modules_next_dist_compiled_react-dom_1e674e59._.js:8700:17)
    at recursivelyTraversePassiveMountEffects (http://localhost:3013/_next/static/chunks/node_modules_next_dist_compiled_react-dom_1e674e59._.js:8683:316)
    at commitPassiveMountOnFiber (http://localhost:3013/_next/static/chunks/node_modules_next_dist_compiled_react-dom_1e674e59._.js:8695:17)
    at recursivelyTraversePassiveMountEffects (http://localhost:3013/_next/static/chunks/node_modules_next_dist_compiled_react-dom_1e674e59._.js:8683:316)
    at commitPassiveMountOnFiber (http://localhost:3013/_next/static/chunks/node_modules_next_dist_compiled_react-dom_1e674e59._.js:8695:17)
    at recursivelyTraversePassiveMountEffects (http://localhost:3013/_next/static/chunks/node_modules_next_dist_compiled_react-dom_1e674e59._.js:8683:316)
    at commitPassiveMountOnFiber (http://localhost:3013/_next/static/chunks/node_modules_next_dist_compiled_react-dom_1e674e59._.js:8700:17)
    at recursivelyTraversePassiveMountEffects (http://localhost:3013/_next/static/chunks/node_modules_next_dist_compiled_react-dom_1e674e59._.js:8683:316)
    at commitPassiveMountOnFiber (http://localhost:3013/_next/static/chunks/node_modules_next_dist_compiled_react-dom_1e674e59._.js:8695:17)
    at recursivelyTraversePassiveMountEffects (http://localhost:3013/_next/static/chunks/node_modules_next_dist_compiled_react-dom_1e674e59._.js:8683:316)
    at commitPassiveMountOnFiber (http://localhost:3013/_next/static/chunks/node_modules_next_dist_compiled_react-dom_1e674e59._.js:8757:17)
    at recursivelyTraversePassiveMountEffects (http://localhost:3013/_next/static/chunks/node_modules_next_dist_compiled_react-dom_1e674e59._.js:8683:316)
    at commitPassiveMountOnFiber (http://localhost:3013/_next/static/chunks/node_modules_next_dist_compiled_react-dom_1e674e59._.js:8757:17)
    at recursivelyTraversePassiveMountEffects (http://localhost:3013/_next/static/chunks/node_modules_next_dist_compiled_react-dom_1e674e59._.js:8683:316)
    at commitPassiveMountOnFiber (http://localhost:3013/_next/static/chunks/node_modules_next_dist_compiled_react-dom_1e674e59._.js:8757:17)
    at recursivelyTraversePassiveMountEffects (http://localhost:3013/_next/static/chunks/node_modules_next_dist_compiled_react-dom_1e674e59._.js:8683:316)
    at commitPassiveMountOnFiber (http://localhost:3013/_next/static/chunks/node_modules_next_dist_compiled_react-dom_1e674e59._.js:8757:17)
    at recursivelyTraversePassiveMountEffects (http://localhost:3013/_next/static/chunks/node_modules_next_dist_compiled_react-dom_1e674e59._.js:8683:316)
    at commitPassiveMountOnFiber (http://localhost:3013/_next/static/chunks/node_modules_next_dist_compiled_react-dom_1e674e59._.js:8757:17)
    at recursivelyTraversePassiveMountEffects (http://localhost:3013/_next/static/chunks/node_modules_next_dist_compiled_react-dom_1e674e59._.js:8683:316)
    at commitPassiveMountOnFiber (http://localhost:3013/_next/static/chunks/node_modules_next_dist_compiled_react-dom_1e674e59._.js:8757:17)
    at recursivelyTraversePassiveMountEffects (http://localhost:3013/_next/static/chunks/node_modules_next_dist_compiled_react-dom_1e674e59._.js:8683:316)
    at commitPassiveMountOnFiber (http://localhost:3013/_next/static/chunks/node_modules_next_dist_compiled_react-dom_1e674e59._.js:8757:17)
    at recursivelyTraversePassiveMountEffects (http://localhost:3013/_next/static/chunks/node_modules_next_dist_compiled_react-dom_1e674e59._.js:8683:316)
    at commitPassiveMountOnFiber (http://localhost:3013/_next/static/chunks/node_modules_next_dist_compiled_react-dom_1e674e59._.js:8695:17)
    at recursivelyTraversePassiveMountEffects (http://localhost:3013/_next/static/chunks/node_modules_next_dist_compiled_react-dom_1e674e59._.js:8683:316)
    at commitPassiveMountOnFiber (http://localhost:3013/_next/static/chunks/node_modules_next_dist_compiled_react-dom_1e674e59._.js:8700:17) @ chrome-extension://gipfclelhppmafdlajajjkfepiiccnfd/content/console-capture.js:67
[  140560ms] [ERROR] Failed to load resource: net::ERR_CONNECTION_REFUSED @ http://localhost:3013/__nextjs_original-stack-frames:0
[  142356ms] [ERROR] WebSocket connection to 'ws://localhost:3013/_next/webpack-hmr?id=QXZE0Uty9m2NCDdplECCx' failed:  @ chrome-extension://gipfclelhppmafdlajajjkfepiiccnfd/content/console-capture.js:90
[  146766ms] [ERROR] WebSocket connection to 'ws://localhost:3013/_next/webpack-hmr?id=QXZE0Uty9m2NCDdplECCx' failed:  @ chrome-extension://gipfclelhppmafdlajajjkfepiiccnfd/content/console-capture.js:90
[  148373ms] [ERROR] Failed to load resource: net::ERR_CONNECTION_REFUSED @ http://localhost:4747/health:0
[  150861ms] [ERROR] WebSocket connection to 'ws://localhost:3013/_next/webpack-hmr?id=QXZE0Uty9m2NCDdplECCx' failed:  @ chrome-extension://gipfclelhppmafdlajajjkfepiiccnfd/content/console-capture.js:90
[  156046ms] [ERROR] WebSocket connection to 'ws://localhost:3013/_next/webpack-hmr?id=QXZE0Uty9m2NCDdplECCx' failed:  @ chrome-extension://gipfclelhppmafdlajajjkfepiiccnfd/content/console-capture.js:90
[  158363ms] [ERROR] Failed to load resource: net::ERR_CONNECTION_REFUSED @ http://localhost:4747/health:0
[  160122ms] [ERROR] WebSocket connection to 'ws://localhost:3013/_next/webpack-hmr?id=QXZE0Uty9m2NCDdplECCx' failed:  @ chrome-extension://gipfclelhppmafdlajajjkfepiiccnfd/content/console-capture.js:90
[  168339ms] [ERROR] Failed to load resource: net::ERR_CONNECTION_REFUSED @ http://localhost:4747/health:0
[  169317ms] [ERROR] WebSocket connection to 'ws://localhost:3013/_next/webpack-hmr?id=QXZE0Uty9m2NCDdplECCx' failed:  @ chrome-extension://gipfclelhppmafdlajajjkfepiiccnfd/content/console-capture.js:90
[  176754ms] [ERROR] WebSocket connection to 'ws://localhost:3013/_next/webpack-hmr?id=QXZE0Uty9m2NCDdplECCx' failed:  @ chrome-extension://gipfclelhppmafdlajajjkfepiiccnfd/content/console-capture.js:90
[  178350ms] [ERROR] Failed to load resource: net::ERR_CONNECTION_REFUSED @ http://localhost:4747/health:0
[  184222ms] [ERROR] WebSocket connection to 'ws://localhost:3013/_next/webpack-hmr?id=QXZE0Uty9m2NCDdplECCx' failed:  @ chrome-extension://gipfclelhppmafdlajajjkfepiiccnfd/content/console-capture.js:90
[  188345ms] [ERROR] Failed to load resource: net::ERR_CONNECTION_REFUSED @ http://localhost:4747/health:0
[  193787ms] [ERROR] WebSocket connection to 'ws://localhost:3013/_next/webpack-hmr?id=QXZE0Uty9m2NCDdplECCx' failed:  @ chrome-extension://gipfclelhppmafdlajajjkfepiiccnfd/content/console-capture.js:90
[  198353ms] [ERROR] Failed to load resource: net::ERR_CONNECTION_REFUSED @ http://localhost:4747/health:0
[  203236ms] [ERROR] WebSocket connection to 'ws://localhost:3013/_next/webpack-hmr?id=QXZE0Uty9m2NCDdplECCx' failed:  @ chrome-extension://gipfclelhppmafdlajajjkfepiiccnfd/content/console-capture.js:90
[  208358ms] [ERROR] Failed to load resource: net::ERR_CONNECTION_REFUSED @ http://localhost:4747/health:0
[  212572ms] [ERROR] WebSocket connection to 'ws://localhost:3013/_next/webpack-hmr?id=QXZE0Uty9m2NCDdplECCx' failed:  @ chrome-extension://gipfclelhppmafdlajajjkfepiiccnfd/content/console-capture.js:90
[  218382ms] [ERROR] Failed to load resource: net::ERR_CONNECTION_REFUSED @ http://localhost:4747/health:0
[  221760ms] [ERROR] WebSocket connection to 'ws://localhost:3013/_next/webpack-hmr?id=QXZE0Uty9m2NCDdplECCx' failed:  @ chrome-extension://gipfclelhppmafdlajajjkfepiiccnfd/content/console-capture.js:90
[  221905ms] [WARNING] <meta name="apple-mobile-web-app-capable" content="yes"> is deprecated. Please include <meta name="mobile-web-app-capable" content="yes"> @ http://localhost:3013/fleet-radar:0
[  222096ms] Error: Map container is already initialized.
    at NewClass._initContainer (http://localhost:3013/_next/static/chunks/node_modules_leaflet_dist_leaflet-src_8608e1e4.js:3445:23)
    at NewClass.initialize (http://localhost:3013/_next/static/chunks/node_modules_leaflet_dist_leaflet-src_8608e1e4.js:2675:18)
    at new NewClass (http://localhost:3013/_next/static/chunks/node_modules_leaflet_dist_leaflet-src_8608e1e4.js:260:33)
    at Module.createMap (http://localhost:3013/_next/static/chunks/node_modules_leaflet_dist_leaflet-src_8608e1e4.js:3979:16)
    at FleetRadar.useEffect (http://localhost:3013/_next/static/chunks/src_d75f95b6._.js:226:29)
[  223008ms] [ERROR] Failed to load resource: net::ERR_CONNECTION_REFUSED @ http://localhost:4747/sessions:0
[  223008ms] [WARNING] [Agentation] Failed to initialize session, using local storage: TypeError: Failed to fetch
    at createSession (http://localhost:3013/_next/static/chunks/node_modules_agentation_dist_index_mjs_a4d7dd5f._.js:2389:28)
    at PageFeedbackToolbarCSS.useEffect2.initSession (http://localhost:3013/_next/static/chunks/node_modules_agentation_dist_index_mjs_a4d7dd5f._.js:3624:51)
    at PageFeedbackToolbarCSS.useEffect2 (http://localhost:3013/_next/static/chunks/node_modules_agentation_dist_index_mjs_a4d7dd5f._.js:3690:13)
    at Object.react_stack_bottom_frame (http://localhost:3013/_next/static/chunks/node_modules_next_dist_compiled_react-dom_1e674e59._.js:14876:22)
    at runWithFiberInDEV (http://localhost:3013/_next/static/chunks/node_modules_next_dist_compiled_react-dom_1e674e59._.js:965:74)
    at commitHookEffectListMount (http://localhost:3013/_next/static/chunks/node_modules_next_dist_compiled_react-dom_1e674e59._.js:7266:167)
    at commitHookPassiveMountEffects (http://localhost:3013/_next/static/chunks/node_modules_next_dist_compiled_react-dom_1e674e59._.js:7301:60)
    at commitPassiveMountOnFiber (http://localhost:3013/_next/static/chunks/node_modules_next_dist_compiled_react-dom_1e674e59._.js:8696:33)
    at recursivelyTraversePassiveMountEffects (http://localhost:3013/_next/static/chunks/node_modules_next_dist_compiled_react-dom_1e674e59._.js:8683:316)
    at commitPassiveMountOnFiber (http://localhost:3013/_next/static/chunks/node_modules_next_dist_compiled_react-dom_1e674e59._.js:8757:17)
    at recursivelyTraversePassiveMountEffects (http://localhost:3013/_next/static/chunks/node_modules_next_dist_compiled_react-dom_1e674e59._.js:8683:316)
    at commitPassiveMountOnFiber (http://localhost:3013/_next/static/chunks/node_modules_next_dist_compiled_react-dom_1e674e59._.js:8757:17)
    at recursivelyTraversePassiveMountEffects (http://localhost:3013/_next/static/chunks/node_modules_next_dist_compiled_react-dom_1e674e59._.js:8683:316)
    at commitPassiveMountOnFiber (http://localhost:3013/_next/static/chunks/node_modules_next_dist_compiled_react-dom_1e674e59._.js:8757:17)
    at recursivelyTraversePassiveMountEffects (http://localhost:3013/_next/static/chunks/node_modules_next_dist_compiled_react-dom_1e674e59._.js:8683:316)
    at commitPassiveMountOnFiber (http://localhost:3013/_next/static/chunks/node_modules_next_dist_compiled_react-dom_1e674e59._.js:8695:17)
    at recursivelyTraversePassiveMountEffects (http://localhost:3013/_next/static/chunks/node_modules_next_dist_compiled_react-dom_1e674e59._.js:8683:316)
    at commitPassiveMountOnFiber (http://localhost:3013/_next/static/chunks/node_modules_next_dist_compiled_react-dom_1e674e59._.js:8695:17)
    at recursivelyTraversePassiveMountEffects (http://localhost:3013/_next/static/chunks/node_modules_next_dist_compiled_react-dom_1e674e59._.js:8683:316)
    at commitPassiveMountOnFiber (http://localhost:3013/_next/static/chunks/node_modules_next_dist_compiled_react-dom_1e674e59._.js:8700:17)
    at recursivelyTraversePassiveMountEffects (http://localhost:3013/_next/static/chunks/node_modules_next_dist_compiled_react-dom_1e674e59._.js:8683:316)
    at commitPassiveMountOnFiber (http://localhost:3013/_next/static/chunks/node_modules_next_dist_compiled_react-dom_1e674e59._.js:8695:17)
    at recursivelyTraversePassiveMountEffects (http://localhost:3013/_next/static/chunks/node_modules_next_dist_compiled_react-dom_1e674e59._.js:8683:316)
    at commitPassiveMountOnFiber (http://localhost:3013/_next/static/chunks/node_modules_next_dist_compiled_react-dom_1e674e59._.js:8700:17)
    at recursivelyTraversePassiveMountEffects (http://localhost:3013/_next/static/chunks/node_modules_next_dist_compiled_react-dom_1e674e59._.js:8683:316)
    at commitPassiveMountOnFiber (http://localhost:3013/_next/static/chunks/node_modules_next_dist_compiled_react-dom_1e674e59._.js:8695:17)
    at recursivelyTraversePassiveMountEffects (http://localhost:3013/_next/static/chunks/node_modules_next_dist_compiled_react-dom_1e674e59._.js:8683:316)
    at commitPassiveMountOnFiber (http://localhost:3013/_next/static/chunks/node_modules_next_dist_compiled_react-dom_1e674e59._.js:8695:17)
    at recursivelyTraversePassiveMountEffects (http://localhost:3013/_next/static/chunks/node_modules_next_dist_compiled_react-dom_1e674e59._.js:8683:316)
    at commitPassiveMountOnFiber (http://localhost:3013/_next/static/chunks/node_modules_next_dist_compiled_react-dom_1e674e59._.js:8700:17)
    at recursivelyTraversePassiveMountEffects (http://localhost:3013/_next/static/chunks/node_modules_next_dist_compiled_react-dom_1e674e59._.js:8683:316)
    at commitPassiveMountOnFiber (http://localhost:3013/_next/static/chunks/node_modules_next_dist_compiled_react-dom_1e674e59._.js:8695:17)
    at recursivelyTraversePassiveMountEffects (http://localhost:3013/_next/static/chunks/node_modules_next_dist_compiled_react-dom_1e674e59._.js:8683:316)
    at commitPassiveMountOnFiber (http://localhost:3013/_next/static/chunks/node_modules_next_dist_compiled_react-dom_1e674e59._.js:8757:17)
    at recursivelyTraversePassiveMountEffects (http://localhost:3013/_next/static/chunks/node_modules_next_dist_compiled_react-dom_1e674e59._.js:8683:316)
    at commitPassiveMountOnFiber (http://localhost:3013/_next/static/chunks/node_modules_next_dist_compiled_react-dom_1e674e59._.js:8757:17)
    at recursivelyTraversePassiveMountEffects (http://localhost:3013/_next/static/chunks/node_modules_next_dist_compiled_react-dom_1e674e59._.js:8683:316)
    at commitPassiveMountOnFiber (http://localhost:3013/_next/static/chunks/node_modules_next_dist_compiled_react-dom_1e674e59._.js:8757:17)
    at recursivelyTraversePassiveMountEffects (http://localhost:3013/_next/static/chunks/node_modules_next_dist_compiled_react-dom_1e674e59._.js:8683:316)
    at commitPassiveMountOnFiber (http://localhost:3013/_next/static/chunks/node_modules_next_dist_compiled_react-dom_1e674e59._.js:8757:17)
    at recursivelyTraversePassiveMountEffects (http://localhost:3013/_next/static/chunks/node_modules_next_dist_compiled_react-dom_1e674e59._.js:8683:316)
    at commitPassiveMountOnFiber (http://localhost:3013/_next/static/chunks/node_modules_next_dist_compiled_react-dom_1e674e59._.js:8757:17)
    at recursivelyTraversePassiveMountEffects (http://localhost:3013/_next/static/chunks/node_modules_next_dist_compiled_react-dom_1e674e59._.js:8683:316)
    at commitPassiveMountOnFiber (http://localhost:3013/_next/static/chunks/node_modules_next_dist_compiled_react-dom_1e674e59._.js:8757:17)
    at recursivelyTraversePassiveMountEffects (http://localhost:3013/_next/static/chunks/node_modules_next_dist_compiled_react-dom_1e674e59._.js:8683:316)
    at commitPassiveMountOnFiber (http://localhost:3013/_next/static/chunks/node_modules_next_dist_compiled_react-dom_1e674e59._.js:8757:17)
    at recursivelyTraversePassiveMountEffects (http://localhost:3013/_next/static/chunks/node_modules_next_dist_compiled_react-dom_1e674e59._.js:8683:316)
    at commitPassiveMountOnFiber (http://localhost:3013/_next/static/chunks/node_modules_next_dist_compiled_react-dom_1e674e59._.js:8695:17)
    at recursivelyTraversePassiveMountEffects (http://localhost:3013/_next/static/chunks/node_modules_next_dist_compiled_react-dom_1e674e59._.js:8683:316)
    at commitPassiveMountOnFiber (http://localhost:3013/_next/static/chunks/node_modules_next_dist_compiled_react-dom_1e674e59._.js:8700:17) @ chrome-extension://gipfclelhppmafdlajajjkfepiiccnfd/content/console-capture.js:67
[  224225ms] [ERROR] Failed to load resource: net::ERR_CONNECTION_REFUSED @ http://localhost:4747/health:0
[  224556ms] [ERROR] Failed to load resource: net::ERR_CONNECTION_REFUSED @ http://localhost:3013/__nextjs_original-stack-frames:0
[  227906ms] [ERROR] WebSocket connection to 'ws://localhost:3013/_next/webpack-hmr?id=QXZE0Uty9m2NCDdplECCx' failed:  @ chrome-extension://gipfclelhppmafdlajajjkfepiiccnfd/content/console-capture.js:90
[  232821ms] [ERROR] WebSocket connection to 'ws://localhost:3013/_next/webpack-hmr?id=QXZE0Uty9m2NCDdplECCx' failed:  @ chrome-extension://gipfclelhppmafdlajajjkfepiiccnfd/content/console-capture.js:90
[  233263ms] [ERROR] Failed to load resource: net::ERR_CONNECTION_REFUSED @ http://localhost:4747/health:0
[  240128ms] [ERROR] WebSocket connection to 'ws://localhost:3013/_next/webpack-hmr?id=QXZE0Uty9m2NCDdplECCx' failed:  @ chrome-extension://gipfclelhppmafdlajajjkfepiiccnfd/content/console-capture.js:90
[  243271ms] [ERROR] Failed to load resource: net::ERR_CONNECTION_REFUSED @ http://localhost:4747/health:0
[  248162ms] [ERROR] WebSocket connection to 'ws://localhost:3013/_next/webpack-hmr?id=QXZE0Uty9m2NCDdplECCx' failed:  @ chrome-extension://gipfclelhppmafdlajajjkfepiiccnfd/content/console-capture.js:90
[  252984ms] [ERROR] WebSocket connection to 'ws://localhost:3013/_next/webpack-hmr?id=QXZE0Uty9m2NCDdplECCx' failed:  @ chrome-extension://gipfclelhppmafdlajajjkfepiiccnfd/content/console-capture.js:90
[  253288ms] [ERROR] Failed to load resource: net::ERR_CONNECTION_REFUSED @ http://localhost:4747/health:0
[  260791ms] [ERROR] WebSocket connection to 'ws://localhost:3013/_next/webpack-hmr?id=QXZE0Uty9m2NCDdplECCx' failed:  @ chrome-extension://gipfclelhppmafdlajajjkfepiiccnfd/content/console-capture.js:90
[  263275ms] [ERROR] Failed to load resource: net::ERR_CONNECTION_REFUSED @ http://localhost:4747/health:0
[  272297ms] [ERROR] WebSocket connection to 'ws://localhost:3013/_next/webpack-hmr?id=QXZE0Uty9m2NCDdplECCx' failed:  @ chrome-extension://gipfclelhppmafdlajajjkfepiiccnfd/content/console-capture.js:90
[  275088ms] [ERROR] Failed to load resource: net::ERR_CONNECTION_REFUSED @ http://localhost:4747/health:0
[  284549ms] [ERROR] WebSocket connection to 'ws://localhost:3013/_next/webpack-hmr?id=QXZE0Uty9m2NCDdplECCx' failed:  @ chrome-extension://gipfclelhppmafdlajajjkfepiiccnfd/content/console-capture.js:90
[  285049ms] [ERROR] Failed to load resource: net::ERR_CONNECTION_REFUSED @ http://localhost:4747/health:0
