[   -7204ms] [ERROR] WebSocket connection to 'ws://localhost:3002/_next/webpack-hmr?id=ELLmHQXojhANp4TmECm9Y' failed:  @ chrome-extension://gipfclelhppmafdlajajjkfepiiccnfd/content/console-capture.js:90
[ -304978ms] [ERROR] Blocked script execution in 'about:blank' because the document's frame is sandboxed and the 'allow-scripts' permission is not set. @ https://www.youtube.com/s/_/ytmainappweb/_/js/k=ytmainappweb.kevlar_base.en_US.CV0LBnkYmB0.es5.O/am=AAAAAAGAAAE/d=1/br=1/rs=AGKMywGjfGLd07WkQBca2bB5VcOn5Vh5Pg/m=kevlar_base_module,kevlar_main_module:3747
[   -1742ms] [ERROR] WebSocket connection to 'ws://localhost:3002/_next/webpack-hmr?id=ELLmHQXojhANp4TmECm9Y' failed:  @ chrome-extension://gipfclelhppmafdlajajjkfepiiccnfd/content/console-capture.js:90
[ -294418ms] [WARNING] The resource https://i.ytimg.com/vi/Cdlu4ixHqgo/hqdefault.jpg was preloaded using link preload but not used within a few seconds from the window's load event. Please make sure it has an appropriate `as` value and it is preloaded intentionally. @ https://www.youtube.com/watch?v=Cdlu4ixHqgo:0
[ -294417ms] [WARNING] The resource https://rr2---sn-un57enez.c.youtube.com/generate_204 was preloaded using link preload but not used within a few seconds from the window's load event. Please make sure it has an appropriate `as` value and it is preloaded intentionally. @ https://www.youtube.com/watch?v=Cdlu4ixHqgo:0
[ -294417ms] [WARNING] The resource https://rr7---sn-3u-bh2ly.googlevideo.com/generate_204 was preloaded using link preload but not used within a few seconds from the window's load event. Please make sure it has an appropriate `as` value and it is preloaded intentionally. @ https://www.youtube.com/watch?v=Cdlu4ixHqgo:0
[ -294417ms] [WARNING] The resource https://i.ytimg.com/generate_204 was preloaded using link preload but not used within a few seconds from the window's load event. Please make sure it has an appropriate `as` value and it is preloaded intentionally. @ https://www.youtube.com/watch?v=Cdlu4ixHqgo:0
[ -290968ms] [WARNING] The resource https://i.ytimg.com/vi/Cdlu4ixHqgo/hqdefault.jpg was preloaded using link preload but not used within a few seconds from the window's load event. Please make sure it has an appropriate `as` value and it is preloaded intentionally. @ https://www.youtube.com/watch?v=Cdlu4ixHqgo:0
[ -290968ms] [WARNING] The resource https://rr2---sn-un57enez.c.youtube.com/generate_204 was preloaded using link preload but not used within a few seconds from the window's load event. Please make sure it has an appropriate `as` value and it is preloaded intentionally. @ https://www.youtube.com/watch?v=Cdlu4ixHqgo:0
[ -290968ms] [WARNING] The resource https://rr7---sn-3u-bh2ly.googlevideo.com/generate_204 was preloaded using link preload but not used within a few seconds from the window's load event. Please make sure it has an appropriate `as` value and it is preloaded intentionally. @ https://www.youtube.com/watch?v=Cdlu4ixHqgo:0
[ -290968ms] [WARNING] The resource https://i.ytimg.com/generate_204 was preloaded using link preload but not used within a few seconds from the window's load event. Please make sure it has an appropriate `as` value and it is preloaded intentionally. @ https://www.youtube.com/watch?v=Cdlu4ixHqgo:0
[ -285089ms] [WARNING] The resource https://i.ytimg.com/vi/Cdlu4ixHqgo/hqdefault.jpg was preloaded using link preload but not used within a few seconds from the window's load event. Please make sure it has an appropriate `as` value and it is preloaded intentionally. @ https://www.youtube.com/watch?v=Cdlu4ixHqgo:0
[ -285089ms] [WARNING] The resource https://rr2---sn-un57enez.c.youtube.com/generate_204 was preloaded using link preload but not used within a few seconds from the window's load event. Please make sure it has an appropriate `as` value and it is preloaded intentionally. @ https://www.youtube.com/watch?v=Cdlu4ixHqgo:0
[ -285089ms] [WARNING] The resource https://rr7---sn-3u-bh2ly.googlevideo.com/generate_204 was preloaded using link preload but not used within a few seconds from the window's load event. Please make sure it has an appropriate `as` value and it is preloaded intentionally. @ https://www.youtube.com/watch?v=Cdlu4ixHqgo:0
[ -285089ms] [WARNING] The resource https://i.ytimg.com/generate_204 was preloaded using link preload but not used within a few seconds from the window's load event. Please make sure it has an appropriate `as` value and it is preloaded intentionally. @ https://www.youtube.com/watch?v=Cdlu4ixHqgo:0
[ -275036ms] [WARNING] The resource https://i.ytimg.com/vi/Cdlu4ixHqgo/hqdefault.jpg was preloaded using link preload but not used within a few seconds from the window's load event. Please make sure it has an appropriate `as` value and it is preloaded intentionally. @ https://www.youtube.com/watch?v=Cdlu4ixHqgo:0
[ -275036ms] [WARNING] The resource https://rr2---sn-un57enez.c.youtube.com/generate_204 was preloaded using link preload but not used within a few seconds from the window's load event. Please make sure it has an appropriate `as` value and it is preloaded intentionally. @ https://www.youtube.com/watch?v=Cdlu4ixHqgo:0
[ -275036ms] [WARNING] The resource https://rr7---sn-3u-bh2ly.googlevideo.com/generate_204 was preloaded using link preload but not used within a few seconds from the window's load event. Please make sure it has an appropriate `as` value and it is preloaded intentionally. @ https://www.youtube.com/watch?v=Cdlu4ixHqgo:0
[ -275036ms] [WARNING] The resource https://i.ytimg.com/generate_204 was preloaded using link preload but not used within a few seconds from the window's load event. Please make sure it has an appropriate `as` value and it is preloaded intentionally. @ https://www.youtube.com/watch?v=Cdlu4ixHqgo:0
[ -265093ms] [WARNING] The resource https://i.ytimg.com/vi/Cdlu4ixHqgo/hqdefault.jpg was preloaded using link preload but not used within a few seconds from the window's load event. Please make sure it has an appropriate `as` value and it is preloaded intentionally. @ https://www.youtube.com/watch?v=Cdlu4ixHqgo:0
[ -265093ms] [WARNING] The resource https://rr2---sn-un57enez.c.youtube.com/generate_204 was preloaded using link preload but not used within a few seconds from the window's load event. Please make sure it has an appropriate `as` value and it is preloaded intentionally. @ https://www.youtube.com/watch?v=Cdlu4ixHqgo:0
[ -265093ms] [WARNING] The resource https://rr7---sn-3u-bh2ly.googlevideo.com/generate_204 was preloaded using link preload but not used within a few seconds from the window's load event. Please make sure it has an appropriate `as` value and it is preloaded intentionally. @ https://www.youtube.com/watch?v=Cdlu4ixHqgo:0
[ -265093ms] [WARNING] The resource https://i.ytimg.com/generate_204 was preloaded using link preload but not used within a few seconds from the window's load event. Please make sure it has an appropriate `as` value and it is preloaded intentionally. @ https://www.youtube.com/watch?v=Cdlu4ixHqgo:0
[ -208756ms] [WARNING] The resource https://i.ytimg.com/vi/Cdlu4ixHqgo/hqdefault.jpg was preloaded using link preload but not used within a few seconds from the window's load event. Please make sure it has an appropriate `as` value and it is preloaded intentionally. @ https://www.youtube.com/watch?v=Cdlu4ixHqgo:0
[ -208756ms] [WARNING] The resource https://rr2---sn-un57enez.c.youtube.com/generate_204 was preloaded using link preload but not used within a few seconds from the window's load event. Please make sure it has an appropriate `as` value and it is preloaded intentionally. @ https://www.youtube.com/watch?v=Cdlu4ixHqgo:0
[ -208756ms] [WARNING] The resource https://rr7---sn-3u-bh2ly.googlevideo.com/generate_204 was preloaded using link preload but not used within a few seconds from the window's load event. Please make sure it has an appropriate `as` value and it is preloaded intentionally. @ https://www.youtube.com/watch?v=Cdlu4ixHqgo:0
[ -208756ms] [WARNING] The resource https://i.ytimg.com/generate_204 was preloaded using link preload but not used within a few seconds from the window's load event. Please make sure it has an appropriate `as` value and it is preloaded intentionally. @ https://www.youtube.com/watch?v=Cdlu4ixHqgo:0
[ -205494ms] [WARNING] The resource https://i.ytimg.com/vi/Cdlu4ixHqgo/hqdefault.jpg was preloaded using link preload but not used within a few seconds from the window's load event. Please make sure it has an appropriate `as` value and it is preloaded intentionally. @ https://www.youtube.com/watch?v=Cdlu4ixHqgo:0
[ -205494ms] [WARNING] The resource https://rr2---sn-un57enez.c.youtube.com/generate_204 was preloaded using link preload but not used within a few seconds from the window's load event. Please make sure it has an appropriate `as` value and it is preloaded intentionally. @ https://www.youtube.com/watch?v=Cdlu4ixHqgo:0
[ -205494ms] [WARNING] The resource https://rr7---sn-3u-bh2ly.googlevideo.com/generate_204 was preloaded using link preload but not used within a few seconds from the window's load event. Please make sure it has an appropriate `as` value and it is preloaded intentionally. @ https://www.youtube.com/watch?v=Cdlu4ixHqgo:0
[ -205494ms] [WARNING] The resource https://i.ytimg.com/generate_204 was preloaded using link preload but not used within a few seconds from the window's load event. Please make sure it has an appropriate `as` value and it is preloaded intentionally. @ https://www.youtube.com/watch?v=Cdlu4ixHqgo:0
[ -203090ms] [ERROR] requestStorageAccessFor: Permission denied. @ https://www.youtube.com/watch?v=Cdlu4ixHqgo:0
[ -203090ms] [ERROR] requestStorageAccessFor: Permission denied. @ https://www.youtube.com/watch?v=Cdlu4ixHqgo:0
[ -203090ms] [ERROR] requestStorageAccessFor: Permission denied. @ https://www.youtube.com/watch?v=Cdlu4ixHqgo:0
[ -199444ms] [WARNING] The resource https://i.ytimg.com/vi/Cdlu4ixHqgo/hqdefault.jpg was preloaded using link preload but not used within a few seconds from the window's load event. Please make sure it has an appropriate `as` value and it is preloaded intentionally. @ https://www.youtube.com/watch?v=Cdlu4ixHqgo:0
[ -199444ms] [WARNING] The resource https://rr2---sn-un57enez.c.youtube.com/generate_204 was preloaded using link preload but not used within a few seconds from the window's load event. Please make sure it has an appropriate `as` value and it is preloaded intentionally. @ https://www.youtube.com/watch?v=Cdlu4ixHqgo:0
[ -199444ms] [WARNING] The resource https://rr7---sn-3u-bh2ly.googlevideo.com/generate_204 was preloaded using link preload but not used within a few seconds from the window's load event. Please make sure it has an appropriate `as` value and it is preloaded intentionally. @ https://www.youtube.com/watch?v=Cdlu4ixHqgo:0
[ -199444ms] [WARNING] The resource https://i.ytimg.com/generate_204 was preloaded using link preload but not used within a few seconds from the window's load event. Please make sure it has an appropriate `as` value and it is preloaded intentionally. @ https://www.youtube.com/watch?v=Cdlu4ixHqgo:0
[ -195494ms] [WARNING] The resource https://i.ytimg.com/vi/Cdlu4ixHqgo/hqdefault.jpg was preloaded using link preload but not used within a few seconds from the window's load event. Please make sure it has an appropriate `as` value and it is preloaded intentionally. @ https://www.youtube.com/watch?v=Cdlu4ixHqgo:0
[ -195494ms] [WARNING] The resource https://rr2---sn-un57enez.c.youtube.com/generate_204 was preloaded using link preload but not used within a few seconds from the window's load event. Please make sure it has an appropriate `as` value and it is preloaded intentionally. @ https://www.youtube.com/watch?v=Cdlu4ixHqgo:0
[ -195494ms] [WARNING] The resource https://rr7---sn-3u-bh2ly.googlevideo.com/generate_204 was preloaded using link preload but not used within a few seconds from the window's load event. Please make sure it has an appropriate `as` value and it is preloaded intentionally. @ https://www.youtube.com/watch?v=Cdlu4ixHqgo:0
[ -195494ms] [WARNING] The resource https://i.ytimg.com/generate_204 was preloaded using link preload but not used within a few seconds from the window's load event. Please make sure it has an appropriate `as` value and it is preloaded intentionally. @ https://www.youtube.com/watch?v=Cdlu4ixHqgo:0
[ -190495ms] [WARNING] The resource https://i.ytimg.com/vi/Cdlu4ixHqgo/hqdefault.jpg was preloaded using link preload but not used within a few seconds from the window's load event. Please make sure it has an appropriate `as` value and it is preloaded intentionally. @ https://www.youtube.com/watch?v=Cdlu4ixHqgo:0
[ -190495ms] [WARNING] The resource https://rr2---sn-un57enez.c.youtube.com/generate_204 was preloaded using link preload but not used within a few seconds from the window's load event. Please make sure it has an appropriate `as` value and it is preloaded intentionally. @ https://www.youtube.com/watch?v=Cdlu4ixHqgo:0
[ -190495ms] [WARNING] The resource https://rr7---sn-3u-bh2ly.googlevideo.com/generate_204 was preloaded using link preload but not used within a few seconds from the window's load event. Please make sure it has an appropriate `as` value and it is preloaded intentionally. @ https://www.youtube.com/watch?v=Cdlu4ixHqgo:0
[ -190495ms] [WARNING] The resource https://i.ytimg.com/generate_204 was preloaded using link preload but not used within a few seconds from the window's load event. Please make sure it has an appropriate `as` value and it is preloaded intentionally. @ https://www.youtube.com/watch?v=Cdlu4ixHqgo:0
[ -180508ms] [WARNING] The resource https://i.ytimg.com/vi/Cdlu4ixHqgo/hqdefault.jpg was preloaded using link preload but not used within a few seconds from the window's load event. Please make sure it has an appropriate `as` value and it is preloaded intentionally. @ https://www.youtube.com/watch?v=Cdlu4ixHqgo:0
[ -180507ms] [WARNING] The resource https://rr2---sn-un57enez.c.youtube.com/generate_204 was preloaded using link preload but not used within a few seconds from the window's load event. Please make sure it has an appropriate `as` value and it is preloaded intentionally. @ https://www.youtube.com/watch?v=Cdlu4ixHqgo:0
[ -180507ms] [WARNING] The resource https://rr7---sn-3u-bh2ly.googlevideo.com/generate_204 was preloaded using link preload but not used within a few seconds from the window's load event. Please make sure it has an appropriate `as` value and it is preloaded intentionally. @ https://www.youtube.com/watch?v=Cdlu4ixHqgo:0
[ -180507ms] [WARNING] The resource https://i.ytimg.com/generate_204 was preloaded using link preload but not used within a few seconds from the window's load event. Please make sure it has an appropriate `as` value and it is preloaded intentionally. @ https://www.youtube.com/watch?v=Cdlu4ixHqgo:0
[ -139356ms] [WARNING] The resource https://i.ytimg.com/vi/Cdlu4ixHqgo/hqdefault.jpg was preloaded using link preload but not used within a few seconds from the window's load event. Please make sure it has an appropriate `as` value and it is preloaded intentionally. @ https://www.youtube.com/watch?v=Cdlu4ixHqgo:0
[ -139356ms] [WARNING] The resource https://rr2---sn-un57enez.c.youtube.com/generate_204 was preloaded using link preload but not used within a few seconds from the window's load event. Please make sure it has an appropriate `as` value and it is preloaded intentionally. @ https://www.youtube.com/watch?v=Cdlu4ixHqgo:0
[ -139356ms] [WARNING] The resource https://rr7---sn-3u-bh2ly.googlevideo.com/generate_204 was preloaded using link preload but not used within a few seconds from the window's load event. Please make sure it has an appropriate `as` value and it is preloaded intentionally. @ https://www.youtube.com/watch?v=Cdlu4ixHqgo:0
[ -139356ms] [WARNING] The resource https://i.ytimg.com/generate_204 was preloaded using link preload but not used within a few seconds from the window's load event. Please make sure it has an appropriate `as` value and it is preloaded intentionally. @ https://www.youtube.com/watch?v=Cdlu4ixHqgo:0
[    6065ms] [ERROR] WebSocket connection to 'ws://localhost:3002/_next/webpack-hmr?id=ELLmHQXojhANp4TmECm9Y' failed:  @ chrome-extension://gipfclelhppmafdlajajjkfepiiccnfd/content/console-capture.js:90
[   10685ms] [ERROR] WebSocket connection to 'ws://localhost:3002/_next/webpack-hmr?id=ELLmHQXojhANp4TmECm9Y' failed:  @ chrome-extension://gipfclelhppmafdlajajjkfepiiccnfd/content/console-capture.js:90
[   18299ms] [ERROR] WebSocket connection to 'ws://localhost:3002/_next/webpack-hmr?id=ELLmHQXojhANp4TmECm9Y' failed:  @ chrome-extension://gipfclelhppmafdlajajjkfepiiccnfd/content/console-capture.js:90
[   26595ms] [ERROR] WebSocket connection to 'ws://localhost:3002/_next/webpack-hmr?id=ELLmHQXojhANp4TmECm9Y' failed:  @ chrome-extension://gipfclelhppmafdlajajjkfepiiccnfd/content/console-capture.js:90
[   39999ms] [ERROR] WebSocket connection to 'ws://localhost:3002/_next/webpack-hmr?id=ELLmHQXojhANp4TmECm9Y' failed:  @ chrome-extension://gipfclelhppmafdlajajjkfepiiccnfd/content/console-capture.js:90
[   49755ms] [ERROR] WebSocket connection to 'ws://localhost:3002/_next/webpack-hmr?id=ELLmHQXojhANp4TmECm9Y' failed:  @ chrome-extension://gipfclelhppmafdlajajjkfepiiccnfd/content/console-capture.js:90
[   60595ms] [ERROR] WebSocket connection to 'ws://localhost:3002/_next/webpack-hmr?id=ELLmHQXojhANp4TmECm9Y' failed:  @ chrome-extension://gipfclelhppmafdlajajjkfepiiccnfd/content/console-capture.js:90
[   71320ms] [ERROR] WebSocket connection to 'ws://localhost:3002/_next/webpack-hmr?id=ELLmHQXojhANp4TmECm9Y' failed:  @ chrome-extension://gipfclelhppmafdlajajjkfepiiccnfd/content/console-capture.js:90
[   83154ms] [ERROR] WebSocket connection to 'ws://localhost:3002/_next/webpack-hmr?id=ELLmHQXojhANp4TmECm9Y' failed:  @ chrome-extension://gipfclelhppmafdlajajjkfepiiccnfd/content/console-capture.js:90
[   92180ms] [ERROR] WebSocket connection to 'ws://localhost:3002/_next/webpack-hmr?id=ELLmHQXojhANp4TmECm9Y' failed:  @ chrome-extension://gipfclelhppmafdlajajjkfepiiccnfd/content/console-capture.js:90
[  101135ms] [ERROR] WebSocket connection to 'ws://localhost:3002/_next/webpack-hmr?id=ELLmHQXojhANp4TmECm9Y' failed:  @ chrome-extension://gipfclelhppmafdlajajjkfepiiccnfd/content/console-capture.js:90
[  106049ms] [ERROR] WebSocket connection to 'ws://localhost:3002/_next/webpack-hmr?id=ELLmHQXojhANp4TmECm9Y' failed:  @ chrome-extension://gipfclelhppmafdlajajjkfepiiccnfd/content/console-capture.js:90
[  113251ms] [ERROR] WebSocket connection to 'ws://localhost:3002/_next/webpack-hmr?id=ELLmHQXojhANp4TmECm9Y' failed:  @ chrome-extension://gipfclelhppmafdlajajjkfepiiccnfd/content/console-capture.js:90
[  115581ms] [WARNING] The resource https://i.ytimg.com/vi/Cdlu4ixHqgo/hqdefault.jpg was preloaded using link preload but not used within a few seconds from the window's load event. Please make sure it has an appropriate `as` value and it is preloaded intentionally. @ https://www.youtube.com/watch?v=Cdlu4ixHqgo:0
[  115581ms] [WARNING] The resource https://rr2---sn-un57enez.c.youtube.com/generate_204 was preloaded using link preload but not used within a few seconds from the window's load event. Please make sure it has an appropriate `as` value and it is preloaded intentionally. @ https://www.youtube.com/watch?v=Cdlu4ixHqgo:0
[  115581ms] [WARNING] The resource https://rr7---sn-3u-bh2ly.googlevideo.com/generate_204 was preloaded using link preload but not used within a few seconds from the window's load event. Please make sure it has an appropriate `as` value and it is preloaded intentionally. @ https://www.youtube.com/watch?v=Cdlu4ixHqgo:0
[  115581ms] [WARNING] The resource https://i.ytimg.com/generate_204 was preloaded using link preload but not used within a few seconds from the window's load event. Please make sure it has an appropriate `as` value and it is preloaded intentionally. @ https://www.youtube.com/watch?v=Cdlu4ixHqgo:0
[  120877ms] [ERROR] WebSocket connection to 'ws://localhost:3002/_next/webpack-hmr?id=ELLmHQXojhANp4TmECm9Y' failed:  @ chrome-extension://gipfclelhppmafdlajajjkfepiiccnfd/content/console-capture.js:90
[  126493ms] [ERROR] WebSocket connection to 'ws://localhost:3002/_next/webpack-hmr?id=ELLmHQXojhANp4TmECm9Y' failed:  @ chrome-extension://gipfclelhppmafdlajajjkfepiiccnfd/content/console-capture.js:90
[  136164ms] [ERROR] WebSocket connection to 'ws://localhost:3002/_next/webpack-hmr?id=ELLmHQXojhANp4TmECm9Y' failed:  @ chrome-extension://gipfclelhppmafdlajajjkfepiiccnfd/content/console-capture.js:90
[  143403ms] [ERROR] WebSocket connection to 'ws://localhost:3002/_next/webpack-hmr?id=ELLmHQXojhANp4TmECm9Y' failed:  @ chrome-extension://gipfclelhppmafdlajajjkfepiiccnfd/content/console-capture.js:90
[  152394ms] [ERROR] WebSocket connection to 'ws://localhost:3002/_next/webpack-hmr?id=ELLmHQXojhANp4TmECm9Y' failed:  @ chrome-extension://gipfclelhppmafdlajajjkfepiiccnfd/content/console-capture.js:90
[  160613ms] [ERROR] WebSocket connection to 'ws://localhost:3002/_next/webpack-hmr?id=ELLmHQXojhANp4TmECm9Y' failed:  @ chrome-extension://gipfclelhppmafdlajajjkfepiiccnfd/content/console-capture.js:90
[  169878ms] [ERROR] WebSocket connection to 'ws://localhost:3002/_next/webpack-hmr?id=ELLmHQXojhANp4TmECm9Y' failed:  @ chrome-extension://gipfclelhppmafdlajajjkfepiiccnfd/content/console-capture.js:90
[  179127ms] [ERROR] WebSocket connection to 'ws://localhost:3002/_next/webpack-hmr?id=ELLmHQXojhANp4TmECm9Y' failed:  @ chrome-extension://gipfclelhppmafdlajajjkfepiiccnfd/content/console-capture.js:90
[  189273ms] [ERROR] WebSocket connection to 'ws://localhost:3002/_next/webpack-hmr?id=ELLmHQXojhANp4TmECm9Y' failed:  @ chrome-extension://gipfclelhppmafdlajajjkfepiiccnfd/content/console-capture.js:90
[  200302ms] [ERROR] WebSocket connection to 'ws://localhost:3002/_next/webpack-hmr?id=ELLmHQXojhANp4TmECm9Y' failed:  @ chrome-extension://gipfclelhppmafdlajajjkfepiiccnfd/content/console-capture.js:90
[  209925ms] [ERROR] WebSocket connection to 'ws://localhost:3002/_next/webpack-hmr?id=ELLmHQXojhANp4TmECm9Y' failed:  @ chrome-extension://gipfclelhppmafdlajajjkfepiiccnfd/content/console-capture.js:90
[  216345ms] [ERROR] WebSocket connection to 'ws://localhost:3002/_next/webpack-hmr?id=ELLmHQXojhANp4TmECm9Y' failed:  @ chrome-extension://gipfclelhppmafdlajajjkfepiiccnfd/content/console-capture.js:90
[  221291ms] [ERROR] WebSocket connection to 'ws://localhost:3002/_next/webpack-hmr?id=ELLmHQXojhANp4TmECm9Y' failed:  @ chrome-extension://gipfclelhppmafdlajajjkfepiiccnfd/content/console-capture.js:90
[  227176ms] [ERROR] WebSocket connection to 'ws://localhost:3002/_next/webpack-hmr?id=ELLmHQXojhANp4TmECm9Y' failed:  @ chrome-extension://gipfclelhppmafdlajajjkfepiiccnfd/content/console-capture.js:90
[  233743ms] [ERROR] WebSocket connection to 'ws://localhost:3002/_next/webpack-hmr?id=ELLmHQXojhANp4TmECm9Y' failed:  @ chrome-extension://gipfclelhppmafdlajajjkfepiiccnfd/content/console-capture.js:90
[  240535ms] [ERROR] WebSocket connection to 'ws://localhost:3002/_next/webpack-hmr?id=ELLmHQXojhANp4TmECm9Y' failed:  @ chrome-extension://gipfclelhppmafdlajajjkfepiiccnfd/content/console-capture.js:90
[  246690ms] [ERROR] WebSocket connection to 'ws://localhost:3002/_next/webpack-hmr?id=ELLmHQXojhANp4TmECm9Y' failed:  @ chrome-extension://gipfclelhppmafdlajajjkfepiiccnfd/content/console-capture.js:90
[  258607ms] [ERROR] WebSocket connection to 'ws://localhost:3002/_next/webpack-hmr?id=ELLmHQXojhANp4TmECm9Y' failed:  @ chrome-extension://gipfclelhppmafdlajajjkfepiiccnfd/content/console-capture.js:90
[  268352ms] [ERROR] WebSocket connection to 'ws://localhost:3002/_next/webpack-hmr?id=ELLmHQXojhANp4TmECm9Y' failed:  @ chrome-extension://gipfclelhppmafdlajajjkfepiiccnfd/content/console-capture.js:90
[  276356ms] [ERROR] WebSocket connection to 'ws://localhost:3002/_next/webpack-hmr?id=ELLmHQXojhANp4TmECm9Y' failed:  @ chrome-extension://gipfclelhppmafdlajajjkfepiiccnfd/content/console-capture.js:90
[  283680ms] [ERROR] WebSocket connection to 'ws://localhost:3002/_next/webpack-hmr?id=ELLmHQXojhANp4TmECm9Y' failed:  @ chrome-extension://gipfclelhppmafdlajajjkfepiiccnfd/content/console-capture.js:90
[  291008ms] [ERROR] WebSocket connection to 'ws://localhost:3002/_next/webpack-hmr?id=ELLmHQXojhANp4TmECm9Y' failed:  @ chrome-extension://gipfclelhppmafdlajajjkfepiiccnfd/content/console-capture.js:90
[  298620ms] [ERROR] WebSocket connection to 'ws://localhost:3002/_next/webpack-hmr?id=ELLmHQXojhANp4TmECm9Y' failed:  @ chrome-extension://gipfclelhppmafdlajajjkfepiiccnfd/content/console-capture.js:90
[  305983ms] [ERROR] WebSocket connection to 'ws://localhost:3002/_next/webpack-hmr?id=ELLmHQXojhANp4TmECm9Y' failed:  @ chrome-extension://gipfclelhppmafdlajajjkfepiiccnfd/content/console-capture.js:90
[  310066ms] [ERROR] WebSocket connection to 'ws://localhost:3002/_next/webpack-hmr?id=ELLmHQXojhANp4TmECm9Y' failed:  @ chrome-extension://gipfclelhppmafdlajajjkfepiiccnfd/content/console-capture.js:90
[  313439ms] [ERROR] WebSocket connection to 'ws://localhost:3002/_next/webpack-hmr?id=ELLmHQXojhANp4TmECm9Y' failed:  @ chrome-extension://gipfclelhppmafdlajajjkfepiiccnfd/content/console-capture.js:90
[  316778ms] [ERROR] WebSocket connection to 'ws://localhost:3002/_next/webpack-hmr?id=ELLmHQXojhANp4TmECm9Y' failed:  @ chrome-extension://gipfclelhppmafdlajajjkfepiiccnfd/content/console-capture.js:90
[  320842ms] [ERROR] WebSocket connection to 'ws://localhost:3002/_next/webpack-hmr?id=ELLmHQXojhANp4TmECm9Y' failed:  @ chrome-extension://gipfclelhppmafdlajajjkfepiiccnfd/content/console-capture.js:90
[  323006ms] [WARNING] The resource https://i.ytimg.com/vi/Cdlu4ixHqgo/hqdefault.jpg was preloaded using link preload but not used within a few seconds from the window's load event. Please make sure it has an appropriate `as` value and it is preloaded intentionally. @ https://www.youtube.com/watch?v=Cdlu4ixHqgo:0
[  323006ms] [WARNING] The resource https://rr2---sn-un57enez.c.youtube.com/generate_204 was preloaded using link preload but not used within a few seconds from the window's load event. Please make sure it has an appropriate `as` value and it is preloaded intentionally. @ https://www.youtube.com/watch?v=Cdlu4ixHqgo:0
[  323006ms] [WARNING] The resource https://rr7---sn-3u-bh2ly.googlevideo.com/generate_204 was preloaded using link preload but not used within a few seconds from the window's load event. Please make sure it has an appropriate `as` value and it is preloaded intentionally. @ https://www.youtube.com/watch?v=Cdlu4ixHqgo:0
[  323006ms] [WARNING] The resource https://i.ytimg.com/generate_204 was preloaded using link preload but not used within a few seconds from the window's load event. Please make sure it has an appropriate `as` value and it is preloaded intentionally. @ https://www.youtube.com/watch?v=Cdlu4ixHqgo:0
[  324201ms] [ERROR] WebSocket connection to 'ws://localhost:3002/_next/webpack-hmr?id=ELLmHQXojhANp4TmECm9Y' failed:  @ chrome-extension://gipfclelhppmafdlajajjkfepiiccnfd/content/console-capture.js:90
[  327619ms] [ERROR] WebSocket connection to 'ws://localhost:3002/_next/webpack-hmr?id=ELLmHQXojhANp4TmECm9Y' failed:  @ chrome-extension://gipfclelhppmafdlajajjkfepiiccnfd/content/console-capture.js:90
