[  -17275ms] [WARNING] <meta name="apple-mobile-web-app-capable" content="yes"> is deprecated. Please include <meta name="mobile-web-app-capable" content="yes"> @ http://localhost:3013/:0
[ -813897ms] [ERROR] Failed to load resource: the server responded with a status of 404 () @ https://adsense.google.com/favicon.ico:0
[  -17067ms] [ERROR] Failed to load resource: the server responded with a status of 403 () @ https://www.googleapis.com/youtube/v3/search?part=snippet&q=%EC%8B%A4%EC%8B%9C%EA%B0%84%20%20%EB%82%9A%EC%8B%9C%20%EC%A1%B0%EA%B3%BC&type=video&maxResults=8&order=date&relevanceLanguage=ko&key=AIzaSyBU6IJpzRYutQCdanQOi0ZEy_sgtTeaAlY:0
[  -15026ms] [ERROR] Failed to load resource: net::ERR_FAILED @ http://localhost:3013/api/naver?type=blog&query=%EB%82%9A%EC%8B%9C%20%EC%A1%B0%ED%96%89%EA%B8%B0&display=15&sort=date:0
[  -15025ms] [ERROR] Failed to load resource: net::ERR_FAILED @ http://localhost:3013/api/naver?type=news&query=%EB%82%9A%EC%8B%9C%20%EC%A1%B0%ED%96%89%EA%B8%B0&display=15&sort=date:0
[  -15011ms] [ERROR] Failed to load resource: net::ERR_CONNECTION_REFUSED @ http://localhost:4747/health:0
[  -14996ms] [ERROR] Failed to load resource: net::ERR_CONNECTION_REFUSED @ http://localhost:4747/sessions:0
[  -12819ms] [ERROR] Failed to load resource: net::ERR_FAILED @ http://localhost:3013/api/tide?pageNo=1&numOfRows=10&obs_post_id=DT_0018&date=20260315:0
[   -9302ms] [ERROR] WebSocket connection to 'ws://localhost:3013/_next/webpack-hmr?id=JuP4a-qq2eAwBJOcqhDEX' failed:  @ chrome-extension://gipfclelhppmafdlajajjkfepiiccnfd/content/console-capture.js:90
[   -5019ms] [ERROR] Failed to load resource: net::ERR_CONNECTION_REFUSED @ http://localhost:4747/health:0
[   -2592ms] [ERROR] WebSocket connection to 'ws://localhost:3013/_next/webpack-hmr?id=JuP4a-qq2eAwBJOcqhDEX' failed:  @ chrome-extension://gipfclelhppmafdlajajjkfepiiccnfd/content/console-capture.js:90
[  -17067ms] [WARNING] YouTube API returned 403, using mock data @ chrome-extension://gipfclelhppmafdlajajjkfepiiccnfd/content/console-capture.js:67
[  -14996ms] [WARNING] [Agentation] Failed to initialize session, using local storage: TypeError: Failed to fetch
    at createSession (http://localhost:3013/_next/static/chunks/node_modules_agentation_dist_index_mjs_a4d7dd5f._.js:2389:28)
    at PageFeedbackToolbarCSS.useEffect2.initSession (http://localhost:3013/_next/static/chunks/node_modules_agentation_dist_index_mjs_a4d7dd5f._.js:3624:51)
    at PageFeedbackToolbarCSS.useEffect2 (http://localhost:3013/_next/static/chunks/node_modules_agentation_dist_index_mjs_a4d7dd5f._.js:3690:13)
    at Object.react_stack_bottom_frame (http://localhost:3013/_next/static/chunks/node_modules_next_dist_compiled_react-dom_1e674e59._.js:14876:22)
    at runWithFiberInDEV (http://localhost:3013/_next/static/chunks/node_modules_next_dist_compiled_react-dom_1e674e59._.js:965:74)
    at commitHookEffectListMount (http://localhost:3013/_next/static/chunks/node_modules_next_dist_compiled_react-dom_1e674e59._.js:7266:167)
    at commitHookPassiveMountEffects (http://localhost:3013/_next/static/chunks/node_modules_next_dist_compiled_react-dom_1e674e59._.js:7301:60)
    at commitPassiveMountOnFiber (http://localhost:3013/_next/static/chunks/node_modules_next_dist_compiled_react-dom_1e674e59._.js:8696:33)
    at recursivelyTraversePassiveMountEffects (http://localhost:3013/_next/static/chunks/node_modules_next_dist_compiled_react-dom_1e674e59._.js:8683:316)
    at commitPassiveMountOnFiber (http://localhost:3013/_next/static/chunks/node_modules_next_dist_compiled_react-dom_1e674e59._.js:8757:17)
    at recursivelyTraversePassiveMountEffects (http://localhost:3013/_next/static/chunks/node_modules_next_dist_compiled_react-dom_1e674e59._.js:8683:316)
    at commitPassiveMountOnFiber (http://localhost:3013/_next/static/chunks/node_modules_next_dist_compiled_react-dom_1e674e59._.js:8757:17)
    at recursivelyTraversePassiveMountEffects (http://localhost:3013/_next/static/chunks/node_modules_next_dist_compiled_react-dom_1e674e59._.js:8683:316)
    at commitPassiveMountOnFiber (http://localhost:3013/_next/static/chunks/node_modules_next_dist_compiled_react-dom_1e674e59._.js:8757:17)
    at recursivelyTraversePassiveMountEffects (http://localhost:3013/_next/static/chunks/node_modules_next_dist_compiled_react-dom_1e674e59._.js:8683:316)
    at commitPassiveMountOnFiber (http://localhost:3013/_next/static/chunks/node_modules_next_dist_compiled_react-dom_1e674e59._.js:8695:17)
    at recursivelyTraversePassiveMountEffects (http://localhost:3013/_next/static/chunks/node_modules_next_dist_compiled_react-dom_1e674e59._.js:8683:316)
    at commitPassiveMountOnFiber (http://localhost:3013/_next/static/chunks/node_modules_next_dist_compiled_react-dom_1e674e59._.js:8695:17)
    at recursivelyTraversePassiveMountEffects (http://localhost:3013/_next/static/chunks/node_modules_next_dist_compiled_react-dom_1e674e59._.js:8683:316)
    at commitPassiveMountOnFiber (http://localhost:3013/_next/static/chunks/node_modules_next_dist_compiled_react-dom_1e674e59._.js:8700:17)
    at recursivelyTraversePassiveMountEffects (http://localhost:3013/_next/static/chunks/node_modules_next_dist_compiled_react-dom_1e674e59._.js:8683:316)
    at commitPassiveMountOnFiber (http://localhost:3013/_next/static/chunks/node_modules_next_dist_compiled_react-dom_1e674e59._.js:8695:17)
    at recursivelyTraversePassiveMountEffects (http://localhost:3013/_next/static/chunks/node_modules_next_dist_compiled_react-dom_1e674e59._.js:8683:316)
    at commitPassiveMountOnFiber (http://localhost:3013/_next/static/chunks/node_modules_next_dist_compiled_react-dom_1e674e59._.js:8700:17)
    at recursivelyTraversePassiveMountEffects (http://localhost:3013/_next/static/chunks/node_modules_next_dist_compiled_react-dom_1e674e59._.js:8683:316)
    at commitPassiveMountOnFiber (http://localhost:3013/_next/static/chunks/node_modules_next_dist_compiled_react-dom_1e674e59._.js:8695:17)
    at recursivelyTraversePassiveMountEffects (http://localhost:3013/_next/static/chunks/node_modules_next_dist_compiled_react-dom_1e674e59._.js:8683:316)
    at commitPassiveMountOnFiber (http://localhost:3013/_next/static/chunks/node_modules_next_dist_compiled_react-dom_1e674e59._.js:8695:17)
    at recursivelyTraversePassiveMountEffects (http://localhost:3013/_next/static/chunks/node_modules_next_dist_compiled_react-dom_1e674e59._.js:8683:316)
    at commitPassiveMountOnFiber (http://localhost:3013/_next/static/chunks/node_modules_next_dist_compiled_react-dom_1e674e59._.js:8700:17)
    at recursivelyTraversePassiveMountEffects (http://localhost:3013/_next/static/chunks/node_modules_next_dist_compiled_react-dom_1e674e59._.js:8683:316)
    at commitPassiveMountOnFiber (http://localhost:3013/_next/static/chunks/node_modules_next_dist_compiled_react-dom_1e674e59._.js:8695:17)
    at recursivelyTraversePassiveMountEffects (http://localhost:3013/_next/static/chunks/node_modules_next_dist_compiled_react-dom_1e674e59._.js:8683:316)
    at commitPassiveMountOnFiber (http://localhost:3013/_next/static/chunks/node_modules_next_dist_compiled_react-dom_1e674e59._.js:8757:17)
    at recursivelyTraversePassiveMountEffects (http://localhost:3013/_next/static/chunks/node_modules_next_dist_compiled_react-dom_1e674e59._.js:8683:316)
    at commitPassiveMountOnFiber (http://localhost:3013/_next/static/chunks/node_modules_next_dist_compiled_react-dom_1e674e59._.js:8757:17)
    at recursivelyTraversePassiveMountEffects (http://localhost:3013/_next/static/chunks/node_modules_next_dist_compiled_react-dom_1e674e59._.js:8683:316)
    at commitPassiveMountOnFiber (http://localhost:3013/_next/static/chunks/node_modules_next_dist_compiled_react-dom_1e674e59._.js:8757:17)
    at recursivelyTraversePassiveMountEffects (http://localhost:3013/_next/static/chunks/node_modules_next_dist_compiled_react-dom_1e674e59._.js:8683:316)
    at commitPassiveMountOnFiber (http://localhost:3013/_next/static/chunks/node_modules_next_dist_compiled_react-dom_1e674e59._.js:8757:17)
    at recursivelyTraversePassiveMountEffects (http://localhost:3013/_next/static/chunks/node_modules_next_dist_compiled_react-dom_1e674e59._.js:8683:316)
    at commitPassiveMountOnFiber (http://localhost:3013/_next/static/chunks/node_modules_next_dist_compiled_react-dom_1e674e59._.js:8757:17)
    at recursivelyTraversePassiveMountEffects (http://localhost:3013/_next/static/chunks/node_modules_next_dist_compiled_react-dom_1e674e59._.js:8683:316)
    at commitPassiveMountOnFiber (http://localhost:3013/_next/static/chunks/node_modules_next_dist_compiled_react-dom_1e674e59._.js:8757:17)
    at recursivelyTraversePassiveMountEffects (http://localhost:3013/_next/static/chunks/node_modules_next_dist_compiled_react-dom_1e674e59._.js:8683:316)
    at commitPassiveMountOnFiber (http://localhost:3013/_next/static/chunks/node_modules_next_dist_compiled_react-dom_1e674e59._.js:8757:17)
    at recursivelyTraversePassiveMountEffects (http://localhost:3013/_next/static/chunks/node_modules_next_dist_compiled_react-dom_1e674e59._.js:8683:316)
    at commitPassiveMountOnFiber (http://localhost:3013/_next/static/chunks/node_modules_next_dist_compiled_react-dom_1e674e59._.js:8695:17)
    at recursivelyTraversePassiveMountEffects (http://localhost:3013/_next/static/chunks/node_modules_next_dist_compiled_react-dom_1e674e59._.js:8683:316)
    at commitPassiveMountOnFiber (http://localhost:3013/_next/static/chunks/node_modules_next_dist_compiled_react-dom_1e674e59._.js:8700:17) @ chrome-extension://gipfclelhppmafdlajajjkfepiiccnfd/content/console-capture.js:67
[  -12819ms] [WARNING] Tide API proxy failed. @ chrome-extension://gipfclelhppmafdlajajjkfepiiccnfd/content/console-capture.js:67
[    4124ms] [ERROR] WebSocket connection to 'ws://localhost:3013/_next/webpack-hmr?id=JuP4a-qq2eAwBJOcqhDEX' failed:  @ chrome-extension://gipfclelhppmafdlajajjkfepiiccnfd/content/console-capture.js:90
[    4989ms] [ERROR] Failed to load resource: net::ERR_CONNECTION_REFUSED @ http://localhost:4747/health:0
[    8508ms] [ERROR] WebSocket connection to 'ws://localhost:3013/_next/webpack-hmr?id=JuP4a-qq2eAwBJOcqhDEX' failed:  @ chrome-extension://gipfclelhppmafdlajajjkfepiiccnfd/content/console-capture.js:90
[   14987ms] [ERROR] Failed to load resource: net::ERR_CONNECTION_REFUSED @ http://localhost:4747/health:0
[   15880ms] [ERROR] WebSocket connection to 'ws://localhost:3013/_next/webpack-hmr?id=JuP4a-qq2eAwBJOcqhDEX' failed:  @ chrome-extension://gipfclelhppmafdlajajjkfepiiccnfd/content/console-capture.js:90
[   22004ms] [ERROR] WebSocket connection to 'ws://localhost:3013/_next/webpack-hmr?id=JuP4a-qq2eAwBJOcqhDEX' failed:  @ chrome-extension://gipfclelhppmafdlajajjkfepiiccnfd/content/console-capture.js:90
[   24974ms] [ERROR] Failed to load resource: net::ERR_CONNECTION_REFUSED @ http://localhost:4747/health:0
[   33750ms] [ERROR] WebSocket connection to 'ws://localhost:3013/_next/webpack-hmr?id=JuP4a-qq2eAwBJOcqhDEX' failed:  @ chrome-extension://gipfclelhppmafdlajajjkfepiiccnfd/content/console-capture.js:90
[   34965ms] [ERROR] Failed to load resource: net::ERR_CONNECTION_REFUSED @ http://localhost:4747/health:0
[   44959ms] [ERROR] Failed to load resource: net::ERR_CONNECTION_REFUSED @ http://localhost:4747/health:0
[   45248ms] [ERROR] WebSocket connection to 'ws://localhost:3013/_next/webpack-hmr?id=JuP4a-qq2eAwBJOcqhDEX' failed:  @ chrome-extension://gipfclelhppmafdlajajjkfepiiccnfd/content/console-capture.js:90
[   54157ms] [ERROR] WebSocket connection to 'ws://localhost:3013/_next/webpack-hmr?id=JuP4a-qq2eAwBJOcqhDEX' failed:  @ chrome-extension://gipfclelhppmafdlajajjkfepiiccnfd/content/console-capture.js:90
[   54979ms] [ERROR] Failed to load resource: net::ERR_CONNECTION_REFUSED @ http://localhost:4747/health:0
[   64632ms] [ERROR] WebSocket connection to 'ws://localhost:3013/_next/webpack-hmr?id=JuP4a-qq2eAwBJOcqhDEX' failed:  @ chrome-extension://gipfclelhppmafdlajajjkfepiiccnfd/content/console-capture.js:90
[   64995ms] [ERROR] Failed to load resource: net::ERR_CONNECTION_REFUSED @ http://localhost:4747/health:0
[   73127ms] [ERROR] WebSocket connection to 'ws://localhost:3013/_next/webpack-hmr?id=JuP4a-qq2eAwBJOcqhDEX' failed:  @ chrome-extension://gipfclelhppmafdlajajjkfepiiccnfd/content/console-capture.js:90
[   74999ms] [ERROR] Failed to load resource: net::ERR_CONNECTION_REFUSED @ http://localhost:4747/health:0
[   81687ms] [ERROR] WebSocket connection to 'ws://localhost:3013/_next/webpack-hmr?id=JuP4a-qq2eAwBJOcqhDEX' failed:  @ chrome-extension://gipfclelhppmafdlajajjkfepiiccnfd/content/console-capture.js:90
[   85008ms] [ERROR] Failed to load resource: net::ERR_CONNECTION_REFUSED @ http://localhost:4747/health:0
[   93365ms] [ERROR] WebSocket connection to 'ws://localhost:3013/_next/webpack-hmr?id=JuP4a-qq2eAwBJOcqhDEX' failed:  @ chrome-extension://gipfclelhppmafdlajajjkfepiiccnfd/content/console-capture.js:90
[   93656ms] [WARNING] <meta name="apple-mobile-web-app-capable" content="yes"> is deprecated. Please include <meta name="mobile-web-app-capable" content="yes"> @ http://localhost:3013/:0
[   93657ms] [ERROR] Failed to load resource: the server responded with a status of 403 () @ https://www.googleapis.com/youtube/v3/search?part=snippet&q=%EC%8B%A4%EC%8B%9C%EA%B0%84%20%20%EB%82%9A%EC%8B%9C%20%EC%A1%B0%EA%B3%BC&type=video&maxResults=8&order=date&relevanceLanguage=ko&key=AIzaSyBU6IJpzRYutQCdanQOi0ZEy_sgtTeaAlY:0
[   93658ms] [WARNING] YouTube API returned 403, using mock data @ chrome-extension://gipfclelhppmafdlajajjkfepiiccnfd/content/console-capture.js:67
[   94998ms] [ERROR] Failed to load resource: net::ERR_CONNECTION_REFUSED @ http://localhost:4747/sessions:0
[   94999ms] [WARNING] [Agentation] Failed to initialize session, using local storage: TypeError: Failed to fetch
    at createSession (http://localhost:3013/_next/static/chunks/node_modules_agentation_dist_index_mjs_a4d7dd5f._.js:2389:28)
    at PageFeedbackToolbarCSS.useEffect2.initSession (http://localhost:3013/_next/static/chunks/node_modules_agentation_dist_index_mjs_a4d7dd5f._.js:3624:51)
    at PageFeedbackToolbarCSS.useEffect2 (http://localhost:3013/_next/static/chunks/node_modules_agentation_dist_index_mjs_a4d7dd5f._.js:3690:13)
    at Object.react_stack_bottom_frame (http://localhost:3013/_next/static/chunks/node_modules_next_dist_compiled_react-dom_1e674e59._.js:14876:22)
    at runWithFiberInDEV (http://localhost:3013/_next/static/chunks/node_modules_next_dist_compiled_react-dom_1e674e59._.js:965:74)
    at commitHookEffectListMount (http://localhost:3013/_next/static/chunks/node_modules_next_dist_compiled_react-dom_1e674e59._.js:7266:167)
    at commitHookPassiveMountEffects (http://localhost:3013/_next/static/chunks/node_modules_next_dist_compiled_react-dom_1e674e59._.js:7301:60)
    at commitPassiveMountOnFiber (http://localhost:3013/_next/static/chunks/node_modules_next_dist_compiled_react-dom_1e674e59._.js:8696:33)
    at recursivelyTraversePassiveMountEffects (http://localhost:3013/_next/static/chunks/node_modules_next_dist_compiled_react-dom_1e674e59._.js:8683:316)
    at commitPassiveMountOnFiber (http://localhost:3013/_next/static/chunks/node_modules_next_dist_compiled_react-dom_1e674e59._.js:8757:17)
    at recursivelyTraversePassiveMountEffects (http://localhost:3013/_next/static/chunks/node_modules_next_dist_compiled_react-dom_1e674e59._.js:8683:316)
    at commitPassiveMountOnFiber (http://localhost:3013/_next/static/chunks/node_modules_next_dist_compiled_react-dom_1e674e59._.js:8757:17)
    at recursivelyTraversePassiveMountEffects (http://localhost:3013/_next/static/chunks/node_modules_next_dist_compiled_react-dom_1e674e59._.js:8683:316)
    at commitPassiveMountOnFiber (http://localhost:3013/_next/static/chunks/node_modules_next_dist_compiled_react-dom_1e674e59._.js:8757:17)
    at recursivelyTraversePassiveMountEffects (http://localhost:3013/_next/static/chunks/node_modules_next_dist_compiled_react-dom_1e674e59._.js:8683:316)
    at commitPassiveMountOnFiber (http://localhost:3013/_next/static/chunks/node_modules_next_dist_compiled_react-dom_1e674e59._.js:8695:17)
    at recursivelyTraversePassiveMountEffects (http://localhost:3013/_next/static/chunks/node_modules_next_dist_compiled_react-dom_1e674e59._.js:8683:316)
    at commitPassiveMountOnFiber (http://localhost:3013/_next/static/chunks/node_modules_next_dist_compiled_react-dom_1e674e59._.js:8695:17)
    at recursivelyTraversePassiveMountEffects (http://localhost:3013/_next/static/chunks/node_modules_next_dist_compiled_react-dom_1e674e59._.js:8683:316)
    at commitPassiveMountOnFiber (http://localhost:3013/_next/static/chunks/node_modules_next_dist_compiled_react-dom_1e674e59._.js:8700:17)
    at recursivelyTraversePassiveMountEffects (http://localhost:3013/_next/static/chunks/node_modules_next_dist_compiled_react-dom_1e674e59._.js:8683:316)
    at commitPassiveMountOnFiber (http://localhost:3013/_next/static/chunks/node_modules_next_dist_compiled_react-dom_1e674e59._.js:8695:17)
    at recursivelyTraversePassiveMountEffects (http://localhost:3013/_next/static/chunks/node_modules_next_dist_compiled_react-dom_1e674e59._.js:8683:316)
    at commitPassiveMountOnFiber (http://localhost:3013/_next/static/chunks/node_modules_next_dist_compiled_react-dom_1e674e59._.js:8700:17)
    at recursivelyTraversePassiveMountEffects (http://localhost:3013/_next/static/chunks/node_modules_next_dist_compiled_react-dom_1e674e59._.js:8683:316)
    at commitPassiveMountOnFiber (http://localhost:3013/_next/static/chunks/node_modules_next_dist_compiled_react-dom_1e674e59._.js:8695:17)
    at recursivelyTraversePassiveMountEffects (http://localhost:3013/_next/static/chunks/node_modules_next_dist_compiled_react-dom_1e674e59._.js:8683:316)
    at commitPassiveMountOnFiber (http://localhost:3013/_next/static/chunks/node_modules_next_dist_compiled_react-dom_1e674e59._.js:8695:17)
    at recursivelyTraversePassiveMountEffects (http://localhost:3013/_next/static/chunks/node_modules_next_dist_compiled_react-dom_1e674e59._.js:8683:316)
    at commitPassiveMountOnFiber (http://localhost:3013/_next/static/chunks/node_modules_next_dist_compiled_react-dom_1e674e59._.js:8700:17)
    at recursivelyTraversePassiveMountEffects (http://localhost:3013/_next/static/chunks/node_modules_next_dist_compiled_react-dom_1e674e59._.js:8683:316)
    at commitPassiveMountOnFiber (http://localhost:3013/_next/static/chunks/node_modules_next_dist_compiled_react-dom_1e674e59._.js:8695:17)
    at recursivelyTraversePassiveMountEffects (http://localhost:3013/_next/static/chunks/node_modules_next_dist_compiled_react-dom_1e674e59._.js:8683:316)
    at commitPassiveMountOnFiber (http://localhost:3013/_next/static/chunks/node_modules_next_dist_compiled_react-dom_1e674e59._.js:8757:17)
    at recursivelyTraversePassiveMountEffects (http://localhost:3013/_next/static/chunks/node_modules_next_dist_compiled_react-dom_1e674e59._.js:8683:316)
    at commitPassiveMountOnFiber (http://localhost:3013/_next/static/chunks/node_modules_next_dist_compiled_react-dom_1e674e59._.js:8757:17)
    at recursivelyTraversePassiveMountEffects (http://localhost:3013/_next/static/chunks/node_modules_next_dist_compiled_react-dom_1e674e59._.js:8683:316)
    at commitPassiveMountOnFiber (http://localhost:3013/_next/static/chunks/node_modules_next_dist_compiled_react-dom_1e674e59._.js:8757:17)
    at recursivelyTraversePassiveMountEffects (http://localhost:3013/_next/static/chunks/node_modules_next_dist_compiled_react-dom_1e674e59._.js:8683:316)
    at commitPassiveMountOnFiber (http://localhost:3013/_next/static/chunks/node_modules_next_dist_compiled_react-dom_1e674e59._.js:8757:17)
    at recursivelyTraversePassiveMountEffects (http://localhost:3013/_next/static/chunks/node_modules_next_dist_compiled_react-dom_1e674e59._.js:8683:316)
    at commitPassiveMountOnFiber (http://localhost:3013/_next/static/chunks/node_modules_next_dist_compiled_react-dom_1e674e59._.js:8757:17)
    at recursivelyTraversePassiveMountEffects (http://localhost:3013/_next/static/chunks/node_modules_next_dist_compiled_react-dom_1e674e59._.js:8683:316)
    at commitPassiveMountOnFiber (http://localhost:3013/_next/static/chunks/node_modules_next_dist_compiled_react-dom_1e674e59._.js:8757:17)
    at recursivelyTraversePassiveMountEffects (http://localhost:3013/_next/static/chunks/node_modules_next_dist_compiled_react-dom_1e674e59._.js:8683:316)
    at commitPassiveMountOnFiber (http://localhost:3013/_next/static/chunks/node_modules_next_dist_compiled_react-dom_1e674e59._.js:8757:17)
    at recursivelyTraversePassiveMountEffects (http://localhost:3013/_next/static/chunks/node_modules_next_dist_compiled_react-dom_1e674e59._.js:8683:316)
    at commitPassiveMountOnFiber (http://localhost:3013/_next/static/chunks/node_modules_next_dist_compiled_react-dom_1e674e59._.js:8695:17)
    at recursivelyTraversePassiveMountEffects (http://localhost:3013/_next/static/chunks/node_modules_next_dist_compiled_react-dom_1e674e59._.js:8683:316)
    at commitPassiveMountOnFiber (http://localhost:3013/_next/static/chunks/node_modules_next_dist_compiled_react-dom_1e674e59._.js:8700:17) @ chrome-extension://gipfclelhppmafdlajajjkfepiiccnfd/content/console-capture.js:67
[   95241ms] [ERROR] Failed to load resource: net::ERR_CONNECTION_REFUSED @ http://localhost:4747/health:0
[   95784ms] [ERROR] Failed to load resource: net::ERR_FAILED @ http://localhost:3013/api/naver?type=blog&query=%EB%82%9A%EC%8B%9C%20%EC%A1%B0%ED%96%89%EA%B8%B0&display=15&sort=date:0
[   95785ms] [ERROR] Failed to load resource: net::ERR_FAILED @ http://localhost:3013/api/naver?type=news&query=%EB%82%9A%EC%8B%9C%20%EC%A1%B0%ED%96%89%EA%B8%B0&display=15&sort=date:0
[   98066ms] [ERROR] Failed to load resource: net::ERR_FAILED @ http://localhost:3013/api/tide?pageNo=1&numOfRows=10&obs_post_id=DT_0018&date=20260315:0
[   98066ms] [WARNING] Tide API proxy failed. @ chrome-extension://gipfclelhppmafdlajajjkfepiiccnfd/content/console-capture.js:67
[  101169ms] [ERROR] WebSocket connection to 'ws://localhost:3013/_next/webpack-hmr?id=JuP4a-qq2eAwBJOcqhDEX' failed:  @ chrome-extension://gipfclelhppmafdlajajjkfepiiccnfd/content/console-capture.js:90
