[ -315059ms] [ERROR] Failed to load resource: the server responded with a status of 404 () @ https://adsense.google.com/favicon.ico:0
[  -43956ms] [WARNING] <meta name="apple-mobile-web-app-capable" content="yes"> is deprecated. Please include <meta name="mobile-web-app-capable" content="yes"> @ http://localhost:3013/:0
[  -43847ms] [ERROR] Failed to load resource: the server responded with a status of 403 () @ https://www.googleapis.com/youtube/v3/search?part=snippet&q=%EC%8B%A4%EC%8B%9C%EA%B0%84%20%20%EB%82%9A%EC%8B%9C%20%EC%A1%B0%EA%B3%BC&type=video&maxResults=8&order=date&relevanceLanguage=ko&key=AIzaSyBU6IJpzRYutQCdanQOi0ZEy_sgtTeaAlY:0
[  -41819ms] [ERROR] Failed to load resource: net::ERR_FAILED @ http://localhost:3013/api/naver?type=blog&query=%EB%82%9A%EC%8B%9C%20%EC%A1%B0%ED%96%89%EA%B8%B0&display=15&sort=date:0
[  -41803ms] [ERROR] Failed to load resource: net::ERR_FAILED @ http://localhost:3013/api/naver?type=news&query=%EB%82%9A%EC%8B%9C%20%EC%A1%B0%ED%96%89%EA%B8%B0&display=15&sort=date:0
[  -41710ms] [ERROR] Failed to load resource: net::ERR_CONNECTION_REFUSED @ http://localhost:4747/health:0
[  -41710ms] [ERROR] Failed to load resource: net::ERR_CONNECTION_REFUSED @ http://localhost:4747/sessions:0
[  -41575ms] [ERROR] Failed to load resource: net::ERR_FAILED @ http://localhost:3013/api/tide?pageNo=1&numOfRows=10&obs_post_id=DT_0018&date=20260315:0
[  -40128ms] [ERROR] WebSocket connection to 'ws://localhost:3013/_next/webpack-hmr?id=JuP4a-qq2eAwBJOcqhDEX' failed:  @ chrome-extension://gipfclelhppmafdlajajjkfepiiccnfd/content/console-capture.js:90
[  -35413ms] [ERROR] WebSocket connection to 'ws://localhost:3013/_next/webpack-hmr?id=JuP4a-qq2eAwBJOcqhDEX' failed:  @ chrome-extension://gipfclelhppmafdlajajjkfepiiccnfd/content/console-capture.js:90
[  -31671ms] [ERROR] Failed to load resource: net::ERR_CONNECTION_REFUSED @ http://localhost:4747/health:0
[  -31293ms] [ERROR] WebSocket connection to 'ws://localhost:3013/_next/webpack-hmr?id=JuP4a-qq2eAwBJOcqhDEX' failed:  @ chrome-extension://gipfclelhppmafdlajajjkfepiiccnfd/content/console-capture.js:90
[  -26201ms] [ERROR] WebSocket connection to 'ws://localhost:3013/_next/webpack-hmr?id=JuP4a-qq2eAwBJOcqhDEX' failed:  @ chrome-extension://gipfclelhppmafdlajajjkfepiiccnfd/content/console-capture.js:90
[  -22818ms] [ERROR] WebSocket connection to 'ws://localhost:3013/_next/webpack-hmr?id=JuP4a-qq2eAwBJOcqhDEX' failed:  @ chrome-extension://gipfclelhppmafdlajajjkfepiiccnfd/content/console-capture.js:90
[  -20841ms] [ERROR] Failed to load resource: net::ERR_CONNECTION_REFUSED @ http://localhost:4747/health:0
[  -16712ms] [ERROR] WebSocket connection to 'ws://localhost:3013/_next/webpack-hmr?id=JuP4a-qq2eAwBJOcqhDEX' failed:  @ chrome-extension://gipfclelhppmafdlajajjkfepiiccnfd/content/console-capture.js:90
[  -10850ms] [ERROR] Failed to load resource: net::ERR_CONNECTION_REFUSED @ http://localhost:4747/health:0
[   -8563ms] [ERROR] WebSocket connection to 'ws://localhost:3013/_next/webpack-hmr?id=JuP4a-qq2eAwBJOcqhDEX' failed:  @ chrome-extension://gipfclelhppmafdlajajjkfepiiccnfd/content/console-capture.js:90
[    -855ms] [ERROR] Failed to load resource: net::ERR_CONNECTION_REFUSED @ http://localhost:4747/health:0
[    -508ms] [ERROR] WebSocket connection to 'ws://localhost:3013/_next/webpack-hmr?id=JuP4a-qq2eAwBJOcqhDEX' failed:  @ chrome-extension://gipfclelhppmafdlajajjkfepiiccnfd/content/console-capture.js:90
[  -43847ms] [WARNING] YouTube API returned 403, using mock data @ chrome-extension://gipfclelhppmafdlajajjkfepiiccnfd/content/console-capture.js:67
[  -41710ms] [WARNING] [Agentation] Failed to initialize session, using local storage: TypeError: Failed to fetch
    at createSession (http://localhost:3013/_next/static/chunks/node_modules_agentation_dist_index_mjs_a4d7dd5f._.js:2389:28)
    at PageFeedbackToolbarCSS.useEffect2.initSession (http://localhost:3013/_next/static/chunks/node_modules_agentation_dist_index_mjs_a4d7dd5f._.js:3624:51)
    at PageFeedbackToolbarCSS.useEffect2 (http://localhost:3013/_next/static/chunks/node_modules_agentation_dist_index_mjs_a4d7dd5f._.js:3690:13)
    at Object.react_stack_bottom_frame (http://localhost:3013/_next/static/chunks/node_modules_next_dist_compiled_react-dom_1e674e59._.js:14876:22)
    at runWithFiberInDEV (http://localhost:3013/_next/static/chunks/node_modules_next_dist_compiled_react-dom_1e674e59._.js:965:74)
    at commitHookEffectListMount (http://localhost:3013/_next/static/chunks/node_modules_next_dist_compiled_react-dom_1e674e59._.js:7266:167)
    at commitHookPassiveMountEffects (http://localhost:3013/_next/static/chunks/node_modules_next_dist_compiled_react-dom_1e674e59._.js:7301:60)
    at commitPassiveMountOnFiber (http://localhost:3013/_next/static/chunks/node_modules_next_dist_compiled_react-dom_1e674e59._.js:8696:33)
    at recursivelyTraversePassiveMountEffects (http://localhost:3013/_next/static/chunks/node_modules_next_dist_compiled_react-dom_1e674e59._.js:8683:316)
    at commitPassiveMountOnFiber (http://localhost:3013/_next/static/chunks/node_modules_next_dist_compiled_react-dom_1e674e59._.js:8757:17)
    at recursivelyTraversePassiveMountEffects (http://localhost:3013/_next/static/chunks/node_modules_next_dist_compiled_react-dom_1e674e59._.js:8683:316)
    at commitPassiveMountOnFiber (http://localhost:3013/_next/static/chunks/node_modules_next_dist_compiled_react-dom_1e674e59._.js:8757:17)
    at recursivelyTraversePassiveMountEffects (http://localhost:3013/_next/static/chunks/node_modules_next_dist_compiled_react-dom_1e674e59._.js:8683:316)
    at commitPassiveMountOnFiber (http://localhost:3013/_next/static/chunks/node_modules_next_dist_compiled_react-dom_1e674e59._.js:8757:17)
    at recursivelyTraversePassiveMountEffects (http://localhost:3013/_next/static/chunks/node_modules_next_dist_compiled_react-dom_1e674e59._.js:8683:316)
    at commitPassiveMountOnFiber (http://localhost:3013/_next/static/chunks/node_modules_next_dist_compiled_react-dom_1e674e59._.js:8695:17)
    at recursivelyTraversePassiveMountEffects (http://localhost:3013/_next/static/chunks/node_modules_next_dist_compiled_react-dom_1e674e59._.js:8683:316)
    at commitPassiveMountOnFiber (http://localhost:3013/_next/static/chunks/node_modules_next_dist_compiled_react-dom_1e674e59._.js:8695:17)
    at recursivelyTraversePassiveMountEffects (http://localhost:3013/_next/static/chunks/node_modules_next_dist_compiled_react-dom_1e674e59._.js:8683:316)
    at commitPassiveMountOnFiber (http://localhost:3013/_next/static/chunks/node_modules_next_dist_compiled_react-dom_1e674e59._.js:8700:17)
    at recursivelyTraversePassiveMountEffects (http://localhost:3013/_next/static/chunks/node_modules_next_dist_compiled_react-dom_1e674e59._.js:8683:316)
    at commitPassiveMountOnFiber (http://localhost:3013/_next/static/chunks/node_modules_next_dist_compiled_react-dom_1e674e59._.js:8695:17)
    at recursivelyTraversePassiveMountEffects (http://localhost:3013/_next/static/chunks/node_modules_next_dist_compiled_react-dom_1e674e59._.js:8683:316)
    at commitPassiveMountOnFiber (http://localhost:3013/_next/static/chunks/node_modules_next_dist_compiled_react-dom_1e674e59._.js:8700:17)
    at recursivelyTraversePassiveMountEffects (http://localhost:3013/_next/static/chunks/node_modules_next_dist_compiled_react-dom_1e674e59._.js:8683:316)
    at commitPassiveMountOnFiber (http://localhost:3013/_next/static/chunks/node_modules_next_dist_compiled_react-dom_1e674e59._.js:8695:17)
    at recursivelyTraversePassiveMountEffects (http://localhost:3013/_next/static/chunks/node_modules_next_dist_compiled_react-dom_1e674e59._.js:8683:316)
    at commitPassiveMountOnFiber (http://localhost:3013/_next/static/chunks/node_modules_next_dist_compiled_react-dom_1e674e59._.js:8695:17)
    at recursivelyTraversePassiveMountEffects (http://localhost:3013/_next/static/chunks/node_modules_next_dist_compiled_react-dom_1e674e59._.js:8683:316)
    at commitPassiveMountOnFiber (http://localhost:3013/_next/static/chunks/node_modules_next_dist_compiled_react-dom_1e674e59._.js:8700:17)
    at recursivelyTraversePassiveMountEffects (http://localhost:3013/_next/static/chunks/node_modules_next_dist_compiled_react-dom_1e674e59._.js:8683:316)
    at commitPassiveMountOnFiber (http://localhost:3013/_next/static/chunks/node_modules_next_dist_compiled_react-dom_1e674e59._.js:8695:17)
    at recursivelyTraversePassiveMountEffects (http://localhost:3013/_next/static/chunks/node_modules_next_dist_compiled_react-dom_1e674e59._.js:8683:316)
    at commitPassiveMountOnFiber (http://localhost:3013/_next/static/chunks/node_modules_next_dist_compiled_react-dom_1e674e59._.js:8757:17)
    at recursivelyTraversePassiveMountEffects (http://localhost:3013/_next/static/chunks/node_modules_next_dist_compiled_react-dom_1e674e59._.js:8683:316)
    at commitPassiveMountOnFiber (http://localhost:3013/_next/static/chunks/node_modules_next_dist_compiled_react-dom_1e674e59._.js:8757:17)
    at recursivelyTraversePassiveMountEffects (http://localhost:3013/_next/static/chunks/node_modules_next_dist_compiled_react-dom_1e674e59._.js:8683:316)
    at commitPassiveMountOnFiber (http://localhost:3013/_next/static/chunks/node_modules_next_dist_compiled_react-dom_1e674e59._.js:8757:17)
    at recursivelyTraversePassiveMountEffects (http://localhost:3013/_next/static/chunks/node_modules_next_dist_compiled_react-dom_1e674e59._.js:8683:316)
    at commitPassiveMountOnFiber (http://localhost:3013/_next/static/chunks/node_modules_next_dist_compiled_react-dom_1e674e59._.js:8757:17)
    at recursivelyTraversePassiveMountEffects (http://localhost:3013/_next/static/chunks/node_modules_next_dist_compiled_react-dom_1e674e59._.js:8683:316)
    at commitPassiveMountOnFiber (http://localhost:3013/_next/static/chunks/node_modules_next_dist_compiled_react-dom_1e674e59._.js:8757:17)
    at recursivelyTraversePassiveMountEffects (http://localhost:3013/_next/static/chunks/node_modules_next_dist_compiled_react-dom_1e674e59._.js:8683:316)
    at commitPassiveMountOnFiber (http://localhost:3013/_next/static/chunks/node_modules_next_dist_compiled_react-dom_1e674e59._.js:8757:17)
    at recursivelyTraversePassiveMountEffects (http://localhost:3013/_next/static/chunks/node_modules_next_dist_compiled_react-dom_1e674e59._.js:8683:316)
    at commitPassiveMountOnFiber (http://localhost:3013/_next/static/chunks/node_modules_next_dist_compiled_react-dom_1e674e59._.js:8757:17)
    at recursivelyTraversePassiveMountEffects (http://localhost:3013/_next/static/chunks/node_modules_next_dist_compiled_react-dom_1e674e59._.js:8683:316)
    at commitPassiveMountOnFiber (http://localhost:3013/_next/static/chunks/node_modules_next_dist_compiled_react-dom_1e674e59._.js:8695:17)
    at recursivelyTraversePassiveMountEffects (http://localhost:3013/_next/static/chunks/node_modules_next_dist_compiled_react-dom_1e674e59._.js:8683:316)
    at commitPassiveMountOnFiber (http://localhost:3013/_next/static/chunks/node_modules_next_dist_compiled_react-dom_1e674e59._.js:8700:17) @ chrome-extension://gipfclelhppmafdlajajjkfepiiccnfd/content/console-capture.js:67
[  -41574ms] [WARNING] Tide API proxy failed. @ chrome-extension://gipfclelhppmafdlajajjkfepiiccnfd/content/console-capture.js:67
[    8309ms] [ERROR] Failed to load resource: net::ERR_CONNECTION_REFUSED @ http://localhost:4747/health:0
[    8505ms] [ERROR] WebSocket connection to 'ws://localhost:3013/_next/webpack-hmr?id=JuP4a-qq2eAwBJOcqhDEX' failed:  @ chrome-extension://gipfclelhppmafdlajajjkfepiiccnfd/content/console-capture.js:90
[   18336ms] [ERROR] Failed to load resource: net::ERR_CONNECTION_REFUSED @ http://localhost:4747/health:0
[   18848ms] [ERROR] WebSocket connection to 'ws://localhost:3013/_next/webpack-hmr?id=JuP4a-qq2eAwBJOcqhDEX' failed:  @ chrome-extension://gipfclelhppmafdlajajjkfepiiccnfd/content/console-capture.js:90
[   27722ms] [ERROR] WebSocket connection to 'ws://localhost:3013/_next/webpack-hmr?id=JuP4a-qq2eAwBJOcqhDEX' failed:  @ chrome-extension://gipfclelhppmafdlajajjkfepiiccnfd/content/console-capture.js:90
[   28299ms] [ERROR] Failed to load resource: net::ERR_CONNECTION_REFUSED @ http://localhost:4747/health:0
[   35073ms] [ERROR] WebSocket connection to 'ws://localhost:3013/_next/webpack-hmr?id=JuP4a-qq2eAwBJOcqhDEX' failed:  @ chrome-extension://gipfclelhppmafdlajajjkfepiiccnfd/content/console-capture.js:90
[   38308ms] [ERROR] Failed to load resource: net::ERR_CONNECTION_REFUSED @ http://localhost:4747/health:0
[   42809ms] [ERROR] WebSocket connection to 'ws://localhost:3013/_next/webpack-hmr?id=JuP4a-qq2eAwBJOcqhDEX' failed:  @ chrome-extension://gipfclelhppmafdlajajjkfepiiccnfd/content/console-capture.js:90
[   43039ms] [WARNING] <meta name="apple-mobile-web-app-capable" content="yes"> is deprecated. Please include <meta name="mobile-web-app-capable" content="yes"> @ http://localhost:3013/:0
[   43044ms] [ERROR] Failed to load resource: the server responded with a status of 403 () @ https://www.googleapis.com/youtube/v3/search?part=snippet&q=%EC%8B%A4%EC%8B%9C%EA%B0%84%20%20%EB%82%9A%EC%8B%9C%20%EC%A1%B0%EA%B3%BC&type=video&maxResults=8&order=date&relevanceLanguage=ko&key=AIzaSyBU6IJpzRYutQCdanQOi0ZEy_sgtTeaAlY:0
[   43044ms] [WARNING] YouTube API returned 403, using mock data @ chrome-extension://gipfclelhppmafdlajajjkfepiiccnfd/content/console-capture.js:67
[   44050ms] [ERROR] Failed to load resource: net::ERR_CONNECTION_REFUSED @ http://localhost:4747/sessions:0
[   44050ms] [WARNING] [Agentation] Failed to initialize session, using local storage: TypeError: Failed to fetch
    at createSession (http://localhost:3013/_next/static/chunks/node_modules_agentation_dist_index_mjs_a4d7dd5f._.js:2389:28)
    at PageFeedbackToolbarCSS.useEffect2.initSession (http://localhost:3013/_next/static/chunks/node_modules_agentation_dist_index_mjs_a4d7dd5f._.js:3624:51)
    at PageFeedbackToolbarCSS.useEffect2 (http://localhost:3013/_next/static/chunks/node_modules_agentation_dist_index_mjs_a4d7dd5f._.js:3690:13)
    at Object.react_stack_bottom_frame (http://localhost:3013/_next/static/chunks/node_modules_next_dist_compiled_react-dom_1e674e59._.js:14876:22)
    at runWithFiberInDEV (http://localhost:3013/_next/static/chunks/node_modules_next_dist_compiled_react-dom_1e674e59._.js:965:74)
    at commitHookEffectListMount (http://localhost:3013/_next/static/chunks/node_modules_next_dist_compiled_react-dom_1e674e59._.js:7266:167)
    at commitHookPassiveMountEffects (http://localhost:3013/_next/static/chunks/node_modules_next_dist_compiled_react-dom_1e674e59._.js:7301:60)
    at commitPassiveMountOnFiber (http://localhost:3013/_next/static/chunks/node_modules_next_dist_compiled_react-dom_1e674e59._.js:8696:33)
    at recursivelyTraversePassiveMountEffects (http://localhost:3013/_next/static/chunks/node_modules_next_dist_compiled_react-dom_1e674e59._.js:8683:316)
    at commitPassiveMountOnFiber (http://localhost:3013/_next/static/chunks/node_modules_next_dist_compiled_react-dom_1e674e59._.js:8757:17)
    at recursivelyTraversePassiveMountEffects (http://localhost:3013/_next/static/chunks/node_modules_next_dist_compiled_react-dom_1e674e59._.js:8683:316)
    at commitPassiveMountOnFiber (http://localhost:3013/_next/static/chunks/node_modules_next_dist_compiled_react-dom_1e674e59._.js:8757:17)
    at recursivelyTraversePassiveMountEffects (http://localhost:3013/_next/static/chunks/node_modules_next_dist_compiled_react-dom_1e674e59._.js:8683:316)
    at commitPassiveMountOnFiber (http://localhost:3013/_next/static/chunks/node_modules_next_dist_compiled_react-dom_1e674e59._.js:8757:17)
    at recursivelyTraversePassiveMountEffects (http://localhost:3013/_next/static/chunks/node_modules_next_dist_compiled_react-dom_1e674e59._.js:8683:316)
    at commitPassiveMountOnFiber (http://localhost:3013/_next/static/chunks/node_modules_next_dist_compiled_react-dom_1e674e59._.js:8695:17)
    at recursivelyTraversePassiveMountEffects (http://localhost:3013/_next/static/chunks/node_modules_next_dist_compiled_react-dom_1e674e59._.js:8683:316)
    at commitPassiveMountOnFiber (http://localhost:3013/_next/static/chunks/node_modules_next_dist_compiled_react-dom_1e674e59._.js:8695:17)
    at recursivelyTraversePassiveMountEffects (http://localhost:3013/_next/static/chunks/node_modules_next_dist_compiled_react-dom_1e674e59._.js:8683:316)
    at commitPassiveMountOnFiber (http://localhost:3013/_next/static/chunks/node_modules_next_dist_compiled_react-dom_1e674e59._.js:8700:17)
    at recursivelyTraversePassiveMountEffects (http://localhost:3013/_next/static/chunks/node_modules_next_dist_compiled_react-dom_1e674e59._.js:8683:316)
    at commitPassiveMountOnFiber (http://localhost:3013/_next/static/chunks/node_modules_next_dist_compiled_react-dom_1e674e59._.js:8695:17)
    at recursivelyTraversePassiveMountEffects (http://localhost:3013/_next/static/chunks/node_modules_next_dist_compiled_react-dom_1e674e59._.js:8683:316)
    at commitPassiveMountOnFiber (http://localhost:3013/_next/static/chunks/node_modules_next_dist_compiled_react-dom_1e674e59._.js:8700:17)
    at recursivelyTraversePassiveMountEffects (http://localhost:3013/_next/static/chunks/node_modules_next_dist_compiled_react-dom_1e674e59._.js:8683:316)
    at commitPassiveMountOnFiber (http://localhost:3013/_next/static/chunks/node_modules_next_dist_compiled_react-dom_1e674e59._.js:8695:17)
    at recursivelyTraversePassiveMountEffects (http://localhost:3013/_next/static/chunks/node_modules_next_dist_compiled_react-dom_1e674e59._.js:8683:316)
    at commitPassiveMountOnFiber (http://localhost:3013/_next/static/chunks/node_modules_next_dist_compiled_react-dom_1e674e59._.js:8695:17)
    at recursivelyTraversePassiveMountEffects (http://localhost:3013/_next/static/chunks/node_modules_next_dist_compiled_react-dom_1e674e59._.js:8683:316)
    at commitPassiveMountOnFiber (http://localhost:3013/_next/static/chunks/node_modules_next_dist_compiled_react-dom_1e674e59._.js:8700:17)
    at recursivelyTraversePassiveMountEffects (http://localhost:3013/_next/static/chunks/node_modules_next_dist_compiled_react-dom_1e674e59._.js:8683:316)
    at commitPassiveMountOnFiber (http://localhost:3013/_next/static/chunks/node_modules_next_dist_compiled_react-dom_1e674e59._.js:8695:17)
    at recursivelyTraversePassiveMountEffects (http://localhost:3013/_next/static/chunks/node_modules_next_dist_compiled_react-dom_1e674e59._.js:8683:316)
    at commitPassiveMountOnFiber (http://localhost:3013/_next/static/chunks/node_modules_next_dist_compiled_react-dom_1e674e59._.js:8757:17)
    at recursivelyTraversePassiveMountEffects (http://localhost:3013/_next/static/chunks/node_modules_next_dist_compiled_react-dom_1e674e59._.js:8683:316)
    at commitPassiveMountOnFiber (http://localhost:3013/_next/static/chunks/node_modules_next_dist_compiled_react-dom_1e674e59._.js:8757:17)
    at recursivelyTraversePassiveMountEffects (http://localhost:3013/_next/static/chunks/node_modules_next_dist_compiled_react-dom_1e674e59._.js:8683:316)
    at commitPassiveMountOnFiber (http://localhost:3013/_next/static/chunks/node_modules_next_dist_compiled_react-dom_1e674e59._.js:8757:17)
    at recursivelyTraversePassiveMountEffects (http://localhost:3013/_next/static/chunks/node_modules_next_dist_compiled_react-dom_1e674e59._.js:8683:316)
    at commitPassiveMountOnFiber (http://localhost:3013/_next/static/chunks/node_modules_next_dist_compiled_react-dom_1e674e59._.js:8757:17)
    at recursivelyTraversePassiveMountEffects (http://localhost:3013/_next/static/chunks/node_modules_next_dist_compiled_react-dom_1e674e59._.js:8683:316)
    at commitPassiveMountOnFiber (http://localhost:3013/_next/static/chunks/node_modules_next_dist_compiled_react-dom_1e674e59._.js:8757:17)
    at recursivelyTraversePassiveMountEffects (http://localhost:3013/_next/static/chunks/node_modules_next_dist_compiled_react-dom_1e674e59._.js:8683:316)
    at commitPassiveMountOnFiber (http://localhost:3013/_next/static/chunks/node_modules_next_dist_compiled_react-dom_1e674e59._.js:8757:17)
    at recursivelyTraversePassiveMountEffects (http://localhost:3013/_next/static/chunks/node_modules_next_dist_compiled_react-dom_1e674e59._.js:8683:316)
    at commitPassiveMountOnFiber (http://localhost:3013/_next/static/chunks/node_modules_next_dist_compiled_react-dom_1e674e59._.js:8757:17)
    at recursivelyTraversePassiveMountEffects (http://localhost:3013/_next/static/chunks/node_modules_next_dist_compiled_react-dom_1e674e59._.js:8683:316)
    at commitPassiveMountOnFiber (http://localhost:3013/_next/static/chunks/node_modules_next_dist_compiled_react-dom_1e674e59._.js:8695:17)
    at recursivelyTraversePassiveMountEffects (http://localhost:3013/_next/static/chunks/node_modules_next_dist_compiled_react-dom_1e674e59._.js:8683:316)
    at commitPassiveMountOnFiber (http://localhost:3013/_next/static/chunks/node_modules_next_dist_compiled_react-dom_1e674e59._.js:8700:17) @ chrome-extension://gipfclelhppmafdlajajjkfepiiccnfd/content/console-capture.js:67
[   45200ms] [ERROR] Failed to load resource: net::ERR_FAILED @ http://localhost:3013/api/naver?type=blog&query=%EB%82%9A%EC%8B%9C%20%EC%A1%B0%ED%96%89%EA%B8%B0&display=15&sort=date:0
[   45201ms] [ERROR] Failed to load resource: net::ERR_FAILED @ http://localhost:3013/api/naver?type=news&query=%EB%82%9A%EC%8B%9C%20%EC%A1%B0%ED%96%89%EA%B8%B0&display=15&sort=date:0
[   45220ms] [ERROR] Failed to load resource: net::ERR_FAILED @ http://localhost:3013/api/tide?pageNo=1&numOfRows=10&obs_post_id=DT_0018&date=20260315:0
[   45220ms] [WARNING] Tide API proxy failed. @ chrome-extension://gipfclelhppmafdlajajjkfepiiccnfd/content/console-capture.js:67
[   45256ms] [ERROR] WebSocket connection to 'ws://localhost:3013/_next/webpack-hmr?id=JuP4a-qq2eAwBJOcqhDEX' failed:  @ chrome-extension://gipfclelhppmafdlajajjkfepiiccnfd/content/console-capture.js:90
[   45291ms] [ERROR] Failed to load resource: net::ERR_CONNECTION_REFUSED @ http://localhost:4747/health:0
[   49353ms] [ERROR] WebSocket connection to 'ws://localhost:3013/_next/webpack-hmr?id=JuP4a-qq2eAwBJOcqhDEX' failed:  @ chrome-extension://gipfclelhppmafdlajajjkfepiiccnfd/content/console-capture.js:90
[   53443ms] [ERROR] WebSocket connection to 'ws://localhost:3013/_next/webpack-hmr?id=JuP4a-qq2eAwBJOcqhDEX' failed:  @ chrome-extension://gipfclelhppmafdlajajjkfepiiccnfd/content/console-capture.js:90
[   54061ms] [ERROR] Failed to load resource: net::ERR_CONNECTION_REFUSED @ http://localhost:4747/health:0
[   57530ms] [ERROR] WebSocket connection to 'ws://localhost:3013/_next/webpack-hmr?id=JuP4a-qq2eAwBJOcqhDEX' failed:  @ chrome-extension://gipfclelhppmafdlajajjkfepiiccnfd/content/console-capture.js:90
[   60890ms] [ERROR] WebSocket connection to 'ws://localhost:3013/_next/webpack-hmr?id=JuP4a-qq2eAwBJOcqhDEX' failed:  @ chrome-extension://gipfclelhppmafdlajajjkfepiiccnfd/content/console-capture.js:90
[   64031ms] [ERROR] Failed to load resource: net::ERR_CONNECTION_REFUSED @ http://localhost:4747/health:0
[   67032ms] [ERROR] WebSocket connection to 'ws://localhost:3013/_next/webpack-hmr?id=JuP4a-qq2eAwBJOcqhDEX' failed:  @ chrome-extension://gipfclelhppmafdlajajjkfepiiccnfd/content/console-capture.js:90
[   74042ms] [ERROR] Failed to load resource: net::ERR_CONNECTION_REFUSED @ http://localhost:4747/health:0
[   74404ms] [ERROR] WebSocket connection to 'ws://localhost:3013/_next/webpack-hmr?id=JuP4a-qq2eAwBJOcqhDEX' failed:  @ chrome-extension://gipfclelhppmafdlajajjkfepiiccnfd/content/console-capture.js:90
[   81800ms] [ERROR] WebSocket connection to 'ws://localhost:3013/_next/webpack-hmr?id=JuP4a-qq2eAwBJOcqhDEX' failed:  @ chrome-extension://gipfclelhppmafdlajajjkfepiiccnfd/content/console-capture.js:90
[   84066ms] [ERROR] Failed to load resource: net::ERR_CONNECTION_REFUSED @ http://localhost:4747/health:0
[   90666ms] [ERROR] WebSocket connection to 'ws://localhost:3013/_next/webpack-hmr?id=JuP4a-qq2eAwBJOcqhDEX' failed:  @ chrome-extension://gipfclelhppmafdlajajjkfepiiccnfd/content/console-capture.js:90
[   93710ms] [ERROR] Failed to load resource: net::ERR_CONNECTION_REFUSED @ http://localhost:4747/health:0
[   99823ms] [ERROR] WebSocket connection to 'ws://localhost:3013/_next/webpack-hmr?id=JuP4a-qq2eAwBJOcqhDEX' failed:  @ chrome-extension://gipfclelhppmafdlajajjkfepiiccnfd/content/console-capture.js:90
[  103707ms] [ERROR] Failed to load resource: net::ERR_CONNECTION_REFUSED @ http://localhost:4747/health:0
[  109304ms] [ERROR] WebSocket connection to 'ws://localhost:3013/_next/webpack-hmr?id=JuP4a-qq2eAwBJOcqhDEX' failed:  @ chrome-extension://gipfclelhppmafdlajajjkfepiiccnfd/content/console-capture.js:90
[  115305ms] [ERROR] Failed to load resource: net::ERR_CONNECTION_REFUSED @ http://localhost:4747/health:0
[  117469ms] [ERROR] WebSocket connection to 'ws://localhost:3013/_next/webpack-hmr?id=JuP4a-qq2eAwBJOcqhDEX' failed:  @ chrome-extension://gipfclelhppmafdlajajjkfepiiccnfd/content/console-capture.js:90
[  125286ms] [ERROR] Failed to load resource: net::ERR_CONNECTION_REFUSED @ http://localhost:4747/health:0
[  127147ms] [ERROR] WebSocket connection to 'ws://localhost:3013/_next/webpack-hmr?id=JuP4a-qq2eAwBJOcqhDEX' failed:  @ chrome-extension://gipfclelhppmafdlajajjkfepiiccnfd/content/console-capture.js:90
[  127386ms] [WARNING] <meta name="apple-mobile-web-app-capable" content="yes"> is deprecated. Please include <meta name="mobile-web-app-capable" content="yes"> @ http://localhost:3013/:0
[  127388ms] [ERROR] Failed to load resource: the server responded with a status of 403 () @ https://www.googleapis.com/youtube/v3/search?part=snippet&q=%EC%8B%A4%EC%8B%9C%EA%B0%84%20%20%EB%82%9A%EC%8B%9C%20%EC%A1%B0%EA%B3%BC&type=video&maxResults=8&order=date&relevanceLanguage=ko&key=AIzaSyBU6IJpzRYutQCdanQOi0ZEy_sgtTeaAlY:0
[  127388ms] [WARNING] YouTube API returned 403, using mock data @ chrome-extension://gipfclelhppmafdlajajjkfepiiccnfd/content/console-capture.js:67
[  129526ms] [ERROR] Failed to load resource: net::ERR_FAILED @ http://localhost:3013/api/naver?type=blog&query=%EB%82%9A%EC%8B%9C%20%EC%A1%B0%ED%96%89%EA%B8%B0&display=15&sort=date:0
[  129527ms] [ERROR] Failed to load resource: net::ERR_FAILED @ http://localhost:3013/api/naver?type=news&query=%EB%82%9A%EC%8B%9C%20%EC%A1%B0%ED%96%89%EA%B8%B0&display=15&sort=date:0
[  129541ms] [ERROR] Failed to load resource: net::ERR_FAILED @ http://localhost:3013/api/tide?pageNo=1&numOfRows=10&obs_post_id=DT_0018&date=20260315:0
[  129541ms] [WARNING] Tide API proxy failed. @ chrome-extension://gipfclelhppmafdlajajjkfepiiccnfd/content/console-capture.js:67
[  129662ms] [ERROR] Failed to load resource: net::ERR_CONNECTION_REFUSED @ http://localhost:4747/sessions:0
[  129663ms] [WARNING] [Agentation] Failed to initialize session, using local storage: TypeError: Failed to fetch
    at createSession (http://localhost:3013/_next/static/chunks/node_modules_agentation_dist_index_mjs_a4d7dd5f._.js:2389:28)
    at PageFeedbackToolbarCSS.useEffect2.initSession (http://localhost:3013/_next/static/chunks/node_modules_agentation_dist_index_mjs_a4d7dd5f._.js:3624:51)
    at PageFeedbackToolbarCSS.useEffect2 (http://localhost:3013/_next/static/chunks/node_modules_agentation_dist_index_mjs_a4d7dd5f._.js:3690:13)
    at Object.react_stack_bottom_frame (http://localhost:3013/_next/static/chunks/node_modules_next_dist_compiled_react-dom_1e674e59._.js:14876:22)
    at runWithFiberInDEV (http://localhost:3013/_next/static/chunks/node_modules_next_dist_compiled_react-dom_1e674e59._.js:965:74)
    at commitHookEffectListMount (http://localhost:3013/_next/static/chunks/node_modules_next_dist_compiled_react-dom_1e674e59._.js:7266:167)
    at commitHookPassiveMountEffects (http://localhost:3013/_next/static/chunks/node_modules_next_dist_compiled_react-dom_1e674e59._.js:7301:60)
    at commitPassiveMountOnFiber (http://localhost:3013/_next/static/chunks/node_modules_next_dist_compiled_react-dom_1e674e59._.js:8696:33)
    at recursivelyTraversePassiveMountEffects (http://localhost:3013/_next/static/chunks/node_modules_next_dist_compiled_react-dom_1e674e59._.js:8683:316)
    at commitPassiveMountOnFiber (http://localhost:3013/_next/static/chunks/node_modules_next_dist_compiled_react-dom_1e674e59._.js:8757:17)
    at recursivelyTraversePassiveMountEffects (http://localhost:3013/_next/static/chunks/node_modules_next_dist_compiled_react-dom_1e674e59._.js:8683:316)
    at commitPassiveMountOnFiber (http://localhost:3013/_next/static/chunks/node_modules_next_dist_compiled_react-dom_1e674e59._.js:8757:17)
    at recursivelyTraversePassiveMountEffects (http://localhost:3013/_next/static/chunks/node_modules_next_dist_compiled_react-dom_1e674e59._.js:8683:316)
    at commitPassiveMountOnFiber (http://localhost:3013/_next/static/chunks/node_modules_next_dist_compiled_react-dom_1e674e59._.js:8757:17)
    at recursivelyTraversePassiveMountEffects (http://localhost:3013/_next/static/chunks/node_modules_next_dist_compiled_react-dom_1e674e59._.js:8683:316)
    at commitPassiveMountOnFiber (http://localhost:3013/_next/static/chunks/node_modules_next_dist_compiled_react-dom_1e674e59._.js:8695:17)
    at recursivelyTraversePassiveMountEffects (http://localhost:3013/_next/static/chunks/node_modules_next_dist_compiled_react-dom_1e674e59._.js:8683:316)
    at commitPassiveMountOnFiber (http://localhost:3013/_next/static/chunks/node_modules_next_dist_compiled_react-dom_1e674e59._.js:8695:17)
    at recursivelyTraversePassiveMountEffects (http://localhost:3013/_next/static/chunks/node_modules_next_dist_compiled_react-dom_1e674e59._.js:8683:316)
    at commitPassiveMountOnFiber (http://localhost:3013/_next/static/chunks/node_modules_next_dist_compiled_react-dom_1e674e59._.js:8700:17)
    at recursivelyTraversePassiveMountEffects (http://localhost:3013/_next/static/chunks/node_modules_next_dist_compiled_react-dom_1e674e59._.js:8683:316)
    at commitPassiveMountOnFiber (http://localhost:3013/_next/static/chunks/node_modules_next_dist_compiled_react-dom_1e674e59._.js:8695:17)
    at recursivelyTraversePassiveMountEffects (http://localhost:3013/_next/static/chunks/node_modules_next_dist_compiled_react-dom_1e674e59._.js:8683:316)
    at commitPassiveMountOnFiber (http://localhost:3013/_next/static/chunks/node_modules_next_dist_compiled_react-dom_1e674e59._.js:8700:17)
    at recursivelyTraversePassiveMountEffects (http://localhost:3013/_next/static/chunks/node_modules_next_dist_compiled_react-dom_1e674e59._.js:8683:316)
    at commitPassiveMountOnFiber (http://localhost:3013/_next/static/chunks/node_modules_next_dist_compiled_react-dom_1e674e59._.js:8695:17)
    at recursivelyTraversePassiveMountEffects (http://localhost:3013/_next/static/chunks/node_modules_next_dist_compiled_react-dom_1e674e59._.js:8683:316)
    at commitPassiveMountOnFiber (http://localhost:3013/_next/static/chunks/node_modules_next_dist_compiled_react-dom_1e674e59._.js:8695:17)
    at recursivelyTraversePassiveMountEffects (http://localhost:3013/_next/static/chunks/node_modules_next_dist_compiled_react-dom_1e674e59._.js:8683:316)
    at commitPassiveMountOnFiber (http://localhost:3013/_next/static/chunks/node_modules_next_dist_compiled_react-dom_1e674e59._.js:8700:17)
    at recursivelyTraversePassiveMountEffects (http://localhost:3013/_next/static/chunks/node_modules_next_dist_compiled_react-dom_1e674e59._.js:8683:316)
    at commitPassiveMountOnFiber (http://localhost:3013/_next/static/chunks/node_modules_next_dist_compiled_react-dom_1e674e59._.js:8695:17)
    at recursivelyTraversePassiveMountEffects (http://localhost:3013/_next/static/chunks/node_modules_next_dist_compiled_react-dom_1e674e59._.js:8683:316)
    at commitPassiveMountOnFiber (http://localhost:3013/_next/static/chunks/node_modules_next_dist_compiled_react-dom_1e674e59._.js:8757:17)
    at recursivelyTraversePassiveMountEffects (http://localhost:3013/_next/static/chunks/node_modules_next_dist_compiled_react-dom_1e674e59._.js:8683:316)
    at commitPassiveMountOnFiber (http://localhost:3013/_next/static/chunks/node_modules_next_dist_compiled_react-dom_1e674e59._.js:8757:17)
    at recursivelyTraversePassiveMountEffects (http://localhost:3013/_next/static/chunks/node_modules_next_dist_compiled_react-dom_1e674e59._.js:8683:316)
    at commitPassiveMountOnFiber (http://localhost:3013/_next/static/chunks/node_modules_next_dist_compiled_react-dom_1e674e59._.js:8757:17)
    at recursivelyTraversePassiveMountEffects (http://localhost:3013/_next/static/chunks/node_modules_next_dist_compiled_react-dom_1e674e59._.js:8683:316)
    at commitPassiveMountOnFiber (http://localhost:3013/_next/static/chunks/node_modules_next_dist_compiled_react-dom_1e674e59._.js:8757:17)
    at recursivelyTraversePassiveMountEffects (http://localhost:3013/_next/static/chunks/node_modules_next_dist_compiled_react-dom_1e674e59._.js:8683:316)
    at commitPassiveMountOnFiber (http://localhost:3013/_next/static/chunks/node_modules_next_dist_compiled_react-dom_1e674e59._.js:8757:17)
    at recursivelyTraversePassiveMountEffects (http://localhost:3013/_next/static/chunks/node_modules_next_dist_compiled_react-dom_1e674e59._.js:8683:316)
    at commitPassiveMountOnFiber (http://localhost:3013/_next/static/chunks/node_modules_next_dist_compiled_react-dom_1e674e59._.js:8757:17)
    at recursivelyTraversePassiveMountEffects (http://localhost:3013/_next/static/chunks/node_modules_next_dist_compiled_react-dom_1e674e59._.js:8683:316)
    at commitPassiveMountOnFiber (http://localhost:3013/_next/static/chunks/node_modules_next_dist_compiled_react-dom_1e674e59._.js:8757:17)
    at recursivelyTraversePassiveMountEffects (http://localhost:3013/_next/static/chunks/node_modules_next_dist_compiled_react-dom_1e674e59._.js:8683:316)
    at commitPassiveMountOnFiber (http://localhost:3013/_next/static/chunks/node_modules_next_dist_compiled_react-dom_1e674e59._.js:8695:17)
    at recursivelyTraversePassiveMountEffects (http://localhost:3013/_next/static/chunks/node_modules_next_dist_compiled_react-dom_1e674e59._.js:8683:316)
    at commitPassiveMountOnFiber (http://localhost:3013/_next/static/chunks/node_modules_next_dist_compiled_react-dom_1e674e59._.js:8700:17) @ chrome-extension://gipfclelhppmafdlajajjkfepiiccnfd/content/console-capture.js:67
[  129680ms] [ERROR] Failed to load resource: net::ERR_CONNECTION_REFUSED @ http://localhost:4747/health:0
[  132743ms] [ERROR] WebSocket connection to 'ws://localhost:3013/_next/webpack-hmr?id=JuP4a-qq2eAwBJOcqhDEX' failed:  @ chrome-extension://gipfclelhppmafdlajajjkfepiiccnfd/content/console-capture.js:90
[  139648ms] [ERROR] Failed to load resource: net::ERR_CONNECTION_REFUSED @ http://localhost:4747/health:0
[  141700ms] [ERROR] WebSocket connection to 'ws://localhost:3013/_next/webpack-hmr?id=JuP4a-qq2eAwBJOcqhDEX' failed:  @ chrome-extension://gipfclelhppmafdlajajjkfepiiccnfd/content/console-capture.js:90
[  149659ms] [ERROR] Failed to load resource: net::ERR_CONNECTION_REFUSED @ http://localhost:4747/health:0
[  152916ms] [ERROR] WebSocket connection to 'ws://localhost:3013/_next/webpack-hmr?id=JuP4a-qq2eAwBJOcqhDEX' failed:  @ chrome-extension://gipfclelhppmafdlajajjkfepiiccnfd/content/console-capture.js:90
[  158231ms] [ERROR] WebSocket connection to 'ws://localhost:3013/_next/webpack-hmr?id=JuP4a-qq2eAwBJOcqhDEX' failed:  @ chrome-extension://gipfclelhppmafdlajajjkfepiiccnfd/content/console-capture.js:90
[  159661ms] [ERROR] Failed to load resource: net::ERR_CONNECTION_REFUSED @ http://localhost:4747/health:0
[  165827ms] [ERROR] WebSocket connection to 'ws://localhost:3013/_next/webpack-hmr?id=JuP4a-qq2eAwBJOcqhDEX' failed:  @ chrome-extension://gipfclelhppmafdlajajjkfepiiccnfd/content/console-capture.js:90
[  169671ms] [ERROR] Failed to load resource: net::ERR_CONNECTION_REFUSED @ http://localhost:4747/health:0
[  172864ms] [ERROR] WebSocket connection to 'ws://localhost:3013/_next/webpack-hmr?id=JuP4a-qq2eAwBJOcqhDEX' failed:  @ chrome-extension://gipfclelhppmafdlajajjkfepiiccnfd/content/console-capture.js:90
[  177892ms] [ERROR] Failed to load resource: net::ERR_CONNECTION_REFUSED @ http://localhost:4747/health:0
[  184029ms] [ERROR] WebSocket connection to 'ws://localhost:3013/_next/webpack-hmr?id=JuP4a-qq2eAwBJOcqhDEX' failed:  @ chrome-extension://gipfclelhppmafdlajajjkfepiiccnfd/content/console-capture.js:90
[  187938ms] [ERROR] Failed to load resource: net::ERR_CONNECTION_REFUSED @ http://localhost:4747/health:0
[  193322ms] [ERROR] WebSocket connection to 'ws://localhost:3013/_next/webpack-hmr?id=JuP4a-qq2eAwBJOcqhDEX' failed:  @ chrome-extension://gipfclelhppmafdlajajjkfepiiccnfd/content/console-capture.js:90
[  197911ms] [ERROR] Failed to load resource: net::ERR_CONNECTION_REFUSED @ http://localhost:4747/health:0
[  204542ms] [ERROR] WebSocket connection to 'ws://localhost:3013/_next/webpack-hmr?id=JuP4a-qq2eAwBJOcqhDEX' failed:  @ chrome-extension://gipfclelhppmafdlajajjkfepiiccnfd/content/console-capture.js:90
[  209977ms] [ERROR] Failed to load resource: net::ERR_CONNECTION_REFUSED @ http://localhost:4747/health:0
[  218098ms] [ERROR] WebSocket connection to 'ws://localhost:3013/_next/webpack-hmr?id=JuP4a-qq2eAwBJOcqhDEX' failed:  @ chrome-extension://gipfclelhppmafdlajajjkfepiiccnfd/content/console-capture.js:90
[  219995ms] [ERROR] Failed to load resource: net::ERR_CONNECTION_REFUSED @ http://localhost:4747/health:0
[  229982ms] [ERROR] Failed to load resource: net::ERR_CONNECTION_REFUSED @ http://localhost:4747/health:0
[  231061ms] [ERROR] WebSocket connection to 'ws://localhost:3013/_next/webpack-hmr?id=JuP4a-qq2eAwBJOcqhDEX' failed:  @ chrome-extension://gipfclelhppmafdlajajjkfepiiccnfd/content/console-capture.js:90
[  240009ms] [ERROR] Failed to load resource: net::ERR_CONNECTION_REFUSED @ http://localhost:4747/health:0
[  240496ms] [ERROR] WebSocket connection to 'ws://localhost:3013/_next/webpack-hmr?id=JuP4a-qq2eAwBJOcqhDEX' failed:  @ chrome-extension://gipfclelhppmafdlajajjkfepiiccnfd/content/console-capture.js:90
[  249845ms] [ERROR] WebSocket connection to 'ws://localhost:3013/_next/webpack-hmr?id=JuP4a-qq2eAwBJOcqhDEX' failed:  @ chrome-extension://gipfclelhppmafdlajajjkfepiiccnfd/content/console-capture.js:90
[  250044ms] [ERROR] Failed to load resource: net::ERR_CONNECTION_REFUSED @ http://localhost:4747/sessions:0
[  250044ms] [WARNING] [Agentation] Failed to initialize session, using local storage: TypeError: Failed to fetch
    at createSession (http://localhost:3013/_next/static/chunks/node_modules_agentation_dist_index_mjs_a4d7dd5f._.js:2389:28)
    at PageFeedbackToolbarCSS.useEffect2.initSession (http://localhost:3013/_next/static/chunks/node_modules_agentation_dist_index_mjs_a4d7dd5f._.js:3624:51)
    at PageFeedbackToolbarCSS.useEffect2 (http://localhost:3013/_next/static/chunks/node_modules_agentation_dist_index_mjs_a4d7dd5f._.js:3690:13)
    at Object.react_stack_bottom_frame (http://localhost:3013/_next/static/chunks/node_modules_next_dist_compiled_react-dom_1e674e59._.js:14876:22)
    at runWithFiberInDEV (http://localhost:3013/_next/static/chunks/node_modules_next_dist_compiled_react-dom_1e674e59._.js:965:74)
    at commitHookEffectListMount (http://localhost:3013/_next/static/chunks/node_modules_next_dist_compiled_react-dom_1e674e59._.js:7266:167)
    at commitHookPassiveMountEffects (http://localhost:3013/_next/static/chunks/node_modules_next_dist_compiled_react-dom_1e674e59._.js:7301:60)
    at commitPassiveMountOnFiber (http://localhost:3013/_next/static/chunks/node_modules_next_dist_compiled_react-dom_1e674e59._.js:8696:33)
    at recursivelyTraversePassiveMountEffects (http://localhost:3013/_next/static/chunks/node_modules_next_dist_compiled_react-dom_1e674e59._.js:8683:316)
    at commitPassiveMountOnFiber (http://localhost:3013/_next/static/chunks/node_modules_next_dist_compiled_react-dom_1e674e59._.js:8757:17)
    at recursivelyTraversePassiveMountEffects (http://localhost:3013/_next/static/chunks/node_modules_next_dist_compiled_react-dom_1e674e59._.js:8683:316)
    at commitPassiveMountOnFiber (http://localhost:3013/_next/static/chunks/node_modules_next_dist_compiled_react-dom_1e674e59._.js:8757:17)
    at recursivelyTraversePassiveMountEffects (http://localhost:3013/_next/static/chunks/node_modules_next_dist_compiled_react-dom_1e674e59._.js:8683:316)
    at commitPassiveMountOnFiber (http://localhost:3013/_next/static/chunks/node_modules_next_dist_compiled_react-dom_1e674e59._.js:8757:17)
    at recursivelyTraversePassiveMountEffects (http://localhost:3013/_next/static/chunks/node_modules_next_dist_compiled_react-dom_1e674e59._.js:8683:316)
    at commitPassiveMountOnFiber (http://localhost:3013/_next/static/chunks/node_modules_next_dist_compiled_react-dom_1e674e59._.js:8695:17)
    at recursivelyTraversePassiveMountEffects (http://localhost:3013/_next/static/chunks/node_modules_next_dist_compiled_react-dom_1e674e59._.js:8683:316)
    at commitPassiveMountOnFiber (http://localhost:3013/_next/static/chunks/node_modules_next_dist_compiled_react-dom_1e674e59._.js:8695:17)
    at recursivelyTraversePassiveMountEffects (http://localhost:3013/_next/static/chunks/node_modules_next_dist_compiled_react-dom_1e674e59._.js:8683:316)
    at commitPassiveMountOnFiber (http://localhost:3013/_next/static/chunks/node_modules_next_dist_compiled_react-dom_1e674e59._.js:8700:17)
    at recursivelyTraversePassiveMountEffects (http://localhost:3013/_next/static/chunks/node_modules_next_dist_compiled_react-dom_1e674e59._.js:8683:316)
    at commitPassiveMountOnFiber (http://localhost:3013/_next/static/chunks/node_modules_next_dist_compiled_react-dom_1e674e59._.js:8695:17)
    at recursivelyTraversePassiveMountEffects (http://localhost:3013/_next/static/chunks/node_modules_next_dist_compiled_react-dom_1e674e59._.js:8683:316)
    at commitPassiveMountOnFiber (http://localhost:3013/_next/static/chunks/node_modules_next_dist_compiled_react-dom_1e674e59._.js:8700:17)
    at recursivelyTraversePassiveMountEffects (http://localhost:3013/_next/static/chunks/node_modules_next_dist_compiled_react-dom_1e674e59._.js:8683:316)
    at commitPassiveMountOnFiber (http://localhost:3013/_next/static/chunks/node_modules_next_dist_compiled_react-dom_1e674e59._.js:8695:17)
    at recursivelyTraversePassiveMountEffects (http://localhost:3013/_next/static/chunks/node_modules_next_dist_compiled_react-dom_1e674e59._.js:8683:316)
    at commitPassiveMountOnFiber (http://localhost:3013/_next/static/chunks/node_modules_next_dist_compiled_react-dom_1e674e59._.js:8695:17)
    at recursivelyTraversePassiveMountEffects (http://localhost:3013/_next/static/chunks/node_modules_next_dist_compiled_react-dom_1e674e59._.js:8683:316)
    at commitPassiveMountOnFiber (http://localhost:3013/_next/static/chunks/node_modules_next_dist_compiled_react-dom_1e674e59._.js:8700:17)
    at recursivelyTraversePassiveMountEffects (http://localhost:3013/_next/static/chunks/node_modules_next_dist_compiled_react-dom_1e674e59._.js:8683:316)
    at commitPassiveMountOnFiber (http://localhost:3013/_next/static/chunks/node_modules_next_dist_compiled_react-dom_1e674e59._.js:8695:17)
    at recursivelyTraversePassiveMountEffects (http://localhost:3013/_next/static/chunks/node_modules_next_dist_compiled_react-dom_1e674e59._.js:8683:316)
    at commitPassiveMountOnFiber (http://localhost:3013/_next/static/chunks/node_modules_next_dist_compiled_react-dom_1e674e59._.js:8757:17)
    at recursivelyTraversePassiveMountEffects (http://localhost:3013/_next/static/chunks/node_modules_next_dist_compiled_react-dom_1e674e59._.js:8683:316)
    at commitPassiveMountOnFiber (http://localhost:3013/_next/static/chunks/node_modules_next_dist_compiled_react-dom_1e674e59._.js:8757:17)
    at recursivelyTraversePassiveMountEffects (http://localhost:3013/_next/static/chunks/node_modules_next_dist_compiled_react-dom_1e674e59._.js:8683:316)
    at commitPassiveMountOnFiber (http://localhost:3013/_next/static/chunks/node_modules_next_dist_compiled_react-dom_1e674e59._.js:8757:17)
    at recursivelyTraversePassiveMountEffects (http://localhost:3013/_next/static/chunks/node_modules_next_dist_compiled_react-dom_1e674e59._.js:8683:316)
    at commitPassiveMountOnFiber (http://localhost:3013/_next/static/chunks/node_modules_next_dist_compiled_react-dom_1e674e59._.js:8757:17)
    at recursivelyTraversePassiveMountEffects (http://localhost:3013/_next/static/chunks/node_modules_next_dist_compiled_react-dom_1e674e59._.js:8683:316)
    at commitPassiveMountOnFiber (http://localhost:3013/_next/static/chunks/node_modules_next_dist_compiled_react-dom_1e674e59._.js:8757:17)
    at recursivelyTraversePassiveMountEffects (http://localhost:3013/_next/static/chunks/node_modules_next_dist_compiled_react-dom_1e674e59._.js:8683:316)
    at commitPassiveMountOnFiber (http://localhost:3013/_next/static/chunks/node_modules_next_dist_compiled_react-dom_1e674e59._.js:8757:17)
    at recursivelyTraversePassiveMountEffects (http://localhost:3013/_next/static/chunks/node_modules_next_dist_compiled_react-dom_1e674e59._.js:8683:316)
    at commitPassiveMountOnFiber (http://localhost:3013/_next/static/chunks/node_modules_next_dist_compiled_react-dom_1e674e59._.js:8757:17)
    at recursivelyTraversePassiveMountEffects (http://localhost:3013/_next/static/chunks/node_modules_next_dist_compiled_react-dom_1e674e59._.js:8683:316)
    at commitPassiveMountOnFiber (http://localhost:3013/_next/static/chunks/node_modules_next_dist_compiled_react-dom_1e674e59._.js:8695:17)
    at recursivelyTraversePassiveMountEffects (http://localhost:3013/_next/static/chunks/node_modules_next_dist_compiled_react-dom_1e674e59._.js:8683:316)
    at commitPassiveMountOnFiber (http://localhost:3013/_next/static/chunks/node_modules_next_dist_compiled_react-dom_1e674e59._.js:8700:17) @ chrome-extension://gipfclelhppmafdlajajjkfepiiccnfd/content/console-capture.js:67
[  250054ms] [WARNING] <meta name="apple-mobile-web-app-capable" content="yes"> is deprecated. Please include <meta name="mobile-web-app-capable" content="yes"> @ http://localhost:3013/:0
[  250087ms] [ERROR] Failed to load resource: the server responded with a status of 403 () @ https://www.googleapis.com/youtube/v3/search?part=snippet&q=%EC%8B%A4%EC%8B%9C%EA%B0%84%20%20%EB%82%9A%EC%8B%9C%20%EC%A1%B0%EA%B3%BC&type=video&maxResults=8&order=date&relevanceLanguage=ko&key=AIzaSyBU6IJpzRYutQCdanQOi0ZEy_sgtTeaAlY:0
[  250088ms] [WARNING] YouTube API returned 403, using mock data @ chrome-extension://gipfclelhppmafdlajajjkfepiiccnfd/content/console-capture.js:67
[  250246ms] [ERROR] Failed to load resource: net::ERR_CONNECTION_REFUSED @ http://localhost:4747/health:0
[  252211ms] [ERROR] Failed to load resource: net::ERR_FAILED @ http://localhost:3013/api/naver?type=blog&query=%EB%82%9A%EC%8B%9C%20%EC%A1%B0%ED%96%89%EA%B8%B0&display=15&sort=date:0
[  252211ms] [ERROR] Failed to load resource: net::ERR_FAILED @ http://localhost:3013/api/naver?type=news&query=%EB%82%9A%EC%8B%9C%20%EC%A1%B0%ED%96%89%EA%B8%B0&display=15&sort=date:0
[  254542ms] [ERROR] Failed to load resource: net::ERR_FAILED @ http://localhost:3013/api/tide?pageNo=1&numOfRows=10&obs_post_id=DT_0018&date=20260315:0
[  254542ms] [WARNING] Tide API proxy failed. @ chrome-extension://gipfclelhppmafdlajajjkfepiiccnfd/content/console-capture.js:67
[  257190ms] [ERROR] WebSocket connection to 'ws://localhost:3013/_next/webpack-hmr?id=JuP4a-qq2eAwBJOcqhDEX' failed:  @ chrome-extension://gipfclelhppmafdlajajjkfepiiccnfd/content/console-capture.js:90
[  260037ms] [ERROR] Failed to load resource: net::ERR_CONNECTION_REFUSED @ http://localhost:4747/health:0
[  265163ms] [ERROR] WebSocket connection to 'ws://localhost:3013/_next/webpack-hmr?id=JuP4a-qq2eAwBJOcqhDEX' failed:  @ chrome-extension://gipfclelhppmafdlajajjkfepiiccnfd/content/console-capture.js:90
[  272357ms] [ERROR] Failed to load resource: net::ERR_CONNECTION_REFUSED @ http://localhost:4747/health:0
[  276225ms] [ERROR] WebSocket connection to 'ws://localhost:3013/_next/webpack-hmr?id=JuP4a-qq2eAwBJOcqhDEX' failed:  @ chrome-extension://gipfclelhppmafdlajajjkfepiiccnfd/content/console-capture.js:90
[  281475ms] [ERROR] WebSocket connection to 'ws://localhost:3013/_next/webpack-hmr?id=JuP4a-qq2eAwBJOcqhDEX' failed:  @ chrome-extension://gipfclelhppmafdlajajjkfepiiccnfd/content/console-capture.js:90
[  282310ms] [ERROR] Failed to load resource: net::ERR_CONNECTION_REFUSED @ http://localhost:4747/health:0
[  289508ms] [ERROR] WebSocket connection to 'ws://localhost:3013/_next/webpack-hmr?id=JuP4a-qq2eAwBJOcqhDEX' failed:  @ chrome-extension://gipfclelhppmafdlajajjkfepiiccnfd/content/console-capture.js:90
[  292323ms] [ERROR] Failed to load resource: net::ERR_CONNECTION_REFUSED @ http://localhost:4747/health:0
[  295334ms] [ERROR] WebSocket connection to 'ws://localhost:3013/_next/webpack-hmr?id=JuP4a-qq2eAwBJOcqhDEX' failed:  @ chrome-extension://gipfclelhppmafdlajajjkfepiiccnfd/content/console-capture.js:90
[  302323ms] [ERROR] Failed to load resource: net::ERR_CONNECTION_REFUSED @ http://localhost:4747/health:0
[  303840ms] [ERROR] WebSocket connection to 'ws://localhost:3013/_next/webpack-hmr?id=JuP4a-qq2eAwBJOcqhDEX' failed:  @ chrome-extension://gipfclelhppmafdlajajjkfepiiccnfd/content/console-capture.js:90
[  312298ms] [ERROR] Failed to load resource: net::ERR_CONNECTION_REFUSED @ http://localhost:4747/health:0
[  315689ms] [ERROR] WebSocket connection to 'ws://localhost:3013/_next/webpack-hmr?id=JuP4a-qq2eAwBJOcqhDEX' failed:  @ chrome-extension://gipfclelhppmafdlajajjkfepiiccnfd/content/console-capture.js:90
[  322307ms] [ERROR] Failed to load resource: net::ERR_CONNECTION_REFUSED @ http://localhost:4747/health:0
[  325887ms] [ERROR] WebSocket connection to 'ws://localhost:3013/_next/webpack-hmr?id=JuP4a-qq2eAwBJOcqhDEX' failed:  @ chrome-extension://gipfclelhppmafdlajajjkfepiiccnfd/content/console-capture.js:90
