[   -6018ms] [ERROR] WebSocket connection to 'ws://localhost:3002/_next/webpack-hmr?id=ELLmHQXojhANp4TmECm9Y' failed:  @ chrome-extension://gipfclelhppmafdlajajjkfepiiccnfd/content/console-capture.js:90
[ -667310ms] [ERROR] Failed to load resource: the server responded with a status of 404 () @ https://adsense.google.com/favicon.ico:0
[    1348ms] [ERROR] WebSocket connection to 'ws://localhost:3002/_next/webpack-hmr?id=ELLmHQXojhANp4TmECm9Y' failed:  @ chrome-extension://gipfclelhppmafdlajajjkfepiiccnfd/content/console-capture.js:90
[    9390ms] [ERROR] WebSocket connection to 'ws://localhost:3002/_next/webpack-hmr?id=ELLmHQXojhANp4TmECm9Y' failed:  @ chrome-extension://gipfclelhppmafdlajajjkfepiiccnfd/content/console-capture.js:90
[   16114ms] [ERROR] WebSocket connection to 'ws://localhost:3002/_next/webpack-hmr?id=ELLmHQXojhANp4TmECm9Y' failed:  @ chrome-extension://gipfclelhppmafdlajajjkfepiiccnfd/content/console-capture.js:90
[   20951ms] [ERROR] WebSocket connection to 'ws://localhost:3002/_next/webpack-hmr?id=ELLmHQXojhANp4TmECm9Y' failed:  @ chrome-extension://gipfclelhppmafdlajajjkfepiiccnfd/content/console-capture.js:90
[   26600ms] [ERROR] WebSocket connection to 'ws://localhost:3002/_next/webpack-hmr?id=ELLmHQXojhANp4TmECm9Y' failed:  @ chrome-extension://gipfclelhppmafdlajajjkfepiiccnfd/content/console-capture.js:90
[   37131ms] [ERROR] WebSocket connection to 'ws://localhost:3002/_next/webpack-hmr?id=ELLmHQXojhANp4TmECm9Y' failed:  @ chrome-extension://gipfclelhppmafdlajajjkfepiiccnfd/content/console-capture.js:90
[   44478ms] [ERROR] WebSocket connection to 'ws://localhost:3002/_next/webpack-hmr?id=ELLmHQXojhANp4TmECm9Y' failed:  @ chrome-extension://gipfclelhppmafdlajajjkfepiiccnfd/content/console-capture.js:90
[   51821ms] [ERROR] WebSocket connection to 'ws://localhost:3002/_next/webpack-hmr?id=ELLmHQXojhANp4TmECm9Y' failed:  @ chrome-extension://gipfclelhppmafdlajajjkfepiiccnfd/content/console-capture.js:90
[   59180ms] [ERROR] WebSocket connection to 'ws://localhost:3002/_next/webpack-hmr?id=ELLmHQXojhANp4TmECm9Y' failed:  @ chrome-extension://gipfclelhppmafdlajajjkfepiiccnfd/content/console-capture.js:90
[   66516ms] [ERROR] WebSocket connection to 'ws://localhost:3002/_next/webpack-hmr?id=ELLmHQXojhANp4TmECm9Y' failed:  @ chrome-extension://gipfclelhppmafdlajajjkfepiiccnfd/content/console-capture.js:90
[   73885ms] [ERROR] WebSocket connection to 'ws://localhost:3002/_next/webpack-hmr?id=ELLmHQXojhANp4TmECm9Y' failed:  @ chrome-extension://gipfclelhppmafdlajajjkfepiiccnfd/content/console-capture.js:90
[   81241ms] [ERROR] WebSocket connection to 'ws://localhost:3002/_next/webpack-hmr?id=ELLmHQXojhANp4TmECm9Y' failed:  @ chrome-extension://gipfclelhppmafdlajajjkfepiiccnfd/content/console-capture.js:90
[   85340ms] [ERROR] WebSocket connection to 'ws://localhost:3002/_next/webpack-hmr?id=ELLmHQXojhANp4TmECm9Y' failed:  @ chrome-extension://gipfclelhppmafdlajajjkfepiiccnfd/content/console-capture.js:90
[   88679ms] [ERROR] WebSocket connection to 'ws://localhost:3002/_next/webpack-hmr?id=ELLmHQXojhANp4TmECm9Y' failed:  @ chrome-extension://gipfclelhppmafdlajajjkfepiiccnfd/content/console-capture.js:90
[   92022ms] [ERROR] WebSocket connection to 'ws://localhost:3002/_next/webpack-hmr?id=ELLmHQXojhANp4TmECm9Y' failed:  @ chrome-extension://gipfclelhppmafdlajajjkfepiiccnfd/content/console-capture.js:90
[   95391ms] [ERROR] WebSocket connection to 'ws://localhost:3002/_next/webpack-hmr?id=ELLmHQXojhANp4TmECm9Y' failed:  @ chrome-extension://gipfclelhppmafdlajajjkfepiiccnfd/content/console-capture.js:90
[   99479ms] [ERROR] WebSocket connection to 'ws://localhost:3002/_next/webpack-hmr?id=ELLmHQXojhANp4TmECm9Y' failed:  @ chrome-extension://gipfclelhppmafdlajajjkfepiiccnfd/content/console-capture.js:90
[  102881ms] [ERROR] WebSocket connection to 'ws://localhost:3002/_next/webpack-hmr?id=ELLmHQXojhANp4TmECm9Y' failed:  @ chrome-extension://gipfclelhppmafdlajajjkfepiiccnfd/content/console-capture.js:90
[  110498ms] [ERROR] WebSocket connection to 'ws://localhost:3002/_next/webpack-hmr?id=ELLmHQXojhANp4TmECm9Y' failed:  @ chrome-extension://gipfclelhppmafdlajajjkfepiiccnfd/content/console-capture.js:90
[  118397ms] [ERROR] WebSocket connection to 'ws://localhost:3002/_next/webpack-hmr?id=ELLmHQXojhANp4TmECm9Y' failed:  @ chrome-extension://gipfclelhppmafdlajajjkfepiiccnfd/content/console-capture.js:90
[  127143ms] [ERROR] WebSocket connection to 'ws://localhost:3002/_next/webpack-hmr?id=ELLmHQXojhANp4TmECm9Y' failed:  @ chrome-extension://gipfclelhppmafdlajajjkfepiiccnfd/content/console-capture.js:90
[  138028ms] [ERROR] WebSocket connection to 'ws://localhost:3002/_next/webpack-hmr?id=ELLmHQXojhANp4TmECm9Y' failed:  @ chrome-extension://gipfclelhppmafdlajajjkfepiiccnfd/content/console-capture.js:90
[  148879ms] [ERROR] WebSocket connection to 'ws://localhost:3002/_next/webpack-hmr?id=ELLmHQXojhANp4TmECm9Y' failed:  @ chrome-extension://gipfclelhppmafdlajajjkfepiiccnfd/content/console-capture.js:90
[  158382ms] [ERROR] WebSocket connection to 'ws://localhost:3002/_next/webpack-hmr?id=ELLmHQXojhANp4TmECm9Y' failed:  @ chrome-extension://gipfclelhppmafdlajajjkfepiiccnfd/content/console-capture.js:90
[  166188ms] [ERROR] WebSocket connection to 'ws://localhost:3002/_next/webpack-hmr?id=ELLmHQXojhANp4TmECm9Y' failed:  @ chrome-extension://gipfclelhppmafdlajajjkfepiiccnfd/content/console-capture.js:90
[  170412ms] [ERROR] WebSocket connection to 'ws://localhost:3002/_next/webpack-hmr?id=ELLmHQXojhANp4TmECm9Y' failed:  @ chrome-extension://gipfclelhppmafdlajajjkfepiiccnfd/content/console-capture.js:90
[  173759ms] [ERROR] WebSocket connection to 'ws://localhost:3002/_next/webpack-hmr?id=ELLmHQXojhANp4TmECm9Y' failed:  @ chrome-extension://gipfclelhppmafdlajajjkfepiiccnfd/content/console-capture.js:90
[  178149ms] [ERROR] WebSocket connection to 'ws://localhost:3002/_next/webpack-hmr?id=ELLmHQXojhANp4TmECm9Y' failed:  @ chrome-extension://gipfclelhppmafdlajajjkfepiiccnfd/content/console-capture.js:90
[  181461ms] [ERROR] WebSocket connection to 'ws://localhost:3002/_next/webpack-hmr?id=ELLmHQXojhANp4TmECm9Y' failed:  @ chrome-extension://gipfclelhppmafdlajajjkfepiiccnfd/content/console-capture.js:90
[  185553ms] [ERROR] WebSocket connection to 'ws://localhost:3002/_next/webpack-hmr?id=ELLmHQXojhANp4TmECm9Y' failed:  @ chrome-extension://gipfclelhppmafdlajajjkfepiiccnfd/content/console-capture.js:90
[  188886ms] [ERROR] WebSocket connection to 'ws://localhost:3002/_next/webpack-hmr?id=ELLmHQXojhANp4TmECm9Y' failed:  @ chrome-extension://gipfclelhppmafdlajajjkfepiiccnfd/content/console-capture.js:90
[  196239ms] [ERROR] WebSocket connection to 'ws://localhost:3002/_next/webpack-hmr?id=ELLmHQXojhANp4TmECm9Y' failed:  @ chrome-extension://gipfclelhppmafdlajajjkfepiiccnfd/content/console-capture.js:90
[  203594ms] [ERROR] WebSocket connection to 'ws://localhost:3002/_next/webpack-hmr?id=ELLmHQXojhANp4TmECm9Y' failed:  @ chrome-extension://gipfclelhppmafdlajajjkfepiiccnfd/content/console-capture.js:90
[  212289ms] [ERROR] WebSocket connection to 'ws://localhost:3002/_next/webpack-hmr?id=ELLmHQXojhANp4TmECm9Y' failed:  @ chrome-extension://gipfclelhppmafdlajajjkfepiiccnfd/content/console-capture.js:90
[  219668ms] [ERROR] WebSocket connection to 'ws://localhost:3002/_next/webpack-hmr?id=ELLmHQXojhANp4TmECm9Y' failed:  @ chrome-extension://gipfclelhppmafdlajajjkfepiiccnfd/content/console-capture.js:90
[  227162ms] [ERROR] WebSocket connection to 'ws://localhost:3002/_next/webpack-hmr?id=ELLmHQXojhANp4TmECm9Y' failed:  @ chrome-extension://gipfclelhppmafdlajajjkfepiiccnfd/content/console-capture.js:90
[  234740ms] [ERROR] WebSocket connection to 'ws://localhost:3002/_next/webpack-hmr?id=ELLmHQXojhANp4TmECm9Y' failed:  @ chrome-extension://gipfclelhppmafdlajajjkfepiiccnfd/content/console-capture.js:90
[  243686ms] [ERROR] WebSocket connection to 'ws://localhost:3002/_next/webpack-hmr?id=ELLmHQXojhANp4TmECm9Y' failed:  @ chrome-extension://gipfclelhppmafdlajajjkfepiiccnfd/content/console-capture.js:90
[  246801ms] [ERROR] WebSocket connection to 'ws://localhost:3002/_next/webpack-hmr?id=ELLmHQXojhANp4TmECm9Y' failed:  @ chrome-extension://gipfclelhppmafdlajajjkfepiiccnfd/content/console-capture.js:90
[  251005ms] [ERROR] WebSocket connection to 'ws://localhost:3002/_next/webpack-hmr?id=ELLmHQXojhANp4TmECm9Y' failed:  @ chrome-extension://gipfclelhppmafdlajajjkfepiiccnfd/content/console-capture.js:90
